TN:
SF:src/App.tsx
FN:19,ProtectedRoute
FN:23,(anonymous_1)
FN:25,(anonymous_2)
FN:32,(anonymous_3)
FN:40,(anonymous_4)
FN:54,AdminRoute
FN:60,AnimatedRoutes
FN:95,App
FNF:8
FNH:5
FNDA:3,ProtectedRoute
FNDA:3,(anonymous_1)
FNDA:0,(anonymous_2)
FNDA:0,(anonymous_3)
FNDA:2,(anonymous_4)
FNDA:0,AdminRoute
FNDA:2,AnimatedRoutes
FNDA:3,App
DA:17,1
DA:20,3
DA:21,3
DA:23,3
DA:24,3
DA:25,2
DA:26,0
DA:33,0
DA:34,0
DA:35,0
DA:36,0
DA:37,0
DA:40,2
DA:43,3
DA:44,0
DA:50,3
DA:51,2
DA:55,0
DA:56,0
DA:57,0
DA:61,2
DA:62,2
DA:96,3
LF:23
LH:13
BRDA:24,0,0,1
BRDA:24,0,1,2
BRDA:43,1,0,0
BRDA:43,1,1,3
BRDA:50,2,0,1
BRDA:50,2,1,2
BRDA:56,3,0,0
BRDA:56,3,1,0
BRF:8
BRH:5
end_of_record
TN:
SF:src/auth.tsx
FN:26,AuthProvider
FN:30,(anonymous_1)
FN:35,(anonymous_2)
FN:36,(anonymous_3)
FN:42,(anonymous_4)
FN:49,(anonymous_5)
FN:62,useAuth
FNF:7
FNH:5
FNDA:6,AuthProvider
FNDA:2,(anonymous_1)
FNDA:0,(anonymous_2)
FNDA:0,(anonymous_3)
FNDA:1,(anonymous_4)
FNDA:1,(anonymous_5)
FNDA:5,useAuth
DA:24,1
DA:27,6
DA:28,6
DA:30,6
DA:31,2
DA:32,2
DA:33,0
DA:35,0
DA:36,0
DA:38,2
DA:42,6
DA:43,1
DA:44,1
DA:45,1
DA:46,1
DA:49,6
DA:50,1
DA:51,1
DA:52,1
DA:55,6
DA:63,5
DA:64,5
DA:65,5
LF:23
LH:20
BRDA:32,0,0,0
BRDA:32,0,1,2
BRDA:64,1,0,0
BRDA:64,1,1,5
BRF:4
BRH:2
end_of_record
TN:
SF:src/autoRefresh.ts
FN:9,readAutoRefreshEnabled
FN:16,writeAutoRefreshEnabled
FN:21,readAutoRefreshIntervalMinutes
FN:31,writeAutoRefreshIntervalMinutes
FNF:4
FNH:0
FNDA:0,readAutoRefreshEnabled
FNDA:0,writeAutoRefreshEnabled
FNDA:0,readAutoRefreshIntervalMinutes
FNDA:0,writeAutoRefreshIntervalMinutes
DA:1,0
DA:2,0
DA:3,0
DA:6,0
DA:7,0
DA:10,0
DA:11,0
DA:12,0
DA:13,0
DA:17,0
DA:18,0
DA:22,0
DA:23,0
DA:24,0
DA:25,0
DA:26,0
DA:28,0
DA:32,0
DA:33,0
LF:19
LH:0
BRDA:10,0,0,0
BRDA:10,0,1,0
BRDA:12,1,0,0
BRDA:12,1,1,0
BRDA:17,2,0,0
BRDA:17,2,1,0
BRDA:22,3,0,0
BRDA:22,3,1,0
BRDA:25,4,0,0
BRDA:25,4,1,0
BRDA:32,5,0,0
BRDA:32,5,1,0
BRF:12
BRH:0
end_of_record
TN:
SF:src/client.ts
FN:8,(anonymous_0)
FN:17,(anonymous_1)
FN:18,(anonymous_2)
FN:31,login
FN:41,logout
FN:49,getMe
FN:71,getUsers
FN:76,createUser
FN:86,updateUser
FN:94,deleteUser
FN:120,getEventLogs
FN:138,getNetSupportHelperDownloadUrl
FN:206,getServiceFlowMap
FN:211,getServiceFlowTimeseries
FN:270,getTonerPredictions
FN:277,getOfflineRiskPredictions
FN:286,getMLModelStatus
FN:291,runMLCycle
FN:322,getCashRegisters
FN:329,createCashRegister
FN:346,updateCashRegister
FN:351,deleteCashRegister
FN:355,pollCashRegister
FN:360,pollAllCashRegisters
FN:365,getCashRegistersExportUrl
FN:404,getPrinters
FN:411,createPrinter
FN:428,updatePrinter
FN:433,deletePrinter
FN:437,pollPrinter
FN:442,pollAllPrinters
FN:494,startScan
FN:499,getScanStatus
FN:504,getScanResults
FN:509,getScannerSettings
FN:514,addDiscoveredPrinter
FN:525,updatePrinterIp
FN:532,startIconbitDiscoveryScan
FN:537,getIconbitDiscoveryResults
FN:542,addDiscoveredIconbit
FN:552,updateDiscoveredIconbitIp
FN:559,startSwitchDiscoveryScan
FN:564,getSwitchDiscoveryResults
FN:569,addDiscoveredSwitch
FN:579,updateDiscoveredSwitchIp
FN:611,getMediaPlayers
FN:619,createMediaPlayer
FN:631,updateMediaPlayer
FN:636,deleteMediaPlayer
FN:640,pollMediaPlayer
FN:645,rediscoverMediaPlayers
FN:650,pollAllMediaPlayers
FN:669,getIconbitStatus
FN:674,iconbitPlay
FN:679,iconbitStop
FN:684,iconbitPlayFile
FN:689,iconbitDeleteFile
FN:694,iconbitUpload
FN:703,iconbitBulkPlay
FN:708,iconbitBulkStop
FN:713,iconbitBulkUpload
FN:722,iconbitBulkDeleteFile
FN:727,iconbitBulkPlayFile
FN:732,iconbitBulkReplace
FN:809,getSwitches
FN:816,createSwitch
FN:834,updateSwitch
FN:839,deleteSwitch
FN:843,pollSwitch
FN:848,pollAllSwitches
FN:852,getSwitchAPs
FN:857,rebootAP
FN:862,getSwitchPorts
FN:869,setSwitchPortAdminState
FN:875,setSwitchPortDescription
FN:881,setSwitchPortVlan
FN:887,setSwitchPortPoe
FN:893,setSwitchPortMode
FNF:78
FNH:2
FNDA:1,(anonymous_0)
FNDA:0,(anonymous_1)
FNDA:1,(anonymous_2)
FNDA:0,login
FNDA:0,logout
FNDA:0,getMe
FNDA:0,getUsers
FNDA:0,createUser
FNDA:0,updateUser
FNDA:0,deleteUser
FNDA:0,getEventLogs
FNDA:0,getNetSupportHelperDownloadUrl
FNDA:0,getServiceFlowMap
FNDA:0,getServiceFlowTimeseries
FNDA:0,getTonerPredictions
FNDA:0,getOfflineRiskPredictions
FNDA:0,getMLModelStatus
FNDA:0,runMLCycle
FNDA:0,getCashRegisters
FNDA:0,createCashRegister
FNDA:0,updateCashRegister
FNDA:0,deleteCashRegister
FNDA:0,pollCashRegister
FNDA:0,pollAllCashRegisters
FNDA:0,getCashRegistersExportUrl
FNDA:0,getPrinters
FNDA:0,createPrinter
FNDA:0,updatePrinter
FNDA:0,deletePrinter
FNDA:0,pollPrinter
FNDA:0,pollAllPrinters
FNDA:0,startScan
FNDA:0,getScanStatus
FNDA:0,getScanResults
FNDA:0,getScannerSettings
FNDA:0,addDiscoveredPrinter
FNDA:0,updatePrinterIp
FNDA:0,startIconbitDiscoveryScan
FNDA:0,getIconbitDiscoveryResults
FNDA:0,addDiscoveredIconbit
FNDA:0,updateDiscoveredIconbitIp
FNDA:0,startSwitchDiscoveryScan
FNDA:0,getSwitchDiscoveryResults
FNDA:0,addDiscoveredSwitch
FNDA:0,updateDiscoveredSwitchIp
FNDA:0,getMediaPlayers
FNDA:0,createMediaPlayer
FNDA:0,updateMediaPlayer
FNDA:0,deleteMediaPlayer
FNDA:0,pollMediaPlayer
FNDA:0,rediscoverMediaPlayers
FNDA:0,pollAllMediaPlayers
FNDA:0,getIconbitStatus
FNDA:0,iconbitPlay
FNDA:0,iconbitStop
FNDA:0,iconbitPlayFile
FNDA:0,iconbitDeleteFile
FNDA:0,iconbitUpload
FNDA:0,iconbitBulkPlay
FNDA:0,iconbitBulkStop
FNDA:0,iconbitBulkUpload
FNDA:0,iconbitBulkDeleteFile
FNDA:0,iconbitBulkPlayFile
FNDA:0,iconbitBulkReplace
FNDA:0,getSwitches
FNDA:0,createSwitch
FNDA:0,updateSwitch
FNDA:0,deleteSwitch
FNDA:0,pollSwitch
FNDA:0,pollAllSwitches
FNDA:0,getSwitchAPs
FNDA:0,rebootAP
FNDA:0,getSwitchPorts
FNDA:0,setSwitchPortAdminState
FNDA:0,setSwitchPortDescription
FNDA:0,setSwitchPortVlan
FNDA:0,setSwitchPortPoe
FNDA:0,setSwitchPortMode
DA:3,2
DA:8,2
DA:9,1
DA:10,1
DA:11,1
DA:13,1
DA:16,2
DA:17,0
DA:19,1
DA:20,1
DA:21,1
DA:23,1
DA:32,0
DA:33,0
DA:34,0
DA:35,0
DA:38,0
DA:42,0
DA:43,0
DA:50,0
DA:51,0
DA:72,0
DA:73,0
DA:82,0
DA:83,0
DA:90,0
DA:91,0
DA:95,0
DA:127,0
DA:131,0
DA:132,0
DA:133,0
DA:134,0
DA:135,0
DA:141,0
DA:207,0
DA:208,0
DA:218,0
DA:227,0
DA:271,0
DA:272,0
DA:273,0
DA:274,0
DA:278,0
DA:279,0
DA:280,0
DA:283,0
DA:287,0
DA:288,0
DA:292,0
DA:293,0
DA:323,0
DA:324,0
DA:325,0
DA:326,0
DA:342,0
DA:343,0
DA:347,0
DA:348,0
DA:352,0
DA:356,0
DA:357,0
DA:361,0
DA:362,0
DA:366,0
DA:367,0
DA:405,0
DA:406,0
DA:407,0
DA:408,0
DA:424,0
DA:425,0
DA:429,0
DA:430,0
DA:434,0
DA:438,0
DA:439,0
DA:443,0
DA:446,0
DA:495,0
DA:496,0
DA:500,0
DA:501,0
DA:505,0
DA:506,0
DA:510,0
DA:511,0
DA:521,0
DA:522,0
DA:526,0
DA:527,0
DA:528,0
DA:529,0
DA:533,0
DA:534,0
DA:538,0
DA:539,0
DA:548,0
DA:549,0
DA:553,0
DA:554,0
DA:555,0
DA:556,0
DA:560,0
DA:561,0
DA:565,0
DA:566,0
DA:575,0
DA:576,0
DA:580,0
DA:583,0
DA:612,0
DA:613,0
DA:614,0
DA:615,0
DA:616,0
DA:627,0
DA:628,0
DA:632,0
DA:633,0
DA:637,0
DA:641,0
DA:642,0
DA:646,0
DA:647,0
DA:651,0
DA:652,0
DA:653,0
DA:654,0
DA:670,0
DA:671,0
DA:675,0
DA:676,0
DA:680,0
DA:681,0
DA:685,0
DA:686,0
DA:690,0
DA:691,0
DA:695,0
DA:696,0
DA:697,0
DA:700,0
DA:704,0
DA:705,0
DA:709,0
DA:710,0
DA:714,0
DA:715,0
DA:716,0
DA:719,0
DA:723,0
DA:724,0
DA:728,0
DA:729,0
DA:733,0
DA:734,0
DA:735,0
DA:739,0
DA:810,0
DA:811,0
DA:812,0
DA:813,0
DA:830,0
DA:831,0
DA:835,0
DA:836,0
DA:840,0
DA:844,0
DA:845,0
DA:849,0
DA:853,0
DA:854,0
DA:858,0
DA:859,0
DA:863,0
DA:864,0
DA:865,0
DA:866,0
DA:870,0
DA:871,0
DA:872,0
DA:876,0
DA:877,0
DA:878,0
DA:882,0
DA:883,0
DA:884,0
DA:888,0
DA:889,0
DA:890,0
DA:903,0
DA:904,0
DA:905,0
LF:194
LH:11
BRDA:10,0,0,1
BRDA:10,0,1,0
BRDA:19,1,0,1
BRDA:19,1,1,0
BRDA:19,2,0,1
BRDA:19,2,1,0
BRDA:128,3,0,0
BRDA:128,3,1,0
BRDA:129,4,0,0
BRDA:129,4,1,0
BRDA:131,5,0,0
BRDA:131,5,1,0
BRDA:131,6,0,0
BRDA:131,6,1,0
BRDA:132,7,0,0
BRDA:132,7,1,0
BRDA:132,8,0,0
BRDA:132,8,1,0
BRDA:133,9,0,0
BRDA:133,9,1,0
BRDA:223,10,0,0
BRDA:223,10,1,0
BRDA:224,11,0,0
BRDA:224,11,1,0
BRDA:272,12,0,0
BRDA:272,12,1,0
BRDA:279,13,0,0
BRDA:279,13,1,0
BRDA:324,14,0,0
BRDA:324,14,1,0
BRDA:366,15,0,0
BRDA:366,15,1,0
BRDA:404,16,0,0
BRDA:406,17,0,0
BRDA:406,17,1,0
BRDA:442,18,0,0
BRDA:494,19,0,0
BRDA:527,20,0,0
BRDA:527,20,1,0
BRDA:532,21,0,0
BRDA:554,22,0,0
BRDA:554,22,1,0
BRDA:559,23,0,0
BRDA:613,24,0,0
BRDA:613,24,1,0
BRDA:614,25,0,0
BRDA:614,25,1,0
BRDA:652,26,0,0
BRDA:652,26,1,0
BRDA:811,27,0,0
BRDA:811,27,1,0
BRDA:857,28,0,0
BRDA:862,29,0,0
BRDA:862,30,0,0
BRDA:864,31,0,0
BRDA:864,31,1,0
BRF:56
BRH:3
end_of_record
TN:
SF:src/main.tsx
FNF:0
FNH:0
DA:10,0
DA:12,0
DA:27,0
LF:3
LH:0
BRF:0
BRH:0
end_of_record
TN:
SF:src/theme.ts
FN:5,detectPreferredTheme
FN:10,readThemeMode
FN:17,applyThemeMode
FN:22,setThemeMode
FN:29,initThemeMode
FNF:5
FNH:0
FNDA:0,detectPreferredTheme
FNDA:0,readThemeMode
FNDA:0,applyThemeMode
FNDA:0,setThemeMode
FNDA:0,initThemeMode
DA:3,0
DA:6,0
DA:7,0
DA:11,0
DA:12,0
DA:13,0
DA:14,0
DA:18,0
DA:19,0
DA:23,0
DA:24,0
DA:26,0
DA:30,0
DA:31,0
DA:32,0
LF:15
LH:0
BRDA:6,0,0,0
BRDA:6,0,1,0
BRDA:7,1,0,0
BRDA:7,1,1,0
BRDA:11,2,0,0
BRDA:11,2,1,0
BRDA:13,3,0,0
BRDA:13,3,1,0
BRDA:13,4,0,0
BRDA:13,4,1,0
BRDA:18,5,0,0
BRDA:18,5,1,0
BRDA:23,6,0,0
BRDA:23,6,1,0
BRF:14
BRH:0
end_of_record
TN:
SF:src/components/Layout.tsx
FN:22,Layout
FN:25,(anonymous_1)
FN:26,(anonymous_2)
FN:44,(anonymous_3)
FN:50,(anonymous_4)
FN:51,(anonymous_5)
FN:89,(anonymous_6)
FN:90,(anonymous_7)
FN:95,(anonymous_8)
FN:177,(anonymous_9)
FN:178,(anonymous_10)
FN:183,(anonymous_11)
FNF:12
FNH:0
FNDA:0,Layout
FNDA:0,(anonymous_1)
FNDA:0,(anonymous_2)
FNDA:0,(anonymous_3)
FNDA:0,(anonymous_4)
FNDA:0,(anonymous_5)
FNDA:0,(anonymous_6)
FNDA:0,(anonymous_7)
FNDA:0,(anonymous_8)
FNDA:0,(anonymous_9)
FNDA:0,(anonymous_10)
FNDA:0,(anonymous_11)
DA:23,0
DA:24,0
DA:25,0
DA:26,0
DA:27,0
DA:28,0
DA:30,0
DA:34,0
DA:44,0
DA:45,0
DA:46,0
DA:47,0
DA:50,0
DA:51,0
DA:52,0
DA:53,0
DA:54,0
DA:58,0
DA:62,0
DA:89,0
DA:91,0
DA:96,0
DA:177,0
DA:179,0
DA:184,0
LF:25
LH:0
BRDA:24,0,0,0
BRDA:24,0,1,0
BRDA:45,1,0,0
BRDA:45,1,1,0
BRDA:54,2,0,0
BRDA:54,2,1,0
BRDA:64,3,0,0
BRDA:64,3,1,0
BRDA:97,4,0,0
BRDA:97,4,1,0
BRDA:113,5,0,0
BRDA:113,5,1,0
BRDA:115,6,0,0
BRDA:115,6,1,0
BRDA:116,7,0,0
BRDA:116,7,1,0
BRDA:118,8,0,0
BRDA:118,8,1,0
BRDA:131,9,0,0
BRDA:131,9,1,0
BRDA:165,10,0,0
BRDA:165,10,1,0
BRDA:185,11,0,0
BRDA:185,11,1,0
BRF:24
BRH:0
end_of_record
TN:
SF:src/components/MediaPlayerCard.tsx
FN:34,statusBadge
FN:44,webPanelUrl
FN:49,IconbitControls
FN:56,(anonymous_3)
FN:61,(anonymous_4)
FN:61,(anonymous_5)
FN:69,(anonymous_6)
FN:70,(anonymous_7)
FN:73,(anonymous_8)
FN:74,(anonymous_9)
FN:78,(anonymous_10)
FN:79,(anonymous_11)
FN:83,(anonymous_12)
FN:84,(anonymous_13)
FN:87,(anonymous_14)
FN:95,(anonymous_15)
FN:160,(anonymous_16)
FN:168,(anonymous_17)
FN:176,(anonymous_18)
FN:192,(anonymous_19)
FN:198,(anonymous_20)
FN:203,(anonymous_21)
FN:217,MediaPlayerCard
FN:231,(anonymous_23)
FN:237,(anonymous_24)
FN:317,(anonymous_25)
FN:335,(anonymous_26)
FN:365,(anonymous_27)
FN:372,(anonymous_28)
FNF:29
FNH:0
FNDA:0,statusBadge
FNDA:0,webPanelUrl
FNDA:0,IconbitControls
FNDA:0,(anonymous_3)
FNDA:0,(anonymous_4)
FNDA:0,(anonymous_5)
FNDA:0,(anonymous_6)
FNDA:0,(anonymous_7)
FNDA:0,(anonymous_8)
FNDA:0,(anonymous_9)
FNDA:0,(anonymous_10)
FNDA:0,(anonymous_11)
FNDA:0,(anonymous_12)
FNDA:0,(anonymous_13)
FNDA:0,(anonymous_14)
FNDA:0,(anonymous_15)
FNDA:0,(anonymous_16)
FNDA:0,(anonymous_17)
FNDA:0,(anonymous_18)
FNDA:0,(anonymous_19)
FNDA:0,(anonymous_20)
FNDA:0,(anonymous_21)
FNDA:0,MediaPlayerCard
FNDA:0,(anonymous_23)
FNDA:0,(anonymous_24)
FNDA:0,(anonymous_25)
FNDA:0,(anonymous_26)
FNDA:0,(anonymous_27)
FNDA:0,(anonymous_28)
DA:22,0
DA:28,0
DA:35,0
DA:36,0
DA:38,0
DA:39,0
DA:41,0
DA:45,0
DA:46,0
DA:50,0
DA:51,0
DA:52,0
DA:54,0
DA:56,0
DA:61,0
DA:62,0
DA:63,0
DA:64,0
DA:65,0
DA:69,0
DA:70,0
DA:72,0
DA:73,0
DA:74,0
DA:77,0
DA:78,0
DA:79,0
DA:82,0
DA:83,0
DA:84,0
DA:87,0
DA:88,0
DA:89,0
DA:90,0
DA:93,0
DA:95,0
DA:96,0
DA:97,0
DA:98,0
DA:99,0
DA:100,0
DA:105,0
DA:106,0
DA:107,0
DA:108,0
DA:112,0
DA:113,0
DA:115,0
DA:160,0
DA:168,0
DA:176,0
DA:193,0
DA:198,0
DA:203,0
DA:218,0
DA:219,0
DA:220,0
DA:221,0
DA:222,0
DA:224,0
DA:228,0
DA:229,0
DA:231,0
DA:232,0
DA:234,0
DA:237,0
DA:238,0
DA:239,0
DA:240,0
DA:246,0
DA:318,0
DA:335,0
DA:365,0
DA:372,0
LF:74
LH:0
BRDA:35,0,0,0
BRDA:35,0,1,0
BRDA:38,1,0,0
BRDA:38,1,1,0
BRDA:45,2,0,0
BRDA:45,2,1,0
BRDA:89,3,0,0
BRDA:89,3,1,0
BRDA:93,4,0,0
BRDA:93,4,1,0
BRDA:96,5,0,0
BRDA:96,5,1,0
BRDA:96,6,0,0
BRDA:96,6,1,0
BRDA:100,7,0,0
BRDA:100,7,1,0
BRDA:107,8,0,0
BRDA:107,8,1,0
BRDA:107,8,2,0
BRDA:108,9,0,0
BRDA:108,9,1,0
BRDA:109,10,0,0
BRDA:109,10,1,0
BRDA:109,11,0,0
BRDA:109,11,1,0
BRDA:112,12,0,0
BRDA:112,12,1,0
BRDA:113,13,0,0
BRDA:113,13,1,0
BRDA:120,14,0,0
BRDA:120,14,1,0
BRDA:129,15,0,0
BRDA:129,15,1,0
BRDA:131,16,0,0
BRDA:131,16,1,0
BRDA:136,17,0,0
BRDA:136,17,1,0
BRDA:139,18,0,0
BRDA:139,18,1,0
BRDA:142,19,0,0
BRDA:142,19,1,0
BRDA:148,20,0,0
BRDA:148,20,1,0
BRDA:148,21,0,0
BRDA:148,21,1,0
BRDA:177,22,0,0
BRDA:177,22,1,0
BRDA:181,23,0,0
BRDA:181,23,1,0
BRDA:184,24,0,0
BRDA:184,24,1,0
BRDA:190,25,0,0
BRDA:190,25,1,0
BRDA:203,26,0,0
BRDA:203,26,1,0
BRDA:218,27,0,0
BRDA:218,27,1,0
BRDA:220,28,0,0
BRDA:220,28,1,0
BRDA:224,29,0,0
BRDA:224,29,1,0
BRDA:228,30,0,0
BRDA:228,30,1,0
BRDA:229,31,0,0
BRDA:229,31,1,0
BRDA:232,32,0,0
BRDA:232,32,1,0
BRDA:238,33,0,0
BRDA:238,33,1,0
BRDA:238,34,0,0
BRDA:238,34,1,0
BRDA:275,35,0,0
BRDA:275,35,1,0
BRDA:282,36,0,0
BRDA:282,36,1,0
BRDA:286,37,0,0
BRDA:286,37,1,0
BRDA:286,37,2,0
BRDA:298,38,0,0
BRDA:298,38,1,0
BRDA:302,39,0,0
BRDA:302,39,1,0
BRDA:307,40,0,0
BRDA:307,40,1,0
BRDA:314,41,0,0
BRDA:314,41,1,0
BRDA:325,42,0,0
BRDA:325,42,1,0
BRDA:325,42,2,0
BRDA:331,43,0,0
BRDA:331,43,1,0
BRDA:340,44,0,0
BRDA:340,44,1,0
BRDA:342,45,0,0
BRDA:342,45,1,0
BRDA:347,46,0,0
BRDA:347,46,1,0
BRDA:362,47,0,0
BRDA:362,47,1,0
BRF:99
BRH:0
end_of_record
TN:
SF:src/components/MediaPlayerForm.tsx
FN:26,MediaPlayerForm
FN:36,(anonymous_1)
FN:72,(anonymous_2)
FN:76,(anonymous_3)
FN:94,(anonymous_4)
FN:106,(anonymous_5)
FN:120,(anonymous_6)
FN:131,(anonymous_7)
FN:143,(anonymous_8)
FNF:9
FNH:0
FNDA:0,MediaPlayerForm
FNDA:0,(anonymous_1)
FNDA:0,(anonymous_2)
FNDA:0,(anonymous_3)
FNDA:0,(anonymous_4)
FNDA:0,(anonymous_5)
FNDA:0,(anonymous_6)
FNDA:0,(anonymous_7)
FNDA:0,(anonymous_8)
DA:20,0
DA:27,0
DA:28,0
DA:29,0
DA:30,0
DA:31,0
DA:32,0
DA:34,0
DA:36,0
DA:37,0
DA:38,0
DA:48,0
DA:50,0
DA:73,0
DA:76,0
DA:94,0
DA:106,0
DA:120,0
DA:131,0
DA:143,0
LF:20
LH:0
BRDA:27,0,0,0
BRDA:27,0,1,0
BRDA:28,1,0,0
BRDA:28,1,1,0
BRDA:29,2,0,0
BRDA:29,2,1,0
BRDA:30,3,0,0
BRDA:30,3,1,0
BRDA:31,4,0,0
BRDA:31,4,1,0
BRDA:32,5,0,0
BRDA:32,5,1,0
BRDA:41,6,0,0
BRDA:41,6,1,0
BRDA:43,7,0,0
BRDA:43,7,1,0
BRDA:44,8,0,0
BRDA:44,8,1,0
BRDA:48,9,0,0
BRDA:48,9,1,0
BRDA:60,10,0,0
BRDA:60,10,1,0
BRDA:68,11,0,0
BRDA:68,11,1,0
BRDA:78,12,0,0
BRDA:78,12,1,0
BRDA:100,13,0,0
BRDA:100,13,1,0
BRDA:108,14,0,0
BRDA:108,14,1,0
BRDA:122,15,0,0
BRDA:122,15,1,0
BRDA:126,16,0,0
BRDA:126,16,1,0
BRDA:162,17,0,0
BRDA:162,17,1,0
BRF:36
BRH:0
end_of_record
TN:
SF:src/components/NetworkDiscoveryModal.tsx
FN:24,NetworkDiscoveryModal
FN:35,(anonymous_1)
FN:52,(anonymous_2)
FN:58,(anonymous_3)
FN:60,(anonymous_4)
FN:67,(anonymous_5)
FN:83,(anonymous_6)
FN:90,(anonymous_7)
FN:95,(anonymous_8)
FN:119,(anonymous_9)
FN:125,(anonymous_10)
FN:130,(anonymous_11)
FN:171,(anonymous_12)
FN:195,(anonymous_13)
FN:203,(anonymous_14)
FNF:15
FNH:0
FNDA:0,NetworkDiscoveryModal
FNDA:0,(anonymous_1)
FNDA:0,(anonymous_2)
FNDA:0,(anonymous_3)
FNDA:0,(anonymous_4)
FNDA:0,(anonymous_5)
FNDA:0,(anonymous_6)
FNDA:0,(anonymous_7)
FNDA:0,(anonymous_8)
FNDA:0,(anonymous_9)
FNDA:0,(anonymous_10)
FNDA:0,(anonymous_11)
FNDA:0,(anonymous_12)
FNDA:0,(anonymous_13)
FNDA:0,(anonymous_14)
DA:25,0
DA:26,0
DA:27,0
DA:28,0
DA:30,0
DA:35,0
DA:36,0
DA:39,0
DA:40,0
DA:41,0
DA:43,0
DA:49,0
DA:50,0
DA:52,0
DA:53,0
DA:54,0
DA:57,0
DA:59,0
DA:61,0
DA:62,0
DA:66,0
DA:68,0
DA:69,0
DA:76,0
DA:84,0
DA:85,0
DA:89,0
DA:91,0
DA:92,0
DA:93,0
DA:96,0
DA:97,0
DA:101,0
DA:102,0
DA:103,0
DA:105,0
DA:119,0
DA:125,0
DA:130,0
DA:172,0
DA:195,0
DA:203,0
LF:42
LH:0
BRDA:27,0,0,0
BRDA:27,0,1,0
BRDA:36,1,0,0
BRDA:36,1,1,0
BRDA:40,2,0,0
BRDA:40,2,1,0
BRDA:41,3,0,0
BRDA:41,3,1,0
BRDA:46,4,0,0
BRDA:46,4,1,0
BRDA:49,5,0,0
BRDA:49,5,1,0
BRDA:50,6,0,0
BRDA:50,6,1,0
BRDA:53,7,0,0
BRDA:53,7,1,0
BRDA:53,8,0,0
BRDA:53,8,1,0
BRDA:54,9,0,0
BRDA:54,9,1,0
BRDA:54,10,0,0
BRDA:54,10,1,0
BRDA:59,11,0,0
BRDA:59,11,1,0
BRDA:68,12,0,0
BRDA:68,12,1,0
BRDA:71,13,0,0
BRDA:71,13,1,0
BRDA:72,14,0,0
BRDA:72,14,1,0
BRDA:73,15,0,0
BRDA:73,15,1,0
BRDA:78,16,0,0
BRDA:78,16,1,0
BRDA:79,17,0,0
BRDA:79,17,1,0
BRDA:80,18,0,0
BRDA:80,18,1,0
BRDA:84,19,0,0
BRDA:84,19,1,0
BRDA:91,20,0,0
BRDA:91,20,1,0
BRDA:92,21,0,0
BRDA:92,21,1,0
BRDA:92,22,0,0
BRDA:92,22,1,0
BRDA:96,23,0,0
BRDA:96,23,1,0
BRDA:101,24,0,0
BRDA:101,24,1,0
BRDA:102,25,0,0
BRDA:102,25,1,0
BRDA:103,26,0,0
BRDA:103,26,1,0
BRDA:126,27,0,0
BRDA:126,27,1,0
BRDA:131,28,0,0
BRDA:131,28,1,0
BRDA:134,29,0,0
BRDA:134,29,1,0
BRDA:135,30,0,0
BRDA:135,30,1,0
BRDA:137,31,0,0
BRDA:137,31,1,0
BRDA:137,31,2,0
BRDA:141,32,0,0
BRDA:141,32,1,0
BRDA:145,33,0,0
BRDA:145,33,1,0
BRDA:149,34,0,0
BRDA:149,34,1,0
BRDA:149,34,2,0
BRDA:174,35,0,0
BRDA:174,35,1,0
BRDA:176,36,0,0
BRDA:176,36,1,0
BRDA:177,37,0,0
BRDA:177,37,1,0
BRDA:178,38,0,0
BRDA:178,38,1,0
BRDA:180,39,0,0
BRDA:180,39,1,0
BRDA:184,40,0,0
BRDA:184,40,1,0
BRDA:193,41,0,0
BRDA:193,41,1,0
BRDA:193,42,0,0
BRDA:193,42,1,0
BRDA:201,43,0,0
BRDA:201,43,1,0
BRDA:217,44,0,0
BRDA:217,44,1,0
BRDA:217,44,2,0
BRF:93
BRH:0
end_of_record
TN:
SF:src/components/NetworkScanner.tsx
FN:25,NetworkScanner
FN:39,(anonymous_1)
FN:62,(anonymous_2)
FN:72,(anonymous_3)
FN:73,(anonymous_4)
FN:81,(anonymous_5)
FN:88,(anonymous_6)
FN:90,(anonymous_7)
FN:99,(anonymous_8)
FN:127,(anonymous_9)
FN:137,(anonymous_10)
FN:144,(anonymous_11)
FN:219,(anonymous_12)
FN:224,(anonymous_13)
FN:232,(anonymous_14)
FN:272,DeviceRow
FN:287,(anonymous_16)
FN:334,(anonymous_17)
FN:344,(anonymous_18)
FNF:19
FNH:0
FNDA:0,NetworkScanner
FNDA:0,(anonymous_1)
FNDA:0,(anonymous_2)
FNDA:0,(anonymous_3)
FNDA:0,(anonymous_4)
FNDA:0,(anonymous_5)
FNDA:0,(anonymous_6)
FNDA:0,(anonymous_7)
FNDA:0,(anonymous_8)
FNDA:0,(anonymous_9)
FNDA:0,(anonymous_10)
FNDA:0,(anonymous_11)
FNDA:0,(anonymous_12)
FNDA:0,(anonymous_13)
FNDA:0,(anonymous_14)
FNDA:0,DeviceRow
FNDA:0,(anonymous_16)
FNDA:0,(anonymous_17)
FNDA:0,(anonymous_18)
DA:26,0
DA:27,0
DA:28,0
DA:30,0
DA:31,0
DA:32,0
DA:34,0
DA:39,0
DA:40,0
DA:41,0
DA:42,0
DA:46,0
DA:52,0
DA:59,0
DA:62,0
DA:63,0
DA:64,0
DA:66,0
DA:67,0
DA:71,0
DA:72,0
DA:74,0
DA:75,0
DA:79,0
DA:82,0
DA:83,0
DA:87,0
DA:88,0
DA:91,0
DA:92,0
DA:96,0
DA:97,0
DA:99,0
DA:100,0
DA:101,0
DA:103,0
DA:104,0
DA:106,0
DA:107,0
DA:109,0
DA:112,0
DA:127,0
DA:137,0
DA:144,0
DA:220,0
DA:225,0
DA:233,0
DA:234,0
DA:287,0
DA:288,0
DA:289,0
DA:296,0
DA:297,0
DA:304,0
DA:311,0
DA:334,0
DA:344,0
LF:57
LH:0
BRDA:27,0,0,0
BRDA:27,0,1,0
BRDA:40,1,0,0
BRDA:40,1,1,0
BRDA:41,2,0,0
BRDA:41,2,1,0
BRDA:42,3,0,0
BRDA:42,3,1,0
BRDA:49,4,0,0
BRDA:49,4,1,0
BRDA:52,5,0,0
BRDA:52,5,1,0
BRDA:59,6,0,0
BRDA:59,6,1,0
BRDA:63,7,0,0
BRDA:63,7,1,0
BRDA:63,8,0,0
BRDA:63,8,1,0
BRDA:66,9,0,0
BRDA:66,9,1,0
BRDA:66,10,0,0
BRDA:66,10,1,0
BRDA:66,10,2,0
BRDA:67,11,0,0
BRDA:67,11,1,0
BRDA:89,12,0,0
BRDA:89,12,1,0
BRDA:96,13,0,0
BRDA:96,13,1,0
BRDA:97,14,0,0
BRDA:97,14,1,0
BRDA:100,15,0,0
BRDA:100,15,1,0
BRDA:103,16,0,0
BRDA:103,16,1,0
BRDA:106,17,0,0
BRDA:106,17,1,0
BRDA:106,18,0,0
BRDA:106,18,1,0
BRDA:145,19,0,0
BRDA:145,19,1,0
BRDA:148,20,0,0
BRDA:148,20,1,0
BRDA:153,21,0,0
BRDA:153,21,1,0
BRDA:156,22,0,0
BRDA:156,22,1,0
BRDA:156,22,2,0
BRDA:168,23,0,0
BRDA:168,23,1,0
BRDA:176,24,0,0
BRDA:176,24,1,0
BRDA:176,24,2,0
BRDA:185,25,0,0
BRDA:185,25,1,0
BRDA:211,26,0,0
BRDA:211,26,1,0
BRDA:227,27,0,0
BRDA:227,27,1,0
BRDA:229,28,0,0
BRDA:229,28,1,0
BRDA:233,29,0,0
BRDA:233,29,1,0
BRDA:237,30,0,0
BRDA:237,30,1,0
BRDA:251,31,0,0
BRDA:251,31,1,0
BRDA:251,31,2,0
BRDA:259,32,0,0
BRDA:259,32,1,0
BRDA:288,33,0,0
BRDA:288,33,1,0
BRDA:296,34,0,0
BRDA:296,34,1,0
BRDA:314,35,0,0
BRDA:314,35,1,0
BRDA:319,36,0,0
BRDA:319,36,1,0
BRDA:321,37,0,0
BRDA:321,37,1,0
BRDA:330,38,0,0
BRDA:330,38,1,0
BRDA:332,39,0,0
BRDA:332,39,1,0
BRDA:332,39,2,0
BRDA:342,40,0,0
BRDA:342,40,1,0
BRDA:342,40,2,0
BRF:88
BRH:0
end_of_record
TN:
SF:src/components/PrinterCard.tsx
FN:17,statusBadge
FN:27,MacStatus
FN:62,PrinterCard
FN:81,(anonymous_3)
FN:136,(anonymous_4)
FN:137,(anonymous_5)
FN:145,(anonymous_6)
FN:166,(anonymous_7)
FN:187,(anonymous_8)
FN:194,(anonymous_9)
FNF:10
FNH:0
FNDA:0,statusBadge
FNDA:0,MacStatus
FNDA:0,PrinterCard
FNDA:0,(anonymous_3)
FNDA:0,(anonymous_4)
FNDA:0,(anonymous_5)
FNDA:0,(anonymous_6)
FNDA:0,(anonymous_7)
FNDA:0,(anonymous_8)
FNDA:0,(anonymous_9)
DA:18,0
DA:19,0
DA:21,0
DA:22,0
DA:24,0
DA:28,0
DA:29,0
DA:30,0
DA:39,0
DA:40,0
DA:49,0
DA:50,0
DA:59,0
DA:73,0
DA:76,0
DA:81,0
DA:83,0
DA:136,0
DA:137,0
DA:146,0
DA:166,0
DA:187,0
DA:194,0
LF:23
LH:0
BRDA:18,0,0,0
BRDA:18,0,1,0
BRDA:21,1,0,0
BRDA:21,1,1,0
BRDA:28,2,0,0
BRDA:28,2,1,0
BRDA:28,3,0,0
BRDA:28,3,1,0
BRDA:29,4,0,0
BRDA:29,4,1,0
BRDA:39,5,0,0
BRDA:39,5,1,0
BRDA:49,6,0,0
BRDA:49,6,1,0
BRDA:69,7,0,0
BRDA:73,8,0,0
BRDA:73,8,1,0
BRDA:81,9,0,0
BRDA:81,9,1,0
BRDA:99,10,0,0
BRDA:99,10,1,0
BRDA:102,11,0,0
BRDA:102,11,1,0
BRDA:104,12,0,0
BRDA:104,12,1,0
BRDA:116,13,0,0
BRDA:116,13,1,0
BRDA:119,14,0,0
BRDA:119,14,1,0
BRDA:127,15,0,0
BRDA:127,15,1,0
BRDA:128,16,0,0
BRDA:128,16,1,0
BRDA:129,17,0,0
BRDA:129,17,1,0
BRDA:130,18,0,0
BRDA:130,18,1,0
BRDA:132,19,0,0
BRDA:132,19,1,0
BRDA:132,19,2,0
BRDA:137,20,0,0
BRDA:137,20,1,0
BRDA:141,21,0,0
BRDA:141,21,1,0
BRDA:141,21,2,0
BRDA:147,22,0,0
BRDA:147,22,1,0
BRDA:148,23,0,0
BRDA:148,23,1,0
BRDA:148,24,0,0
BRDA:148,24,1,0
BRDA:148,25,0,0
BRDA:148,25,1,0
BRDA:148,26,0,0
BRDA:148,26,1,0
BRDA:150,27,0,0
BRDA:150,27,1,0
BRDA:150,28,0,0
BRDA:150,28,1,0
BRDA:150,29,0,0
BRDA:150,29,1,0
BRDA:150,30,0,0
BRDA:150,30,1,0
BRDA:162,31,0,0
BRDA:162,31,1,0
BRDA:171,32,0,0
BRDA:171,32,1,0
BRDA:173,33,0,0
BRDA:173,33,1,0
BRDA:184,34,0,0
BRDA:184,34,1,0
BRDA:204,35,0,0
BRDA:204,35,1,0
BRDA:204,35,2,0
BRDA:209,36,0,0
BRDA:209,36,1,0
BRDA:211,37,0,0
BRDA:211,37,1,0
BRF:78
BRH:0
end_of_record
TN:
SF:src/components/PrinterForm.tsx
FN:25,PrinterForm
FN:40,(anonymous_1)
FN:93,(anonymous_2)
FN:103,(anonymous_3)
FN:120,(anonymous_4)
FN:131,(anonymous_5)
FN:147,(anonymous_6)
FN:160,(anonymous_7)
FN:171,(anonymous_8)
FN:184,(anonymous_9)
FN:190,(anonymous_10)
FN:196,(anonymous_11)
FN:202,(anonymous_12)
FNF:13
FNH:0
FNDA:0,PrinterForm
FNDA:0,(anonymous_1)
FNDA:0,(anonymous_2)
FNDA:0,(anonymous_3)
FNDA:0,(anonymous_4)
FNDA:0,(anonymous_5)
FNDA:0,(anonymous_6)
FNDA:0,(anonymous_7)
FNDA:0,(anonymous_8)
FNDA:0,(anonymous_9)
FNDA:0,(anonymous_10)
FNDA:0,(anonymous_11)
FNDA:0,(anonymous_12)
DA:26,0
DA:27,0
DA:28,0
DA:29,0
DA:30,0
DA:31,0
DA:32,0
DA:33,0
DA:34,0
DA:35,0
DA:36,0
DA:38,0
DA:40,0
DA:41,0
DA:42,0
DA:47,0
DA:48,0
DA:50,0
DA:51,0
DA:53,0
DA:54,0
DA:56,0
DA:57,0
DA:58,0
DA:59,0
DA:60,0
DA:62,0
DA:65,0
DA:69,0
DA:93,0
DA:103,0
DA:120,0
DA:131,0
DA:147,0
DA:160,0
DA:171,0
DA:184,0
DA:190,0
DA:196,0
DA:202,0
LF:40
LH:0
BRDA:27,0,0,0
BRDA:27,0,1,0
BRDA:28,1,0,0
BRDA:28,1,1,0
BRDA:29,2,0,0
BRDA:29,2,1,0
BRDA:29,3,0,0
BRDA:29,3,1,0
BRDA:30,4,0,0
BRDA:30,4,1,0
BRDA:32,5,0,0
BRDA:32,5,1,0
BRDA:33,6,0,0
BRDA:33,6,1,0
BRDA:34,7,0,0
BRDA:34,7,1,0
BRDA:35,8,0,0
BRDA:35,8,1,0
BRDA:36,9,0,0
BRDA:36,9,1,0
BRDA:38,10,0,0
BRDA:38,10,1,0
BRDA:47,11,0,0
BRDA:47,11,1,0
BRDA:50,12,0,0
BRDA:50,12,1,0
BRDA:51,13,0,0
BRDA:51,13,1,0
BRDA:54,14,0,0
BRDA:54,14,1,0
BRDA:56,15,0,0
BRDA:56,15,1,0
BRDA:57,16,0,0
BRDA:57,16,1,0
BRDA:58,17,0,0
BRDA:58,17,1,0
BRDA:59,18,0,0
BRDA:59,18,1,0
BRDA:60,19,0,0
BRDA:60,19,1,0
BRDA:65,20,0,0
BRDA:65,20,1,0
BRDA:66,21,0,0
BRDA:66,21,1,0
BRDA:67,22,0,0
BRDA:67,22,1,0
BRDA:79,23,0,0
BRDA:79,23,1,0
BRDA:87,24,0,0
BRDA:87,24,1,0
BRDA:95,25,0,0
BRDA:95,25,1,0
BRDA:105,26,0,0
BRDA:105,26,1,0
BRDA:133,27,0,0
BRDA:133,27,1,0
BRDA:137,28,0,0
BRDA:137,28,1,0
BRDA:157,29,0,0
BRDA:157,29,1,0
BRDA:166,30,0,0
BRDA:166,30,1,0
BRDA:178,31,0,0
BRDA:178,31,1,0
BRDA:223,32,0,0
BRDA:223,32,1,0
BRF:66
BRH:0
end_of_record
TN:
SF:src/components/ServiceNode.tsx
FN:4,ServiceNode
FN:8,(anonymous_1)
FN:14,(anonymous_2)
FNF:3
FNH:0
FNDA:0,ServiceNode
FNDA:0,(anonymous_1)
FNDA:0,(anonymous_2)
DA:5,0
DA:6,0
DA:8,0
DA:9,0
DA:10,0
DA:11,0
DA:14,0
DA:15,0
DA:16,0
DA:17,0
DA:20,0
LF:11
LH:0
BRDA:9,0,0,0
BRDA:9,0,1,0
BRDA:10,1,0,0
BRDA:10,1,1,0
BRDA:15,2,0,0
BRDA:15,2,1,0
BRDA:16,3,0,0
BRDA:16,3,1,0
BRDA:30,4,0,0
BRDA:30,4,1,0
BRDA:30,4,2,0
BRF:11
BRH:0
end_of_record
TN:
SF:src/components/SwitchCard.tsx
FN:20,statusBadge
FN:30,APRow
FN:35,(anonymous_2)
FN:36,(anonymous_3)
FN:42,(anonymous_4)
FN:86,SwitchCard
FN:91,(anonymous_6)
FN:153,(anonymous_7)
FN:162,(anonymous_8)
FN:179,(anonymous_9)
FN:198,(anonymous_10)
FN:208,(anonymous_11)
FN:215,(anonymous_12)
FNF:13
FNH:0
FNDA:0,statusBadge
FNDA:0,APRow
FNDA:0,(anonymous_2)
FNDA:0,(anonymous_3)
FNDA:0,(anonymous_4)
FNDA:0,SwitchCard
FNDA:0,(anonymous_6)
FNDA:0,(anonymous_7)
FNDA:0,(anonymous_8)
FNDA:0,(anonymous_9)
FNDA:0,(anonymous_10)
FNDA:0,(anonymous_11)
FNDA:0,(anonymous_12)
DA:21,0
DA:22,0
DA:24,0
DA:25,0
DA:27,0
DA:31,0
DA:32,0
DA:34,0
DA:35,0
DA:37,0
DA:38,0
DA:42,0
DA:43,0
DA:44,0
DA:45,0
DA:49,0
DA:87,0
DA:89,0
DA:91,0
DA:96,0
DA:100,0
DA:153,0
DA:162,0
DA:180,0
DA:198,0
DA:208,0
DA:215,0
LF:27
LH:0
BRDA:21,0,0,0
BRDA:21,0,1,0
BRDA:24,1,0,0
BRDA:24,1,1,0
BRDA:43,2,0,0
BRDA:43,2,1,0
BRDA:55,3,0,0
BRDA:55,3,1,0
BRDA:57,4,0,0
BRDA:57,4,1,0
BRDA:63,5,0,0
BRDA:63,5,1,0
BRDA:65,6,0,0
BRDA:65,6,1,0
BRDA:65,6,2,0
BRDA:72,7,0,0
BRDA:72,7,1,0
BRDA:79,8,0,0
BRDA:79,8,1,0
BRDA:96,9,0,0
BRDA:96,9,1,0
BRDA:111,10,0,0
BRDA:111,10,1,0
BRDA:129,11,0,0
BRDA:129,11,1,0
BRDA:136,12,0,0
BRDA:136,12,1,0
BRDA:143,13,0,0
BRDA:143,13,1,0
BRDA:158,14,0,0
BRDA:158,14,1,0
BRDA:159,15,0,0
BRDA:159,15,1,0
BRDA:170,16,0,0
BRDA:170,16,1,0
BRDA:172,17,0,0
BRDA:172,17,1,0
BRDA:177,18,0,0
BRDA:177,18,1,0
BRDA:177,19,0,0
BRDA:177,19,1,0
BRDA:194,20,0,0
BRDA:194,20,1,0
BRDA:203,21,0,0
BRDA:203,21,1,0
BRDA:205,22,0,0
BRDA:205,22,1,0
BRF:47
BRH:0
end_of_record
TN:
SF:src/components/SwitchForm.tsx
FN:10,SwitchForm
FN:24,(anonymous_1)
FN:58,(anonymous_2)
FN:70,(anonymous_3)
FN:81,(anonymous_4)
FN:94,(anonymous_5)
FN:106,(anonymous_6)
FN:121,(anonymous_7)
FN:131,(anonymous_8)
FN:144,(anonymous_9)
FN:154,(anonymous_10)
FN:162,(anonymous_11)
FN:176,(anonymous_12)
FN:189,(anonymous_13)
FNF:14
FNH:0
FNDA:0,SwitchForm
FNDA:0,(anonymous_1)
FNDA:0,(anonymous_2)
FNDA:0,(anonymous_3)
FNDA:0,(anonymous_4)
FNDA:0,(anonymous_5)
FNDA:0,(anonymous_6)
FNDA:0,(anonymous_7)
FNDA:0,(anonymous_8)
FNDA:0,(anonymous_9)
FNDA:0,(anonymous_10)
FNDA:0,(anonymous_11)
FNDA:0,(anonymous_12)
FNDA:0,(anonymous_13)
DA:11,0
DA:12,0
DA:13,0
DA:14,0
DA:15,0
DA:16,0
DA:17,0
DA:18,0
DA:19,0
DA:20,0
DA:21,0
DA:22,0
DA:24,0
DA:25,0
DA:26,0
DA:37,0
DA:38,0
DA:39,0
DA:40,0
DA:41,0
DA:42,0
DA:44,0
DA:47,0
DA:58,0
DA:70,0
DA:81,0
DA:94,0
DA:106,0
DA:121,0
DA:131,0
DA:144,0
DA:154,0
DA:162,0
DA:176,0
DA:189,0
LF:35
LH:0
BRDA:11,0,0,0
BRDA:11,0,1,0
BRDA:12,1,0,0
BRDA:12,1,1,0
BRDA:13,2,0,0
BRDA:13,2,1,0
BRDA:16,3,0,0
BRDA:16,3,1,0
BRDA:17,4,0,0
BRDA:17,4,1,0
BRDA:18,5,0,0
BRDA:18,5,1,0
BRDA:19,6,0,0
BRDA:19,6,1,0
BRDA:20,7,0,0
BRDA:20,7,1,0
BRDA:21,8,0,0
BRDA:21,8,1,0
BRDA:22,9,0,0
BRDA:22,9,1,0
BRDA:37,10,0,0
BRDA:37,10,1,0
BRDA:38,11,0,0
BRDA:38,11,1,0
BRDA:39,12,0,0
BRDA:39,12,1,0
BRDA:40,13,0,0
BRDA:40,13,1,0
BRDA:51,14,0,0
BRDA:51,14,1,0
BRDA:171,15,0,0
BRDA:171,15,1,0
BRDA:184,16,0,0
BRDA:184,16,1,0
BRDA:206,17,0,0
BRDA:206,17,1,0
BRF:36
BRH:0
end_of_record
TN:
SF:src/components/SwitchPortsTable.tsx
FN:19,formatStatus
FN:26,SwitchPortsTable
FN:38,(anonymous_2)
FN:41,(anonymous_3)
FN:43,(anonymous_4)
FN:44,(anonymous_5)
FN:46,(anonymous_6)
FN:48,(anonymous_7)
FN:53,(anonymous_8)
FN:58,(anonymous_9)
FN:63,(anonymous_10)
FN:67,(anonymous_11)
FN:72,(anonymous_12)
FN:82,(anonymous_13)
FN:86,(anonymous_14)
FN:91,(anonymous_15)
FN:117,(anonymous_16)
FN:129,(anonymous_17)
FN:135,(anonymous_18)
FN:173,(anonymous_19)
FN:235,(anonymous_20)
FN:236,(anonymous_21)
FN:245,(anonymous_22)
FN:245,(anonymous_23)
FN:251,(anonymous_24)
FN:251,(anonymous_25)
FN:257,(anonymous_26)
FN:257,(anonymous_27)
FN:261,(anonymous_28)
FN:264,(anonymous_29)
FN:280,(anonymous_30)
FN:280,(anonymous_31)
FN:285,(anonymous_32)
FN:297,(anonymous_33)
FN:303,(anonymous_34)
FN:309,(anonymous_35)
FN:315,(anonymous_36)
FN:321,(anonymous_37)
FNF:38
FNH:10
FNDA:5,formatStatus
FNDA:4,SwitchPortsTable
FNDA:2,(anonymous_2)
FNDA:2,(anonymous_3)
FNDA:0,(anonymous_4)
FNDA:0,(anonymous_5)
FNDA:1,(anonymous_6)
FNDA:1,(anonymous_7)
FNDA:1,(anonymous_8)
FNDA:0,(anonymous_9)
FNDA:0,(anonymous_10)
FNDA:0,(anonymous_11)
FNDA:0,(anonymous_12)
FNDA:0,(anonymous_13)
FNDA:0,(anonymous_14)
FNDA:0,(anonymous_15)
FNDA:0,(anonymous_16)
FNDA:0,(anonymous_17)
FNDA:1,(anonymous_18)
FNDA:3,(anonymous_19)
FNDA:0,(anonymous_20)
FNDA:0,(anonymous_21)
FNDA:0,(anonymous_22)
FNDA:0,(anonymous_23)
FNDA:0,(anonymous_24)
FNDA:0,(anonymous_25)
FNDA:0,(anonymous_26)
FNDA:0,(anonymous_27)
FNDA:0,(anonymous_28)
FNDA:0,(anonymous_29)
FNDA:0,(anonymous_30)
FNDA:0,(anonymous_31)
FNDA:0,(anonymous_32)
FNDA:0,(anonymous_33)
FNDA:1,(anonymous_34)
FNDA:0,(anonymous_35)
FNDA:0,(anonymous_36)
FNDA:0,(anonymous_37)
DA:20,5
DA:21,5
DA:22,0
DA:23,0
DA:27,4
DA:28,4
DA:29,4
DA:30,4
DA:31,4
DA:32,4
DA:33,4
DA:34,4
DA:36,4
DA:38,2
DA:41,4
DA:42,2
DA:43,2
DA:44,2
DA:46,4
DA:48,4
DA:49,1
DA:52,4
DA:53,1
DA:57,4
DA:58,0
DA:62,4
DA:63,0
DA:66,4
DA:67,0
DA:71,4
DA:72,0
DA:82,4
DA:83,0
DA:84,0
DA:86,4
DA:87,0
DA:88,0
DA:89,0
DA:91,4
DA:92,0
DA:93,0
DA:94,0
DA:95,0
DA:96,0
DA:97,0
DA:99,0
DA:100,0
DA:101,0
DA:102,0
DA:103,0
DA:106,4
DA:117,0
DA:129,0
DA:135,1
DA:175,3
DA:186,3
DA:194,3
DA:195,3
DA:196,3
DA:198,3
DA:199,1
DA:217,2
DA:236,0
DA:245,0
DA:251,0
DA:257,0
DA:261,0
DA:264,0
DA:280,0
DA:285,0
DA:297,0
DA:303,1
DA:309,0
DA:315,0
DA:321,0
LF:75
LH:39
BRDA:20,0,0,0
BRDA:20,0,1,5
BRDA:21,1,0,5
BRDA:21,1,1,0
BRDA:22,2,0,0
BRDA:22,2,1,0
BRDA:38,3,0,2
BRDA:38,3,1,2
BRDA:42,4,0,2
BRDA:42,4,1,1
BRDA:43,5,0,0
BRDA:43,5,1,0
BRDA:43,6,0,0
BRDA:43,6,1,0
BRDA:83,7,0,0
BRDA:83,7,1,0
BRDA:83,7,2,0
BRDA:87,8,0,0
BRDA:87,8,1,0
BRDA:87,8,2,0
BRDA:88,9,0,0
BRDA:88,9,1,0
BRDA:88,10,0,0
BRDA:88,10,1,0
BRDA:88,10,2,0
BRDA:92,11,0,0
BRDA:92,11,1,0
BRDA:92,12,0,0
BRDA:92,12,1,0
BRDA:93,13,0,0
BRDA:93,13,1,0
BRDA:94,14,0,0
BRDA:94,14,1,0
BRDA:94,14,2,0
BRDA:94,14,3,0
BRDA:95,15,0,0
BRDA:95,15,1,0
BRDA:95,16,0,0
BRDA:95,16,1,0
BRDA:95,16,2,0
BRDA:99,17,0,0
BRDA:99,17,1,0
BRDA:99,18,0,0
BRDA:99,18,1,0
BRDA:100,19,0,0
BRDA:100,19,1,0
BRDA:101,20,0,0
BRDA:101,20,1,0
BRDA:101,21,0,0
BRDA:101,21,1,0
BRDA:101,21,2,0
BRDA:101,21,3,0
BRDA:102,22,0,0
BRDA:102,22,1,0
BRDA:102,23,0,0
BRDA:102,23,1,0
BRDA:102,23,2,0
BRDA:130,24,0,2
BRDA:130,24,1,2
BRDA:136,25,0,2
BRDA:136,25,1,2
BRDA:143,26,0,1
BRDA:143,26,1,3
BRDA:148,27,0,1
BRDA:148,27,1,2
BRDA:175,28,0,3
BRDA:175,28,1,0
BRDA:176,29,0,0
BRDA:176,29,1,0
BRDA:178,30,0,0
BRDA:178,30,1,0
BRDA:178,31,0,0
BRDA:178,31,1,0
BRDA:180,32,0,0
BRDA:180,32,1,0
BRDA:182,33,0,0
BRDA:182,33,1,0
BRDA:186,34,0,3
BRDA:186,34,1,3
BRDA:187,35,0,3
BRDA:187,35,1,0
BRDA:189,36,0,0
BRDA:189,36,1,0
BRDA:191,37,0,0
BRDA:191,37,1,0
BRDA:191,38,0,0
BRDA:191,38,1,0
BRDA:194,39,0,3
BRDA:194,39,1,3
BRDA:194,39,2,3
BRDA:195,40,0,3
BRDA:195,40,1,3
BRDA:195,41,0,3
BRDA:195,41,1,0
BRDA:196,42,0,3
BRDA:196,42,1,3
BRDA:198,43,0,1
BRDA:198,43,1,2
BRDA:202,44,0,1
BRDA:202,44,1,0
BRDA:203,45,0,1
BRDA:203,45,1,1
BRDA:210,46,0,0
BRDA:210,46,1,1
BRDA:210,47,0,1
BRDA:210,47,1,0
BRDA:211,48,0,1
BRDA:211,48,1,0
BRDA:224,49,0,2
BRDA:224,49,1,0
BRDA:225,50,0,2
BRDA:225,50,1,0
BRDA:225,51,0,3
BRDA:225,51,1,2
BRDA:225,51,2,0
BRDA:225,52,0,2
BRDA:225,52,1,0
BRDA:226,53,0,0
BRDA:226,53,1,2
BRDA:226,54,0,3
BRDA:226,54,1,0
BRDA:228,55,0,3
BRDA:228,55,1,0
BRDA:228,55,2,0
BRDA:231,56,0,3
BRDA:231,56,1,2
BRDA:234,57,0,2
BRDA:234,57,1,2
BRDA:234,58,0,0
BRDA:234,58,1,2
BRDA:244,59,0,2
BRDA:244,59,1,2
BRDA:244,60,0,2
BRDA:244,60,1,0
BRDA:244,60,2,0
BRDA:250,61,0,2
BRDA:250,61,1,2
BRDA:250,62,0,2
BRDA:250,62,1,2
BRDA:256,63,0,2
BRDA:256,63,1,2
BRDA:256,63,2,2
BRDA:273,64,0,0
BRDA:273,64,1,2
BRDA:273,65,0,2
BRDA:273,65,1,0
BRDA:274,66,0,3
BRDA:274,66,1,0
BRDA:279,67,0,3
BRDA:279,67,1,2
BRDA:279,67,2,0
BRDA:283,68,0,3
BRDA:283,68,1,2
BRDA:294,69,0,2
BRDA:294,69,1,0
BRF:155
BRH:65
end_of_record
TN:
SF:src/components/TonerBar.tsx
FN:8,TonerBar
FNF:1
FNH:0
FNDA:0,TonerBar
DA:9,0
DA:10,0
DA:11,0
DA:12,0
DA:13,0
DA:15,0
LF:6
LH:0
BRDA:12,0,0,0
BRDA:12,0,1,0
BRDA:12,0,2,0
BRDA:13,1,0,0
BRDA:13,1,1,0
BRDA:19,2,0,0
BRDA:19,2,1,0
BRDA:25,3,0,0
BRDA:25,3,1,0
BRDA:26,4,0,0
BRDA:26,4,1,0
BRDA:26,4,2,0
BRDA:34,5,0,0
BRDA:34,5,1,0
BRDA:34,6,0,0
BRDA:34,6,1,0
BRDA:35,7,0,0
BRDA:35,7,1,0
BRDA:35,8,0,0
BRDA:35,8,1,0
BRDA:35,9,0,0
BRDA:35,9,1,0
BRF:22
BRH:0
end_of_record
TN:
SF:src/components/UserForm.tsx
FN:18,UserForm
FN:24,(anonymous_1)
FN:38,(anonymous_2)
FN:77,(anonymous_3)
FN:87,(anonymous_4)
FN:101,(anonymous_5)
FN:111,(anonymous_6)
FNF:7
FNH:0
FNDA:0,UserForm
FNDA:0,(anonymous_1)
FNDA:0,(anonymous_2)
FNDA:0,(anonymous_3)
FNDA:0,(anonymous_4)
FNDA:0,(anonymous_5)
FNDA:0,(anonymous_6)
DA:19,0
DA:20,0
DA:21,0
DA:22,0
DA:24,0
DA:25,0
DA:26,0
DA:27,0
DA:28,0
DA:29,0
DA:31,0
DA:32,0
DA:33,0
DA:34,0
DA:38,0
DA:39,0
DA:40,0
DA:45,0
DA:46,0
DA:49,0
DA:77,0
DA:87,0
DA:101,0
DA:111,0
LF:24
LH:0
BRDA:25,0,0,0
BRDA:25,0,1,0
BRDA:27,1,0,0
BRDA:27,1,1,0
BRDA:45,2,0,0
BRDA:45,2,1,0
BRDA:57,3,0,0
BRDA:57,3,1,0
BRDA:64,4,0,0
BRDA:64,4,1,0
BRDA:94,5,0,0
BRDA:94,5,1,0
BRDA:132,6,0,0
BRDA:132,6,1,0
BRF:14
BRH:0
end_of_record
TN:
SF:src/components/ZebraCard.tsx
FN:13,statusBadge
FN:31,MacStatus
FN:66,ZebraCard
FN:120,(anonymous_3)
FN:143,(anonymous_4)
FN:150,(anonymous_5)
FNF:6
FNH:0
FNDA:0,statusBadge
FNDA:0,MacStatus
FNDA:0,ZebraCard
FNDA:0,(anonymous_3)
FNDA:0,(anonymous_4)
FNDA:0,(anonymous_5)
DA:14,0
DA:15,0
DA:22,0
DA:23,0
DA:25,0
DA:26,0
DA:28,0
DA:32,0
DA:33,0
DA:34,0
DA:43,0
DA:44,0
DA:53,0
DA:54,0
DA:63,0
DA:67,0
DA:69,0
DA:73,0
DA:120,0
DA:143,0
DA:150,0
LF:21
LH:0
BRDA:14,0,0,0
BRDA:14,0,1,0
BRDA:22,1,0,0
BRDA:22,1,1,0
BRDA:25,2,0,0
BRDA:25,2,1,0
BRDA:32,3,0,0
BRDA:32,3,1,0
BRDA:32,4,0,0
BRDA:32,4,1,0
BRDA:33,5,0,0
BRDA:33,5,1,0
BRDA:43,6,0,0
BRDA:43,6,1,0
BRDA:53,7,0,0
BRDA:53,7,1,0
BRDA:69,8,0,0
BRDA:69,8,1,0
BRDA:79,9,0,0
BRDA:79,9,1,0
BRDA:80,10,0,0
BRDA:80,10,1,0
BRDA:91,11,0,0
BRDA:91,11,1,0
BRDA:92,12,0,0
BRDA:92,12,1,0
BRDA:100,13,0,0
BRDA:100,13,1,0
BRDA:111,14,0,0
BRDA:111,14,1,0
BRDA:113,15,0,0
BRDA:113,15,1,0
BRDA:117,16,0,0
BRDA:117,16,1,0
BRDA:125,17,0,0
BRDA:125,17,1,0
BRDA:127,18,0,0
BRDA:127,18,1,0
BRDA:140,19,0,0
BRDA:140,19,1,0
BRDA:163,20,0,0
BRDA:163,20,1,0
BRDA:163,20,2,0
BRDA:163,20,3,0
BRDA:165,21,0,0
BRDA:165,21,1,0
BRDA:167,22,0,0
BRDA:167,22,1,0
BRF:48
BRH:0
end_of_record
TN:
SF:src/components/ui/Button.tsx
FN:11,(anonymous_0)
FNF:1
FNH:0
FNDA:0,(anonymous_0)
DA:10,0
DA:12,0
DA:14,0
DA:21,0
DA:27,0
DA:44,0
LF:6
LH:0
BRDA:11,0,0,0
BRDA:11,1,0,0
BRDA:11,2,0,0
BRDA:32,3,0,0
BRDA:32,3,1,0
BRDA:35,4,0,0
BRDA:35,4,1,0
BRF:7
BRH:0
end_of_record
TN:
SF:src/components/ui/Card.tsx
FN:10,(anonymous_0)
FN:25,CardHeader
FN:33,CardTitle
FN:41,CardContent
FNF:4
FNH:0
FNDA:0,(anonymous_0)
FNDA:0,CardHeader
FNDA:0,CardTitle
FNDA:0,CardContent
DA:9,0
DA:11,0
DA:23,0
DA:26,0
DA:34,0
DA:42,0
LF:6
LH:0
BRDA:10,0,0,0
BRDA:10,1,0,0
BRDA:10,2,0,0
BRDA:14,3,0,0
BRDA:14,3,1,0
BRDA:15,4,0,0
BRDA:15,4,1,0
BRDA:25,5,0,0
BRDA:33,6,0,0
BRDA:41,7,0,0
BRF:10
BRH:0
end_of_record
TN:
SF:src/components/ui/Input.tsx
FN:10,(anonymous_0)
FNF:1
FNH:0
FNDA:0,(anonymous_0)
DA:9,0
DA:11,0
DA:32,0
LF:3
LH:0
BRDA:10,0,0,0
BRDA:13,1,0,0
BRDA:13,1,1,0
BRDA:21,2,0,0
BRDA:21,2,1,0
BRDA:22,3,0,0
BRDA:22,3,1,0
BRF:7
BRH:0
end_of_record
TN:
SF:src/pages/CashRegistersPage.tsx
FN:45,CashRegistersPage
FN:57,(anonymous_1)
FN:62,(anonymous_2)
FN:62,(anonymous_3)
FN:65,(anonymous_4)
FN:66,(anonymous_5)
FN:67,(anonymous_6)
FN:70,(anonymous_7)
FN:71,(anonymous_8)
FN:73,(anonymous_9)
FN:79,(anonymous_10)
FN:86,(anonymous_11)
FN:87,(anonymous_12)
FN:107,(anonymous_13)
FN:113,(anonymous_14)
FN:131,(anonymous_15)
FN:156,(anonymous_16)
FN:173,(anonymous_17)
FN:178,(anonymous_18)
FN:184,(anonymous_19)
FN:193,(anonymous_20)
FN:206,(anonymous_21)
FN:248,(anonymous_22)
FN:257,(anonymous_23)
FN:262,(anonymous_24)
FN:282,(anonymous_25)
FN:282,(anonymous_26)
FN:286,(anonymous_27)
FN:286,(anonymous_28)
FN:291,(anonymous_29)
FN:291,(anonymous_30)
FN:296,(anonymous_31)
FN:296,(anonymous_32)
FN:301,(anonymous_33)
FN:301,(anonymous_34)
FN:306,(anonymous_35)
FN:306,(anonymous_36)
FN:311,(anonymous_37)
FN:311,(anonymous_38)
FN:316,(anonymous_39)
FN:316,(anonymous_40)
FN:321,(anonymous_41)
FN:321,(anonymous_42)
FN:328,(anonymous_43)
FN:328,(anonymous_44)
FN:340,(anonymous_45)
FN:340,(anonymous_46)
FN:344,(anonymous_47)
FN:362,Input
FN:366,(anonymous_49)
FN:371,Stat
FNF:51
FNH:0
FNDA:0,CashRegistersPage
FNDA:0,(anonymous_1)
FNDA:0,(anonymous_2)
FNDA:0,(anonymous_3)
FNDA:0,(anonymous_4)
FNDA:0,(anonymous_5)
FNDA:0,(anonymous_6)
FNDA:0,(anonymous_7)
FNDA:0,(anonymous_8)
FNDA:0,(anonymous_9)
FNDA:0,(anonymous_10)
FNDA:0,(anonymous_11)
FNDA:0,(anonymous_12)
FNDA:0,(anonymous_13)
FNDA:0,(anonymous_14)
FNDA:0,(anonymous_15)
FNDA:0,(anonymous_16)
FNDA:0,(anonymous_17)
FNDA:0,(anonymous_18)
FNDA:0,(anonymous_19)
FNDA:0,(anonymous_20)
FNDA:0,(anonymous_21)
FNDA:0,(anonymous_22)
FNDA:0,(anonymous_23)
FNDA:0,(anonymous_24)
FNDA:0,(anonymous_25)
FNDA:0,(anonymous_26)
FNDA:0,(anonymous_27)
FNDA:0,(anonymous_28)
FNDA:0,(anonymous_29)
FNDA:0,(anonymous_30)
FNDA:0,(anonymous_31)
FNDA:0,(anonymous_32)
FNDA:0,(anonymous_33)
FNDA:0,(anonymous_34)
FNDA:0,(anonymous_35)
FNDA:0,(anonymous_36)
FNDA:0,(anonymous_37)
FNDA:0,(anonymous_38)
FNDA:0,(anonymous_39)
FNDA:0,(anonymous_40)
FNDA:0,(anonymous_41)
FNDA:0,(anonymous_42)
FNDA:0,(anonymous_43)
FNDA:0,(anonymous_44)
FNDA:0,(anonymous_45)
FNDA:0,(anonymous_46)
FNDA:0,(anonymous_47)
FNDA:0,Input
FNDA:0,(anonymous_49)
FNDA:0,Stat
DA:31,1
DA:46,0
DA:47,0
DA:48,0
DA:49,0
DA:50,0
DA:51,0
DA:52,0
DA:53,0
DA:55,0
DA:57,0
DA:60,0
DA:61,0
DA:62,0
DA:65,0
DA:66,0
DA:67,0
DA:68,0
DA:70,0
DA:71,0
DA:73,0
DA:74,0
DA:77,0
DA:80,0
DA:81,0
DA:82,0
DA:85,0
DA:86,0
DA:88,0
DA:89,0
DA:90,0
DA:91,0
DA:94,0
DA:98,0
DA:102,0
DA:107,0
DA:108,0
DA:109,0
DA:110,0
DA:113,0
DA:114,0
DA:115,0
DA:128,0
DA:131,0
DA:132,0
DA:133,0
DA:134,0
DA:135,0
DA:137,0
DA:140,0
DA:156,0
DA:173,0
DA:178,0
DA:184,0
DA:193,0
DA:207,0
DA:248,0
DA:257,0
DA:262,0
DA:282,0
DA:286,0
DA:291,0
DA:296,0
DA:301,0
DA:306,0
DA:311,0
DA:316,0
DA:321,0
DA:328,0
DA:340,0
DA:344,0
DA:363,0
DA:366,0
DA:382,0
LF:74
LH:1
BRDA:57,0,0,0
BRDA:57,0,1,0
BRDA:60,1,0,0
BRDA:60,1,1,0
BRDA:66,2,0,0
BRDA:66,2,1,0
BRDA:67,3,0,0
BRDA:67,3,1,0
BRDA:116,4,0,0
BRDA:116,4,1,0
BRDA:117,5,0,0
BRDA:117,5,1,0
BRDA:118,6,0,0
BRDA:118,6,1,0
BRDA:119,7,0,0
BRDA:119,7,1,0
BRDA:120,8,0,0
BRDA:120,8,1,0
BRDA:121,9,0,0
BRDA:121,9,1,0
BRDA:122,10,0,0
BRDA:122,10,1,0
BRDA:124,11,0,0
BRDA:124,11,1,0
BRDA:125,12,0,0
BRDA:125,12,1,0
BRDA:126,13,0,0
BRDA:126,13,1,0
BRDA:132,14,0,0
BRDA:132,14,1,0
BRDA:132,15,0,0
BRDA:132,15,1,0
BRDA:133,16,0,0
BRDA:133,16,1,0
BRDA:149,17,0,0
BRDA:149,17,1,0
BRDA:160,18,0,0
BRDA:160,18,1,0
BRDA:163,19,0,0
BRDA:163,19,1,0
BRDA:201,20,0,0
BRDA:201,20,1,0
BRDA:203,21,0,0
BRDA:203,21,1,0
BRDA:214,22,0,0
BRDA:214,22,1,0
BRDA:217,23,0,0
BRDA:217,23,1,0
BRDA:218,24,0,0
BRDA:218,24,1,0
BRDA:223,25,0,0
BRDA:223,25,1,0
BRDA:225,26,0,0
BRDA:225,26,1,0
BRDA:228,27,0,0
BRDA:228,27,1,0
BRDA:230,28,0,0
BRDA:230,28,1,0
BRDA:236,29,0,0
BRDA:236,29,1,0
BRDA:237,30,0,0
BRDA:237,30,1,0
BRDA:238,31,0,0
BRDA:238,31,1,0
BRDA:239,32,0,0
BRDA:239,32,1,0
BRDA:240,33,0,0
BRDA:240,33,1,0
BRDA:241,34,0,0
BRDA:241,34,1,0
BRDA:242,35,0,0
BRDA:242,35,1,0
BRDA:244,36,0,0
BRDA:244,36,1,0
BRDA:255,37,0,0
BRDA:255,37,1,0
BRDA:277,38,0,0
BRDA:277,38,1,0
BRDA:280,39,0,0
BRDA:280,39,1,0
BRDA:352,40,0,0
BRDA:352,40,1,0
BRDA:352,40,2,0
BRDA:352,40,3,0
BRDA:385,41,0,0
BRDA:385,41,1,0
BRF:86
BRH:0
end_of_record
TN:
SF:src/pages/Dashboard.tsx
FN:33,Dashboard
FN:50,(anonymous_1)
FN:55,(anonymous_2)
FN:61,(anonymous_3)
FN:67,(anonymous_4)
FN:68,(anonymous_5)
FN:73,(anonymous_6)
FN:73,(anonymous_7)
FN:74,(anonymous_8)
FN:75,(anonymous_9)
FN:80,(anonymous_10)
FN:93,(anonymous_11)
FN:98,(anonymous_12)
FN:102,(anonymous_13)
FN:104,(anonymous_14)
FN:110,(anonymous_15)
FN:115,(anonymous_16)
FN:118,(anonymous_17)
FN:126,(anonymous_18)
FN:139,(anonymous_19)
FN:143,(anonymous_20)
FN:144,(anonymous_21)
FN:147,(anonymous_22)
FN:152,(anonymous_23)
FN:154,(anonymous_24)
FN:160,(anonymous_25)
FN:161,(anonymous_26)
FN:163,(anonymous_27)
FN:164,(anonymous_28)
FN:165,(anonymous_29)
FN:180,(anonymous_30)
FN:189,(anonymous_31)
FN:203,(anonymous_32)
FN:204,(anonymous_33)
FN:205,(anonymous_34)
FN:213,(anonymous_35)
FN:226,(anonymous_36)
FN:235,(anonymous_37)
FN:238,(anonymous_38)
FN:273,(anonymous_39)
FN:278,(anonymous_40)
FN:279,(anonymous_41)
FN:291,(anonymous_42)
FN:292,(anonymous_43)
FN:311,(anonymous_44)
FN:312,(anonymous_45)
FN:326,Stat
FNF:47
FNH:0
FNDA:0,Dashboard
FNDA:0,(anonymous_1)
FNDA:0,(anonymous_2)
FNDA:0,(anonymous_3)
FNDA:0,(anonymous_4)
FNDA:0,(anonymous_5)
FNDA:0,(anonymous_6)
FNDA:0,(anonymous_7)
FNDA:0,(anonymous_8)
FNDA:0,(anonymous_9)
FNDA:0,(anonymous_10)
FNDA:0,(anonymous_11)
FNDA:0,(anonymous_12)
FNDA:0,(anonymous_13)
FNDA:0,(anonymous_14)
FNDA:0,(anonymous_15)
FNDA:0,(anonymous_16)
FNDA:0,(anonymous_17)
FNDA:0,(anonymous_18)
FNDA:0,(anonymous_19)
FNDA:0,(anonymous_20)
FNDA:0,(anonymous_21)
FNDA:0,(anonymous_22)
FNDA:0,(anonymous_23)
FNDA:0,(anonymous_24)
FNDA:0,(anonymous_25)
FNDA:0,(anonymous_26)
FNDA:0,(anonymous_27)
FNDA:0,(anonymous_28)
FNDA:0,(anonymous_29)
FNDA:0,(anonymous_30)
FNDA:0,(anonymous_31)
FNDA:0,(anonymous_32)
FNDA:0,(anonymous_33)
FNDA:0,(anonymous_34)
FNDA:0,(anonymous_35)
FNDA:0,(anonymous_36)
FNDA:0,(anonymous_37)
FNDA:0,(anonymous_38)
FNDA:0,(anonymous_39)
FNDA:0,(anonymous_40)
FNDA:0,(anonymous_41)
FNDA:0,(anonymous_42)
FNDA:0,(anonymous_43)
FNDA:0,(anonymous_44)
FNDA:0,(anonymous_45)
FNDA:0,Stat
DA:27,0
DA:34,0
DA:35,0
DA:36,0
DA:38,0
DA:39,0
DA:40,0
DA:41,0
DA:42,0
DA:43,0
DA:44,0
DA:46,0
DA:48,0
DA:50,0
DA:53,0
DA:55,0
DA:59,0
DA:61,0
DA:66,0
DA:67,0
DA:68,0
DA:71,0
DA:73,0
DA:75,0
DA:76,0
DA:80,0
DA:81,0
DA:82,0
DA:83,0
DA:84,0
DA:85,0
DA:86,0
DA:88,0
DA:91,0
DA:94,0
DA:95,0
DA:96,0
DA:98,0
DA:101,0
DA:102,0
DA:105,0
DA:106,0
DA:107,0
DA:108,0
DA:110,0
DA:113,0
DA:115,0
DA:118,0
DA:119,0
DA:122,0
DA:123,0
DA:124,0
DA:125,0
DA:127,0
DA:128,0
DA:129,0
DA:130,0
DA:131,0
DA:132,0
DA:135,0
DA:139,0
DA:140,0
DA:141,0
DA:143,0
DA:144,0
DA:145,0
DA:147,0
DA:148,0
DA:149,0
DA:150,0
DA:151,0
DA:152,0
DA:154,0
DA:156,0
DA:159,0
DA:160,0
DA:161,0
DA:162,0
DA:164,0
DA:165,0
DA:169,0
DA:180,0
DA:189,0
DA:203,0
DA:204,0
DA:205,0
DA:213,0
DA:226,0
DA:236,0
DA:239,0
DA:240,0
DA:241,0
DA:274,0
DA:278,0
DA:279,0
DA:291,0
DA:292,0
DA:311,0
DA:313,0
DA:314,0
DA:315,0
DA:317,0
DA:341,0
DA:342,0
DA:350,0
LF:105
LH:0
BRDA:35,0,0,0
BRDA:35,0,1,0
BRDA:46,1,0,0
BRDA:46,1,1,0
BRDA:46,2,0,0
BRDA:46,2,1,0
BRDA:50,3,0,0
BRDA:50,3,1,0
BRDA:56,4,0,0
BRDA:56,4,1,0
BRDA:81,5,0,0
BRDA:81,5,1,0
BRDA:81,6,0,0
BRDA:81,6,1,0
BRDA:81,6,2,0
BRDA:84,7,0,0
BRDA:84,7,1,0
BRDA:85,8,0,0
BRDA:85,8,1,0
BRDA:86,9,0,0
BRDA:86,9,1,0
BRDA:119,10,0,0
BRDA:119,10,1,0
BRDA:122,11,0,0
BRDA:122,11,1,0
BRDA:123,12,0,0
BRDA:123,12,1,0
BRDA:124,13,0,0
BRDA:124,13,1,0
BRDA:127,14,0,0
BRDA:127,14,1,0
BRDA:127,15,0,0
BRDA:127,15,1,0
BRDA:129,16,0,0
BRDA:129,16,1,0
BRDA:130,17,0,0
BRDA:130,17,1,0
BRDA:130,18,0,0
BRDA:130,18,1,0
BRDA:130,18,2,0
BRDA:130,18,3,0
BRDA:131,19,0,0
BRDA:131,19,1,0
BRDA:140,20,0,0
BRDA:140,20,1,0
BRDA:140,21,0,0
BRDA:140,21,1,0
BRDA:144,22,0,0
BRDA:144,22,1,0
BRDA:144,23,0,0
BRDA:144,23,1,0
BRDA:148,24,0,0
BRDA:148,24,1,0
BRDA:149,25,0,0
BRDA:149,25,1,0
BRDA:150,26,0,0
BRDA:150,26,1,0
BRDA:152,27,0,0
BRDA:152,27,1,0
BRDA:162,28,0,0
BRDA:162,28,1,0
BRDA:164,29,0,0
BRDA:164,29,1,0
BRDA:177,30,0,0
BRDA:177,30,1,0
BRDA:184,31,0,0
BRDA:184,31,1,0
BRDA:185,32,0,0
BRDA:185,32,1,0
BRDA:187,33,0,0
BRDA:187,33,1,0
BRDA:201,34,0,0
BRDA:201,34,1,0
BRDA:202,35,0,0
BRDA:202,35,1,0
BRDA:206,36,0,0
BRDA:206,36,1,0
BRDA:220,37,0,0
BRDA:220,37,1,0
BRDA:240,38,0,0
BRDA:240,38,1,0
BRDA:240,39,0,0
BRDA:240,39,1,0
BRDA:245,40,0,0
BRDA:245,40,1,0
BRDA:257,41,0,0
BRDA:257,41,1,0
BRDA:260,42,0,0
BRDA:260,42,1,0
BRDA:262,43,0,0
BRDA:262,43,1,0
BRDA:266,44,0,0
BRDA:266,44,1,0
BRDA:268,45,0,0
BRDA:268,45,1,0
BRDA:269,46,0,0
BRDA:269,46,1,0
BRDA:274,47,0,0
BRDA:274,47,1,0
BRDA:281,48,0,0
BRDA:281,48,1,0
BRDA:294,49,0,0
BRDA:294,49,1,0
BRDA:305,50,0,0
BRDA:305,50,1,0
BRDA:305,50,2,0
BRDA:309,51,0,0
BRDA:309,51,1,0
BRDA:314,52,0,0
BRDA:314,52,1,0
BRDA:341,53,0,0
BRDA:341,53,1,0
BRDA:354,54,0,0
BRDA:354,54,1,0
BRF:114
BRH:0
end_of_record
TN:
SF:src/pages/Login.tsx
FN:6,Login
FN:15,(anonymous_1)
FN:58,(anonymous_2)
FN:70,(anonymous_3)
FNF:4
FNH:4
FNDA:5,Login
FNDA:1,(anonymous_1)
FNDA:1,(anonymous_2)
FNDA:1,(anonymous_3)
DA:7,5
DA:8,5
DA:9,5
DA:10,5
DA:11,5
DA:13,5
DA:15,5
DA:16,1
DA:17,1
DA:18,1
DA:19,1
DA:20,1
DA:22,1
DA:24,1
DA:28,5
DA:58,1
DA:70,1
LF:17
LH:17
BRDA:13,0,0,0
BRDA:13,0,1,5
BRDA:46,1,0,5
BRDA:46,1,1,1
BRDA:80,2,0,1
BRDA:80,2,1,4
BRF:6
BRH:5
end_of_record
TN:
SF:src/pages/LogsPage.tsx
FN:22,severityBadge
FN:35,LogsPage
FN:43,(anonymous_2)
FN:48,(anonymous_3)
FN:49,(anonymous_4)
FN:50,(anonymous_5)
FN:51,(anonymous_6)
FN:62,(anonymous_7)
FN:73,(anonymous_8)
FN:79,(anonymous_9)
FN:132,(anonymous_10)
FN:138,(anonymous_11)
FN:141,(anonymous_12)
FN:149,(anonymous_13)
FN:152,(anonymous_14)
FN:180,(anonymous_15)
FNF:16
FNH:0
FNDA:0,severityBadge
FNDA:0,LogsPage
FNDA:0,(anonymous_2)
FNDA:0,(anonymous_3)
FNDA:0,(anonymous_4)
FNDA:0,(anonymous_5)
FNDA:0,(anonymous_6)
FNDA:0,(anonymous_7)
FNDA:0,(anonymous_8)
FNDA:0,(anonymous_9)
FNDA:0,(anonymous_10)
FNDA:0,(anonymous_11)
FNDA:0,(anonymous_12)
FNDA:0,(anonymous_13)
FNDA:0,(anonymous_14)
FNDA:0,(anonymous_15)
DA:6,1
DA:14,1
DA:23,0
DA:24,0
DA:26,0
DA:27,0
DA:29,0
DA:30,0
DA:32,0
DA:36,0
DA:37,0
DA:38,0
DA:39,0
DA:41,0
DA:43,0
DA:46,0
DA:47,0
DA:48,0
DA:49,0
DA:50,0
DA:51,0
DA:54,0
DA:62,0
DA:73,0
DA:79,0
DA:132,0
DA:139,0
DA:141,0
DA:150,0
DA:152,0
DA:181,0
LF:31
LH:2
BRDA:23,0,0,0
BRDA:23,0,1,0
BRDA:26,1,0,0
BRDA:26,1,1,0
BRDA:29,2,0,0
BRDA:29,2,1,0
BRDA:43,3,0,0
BRDA:43,3,1,0
BRDA:46,4,0,0
BRDA:46,4,1,0
BRDA:47,5,0,0
BRDA:47,5,1,0
BRDA:66,6,0,0
BRDA:66,6,1,0
BRDA:74,7,0,0
BRDA:74,7,1,0
BRDA:80,8,0,0
BRDA:80,8,1,0
BRDA:86,9,0,0
BRDA:86,9,1,0
BRDA:117,10,0,0
BRDA:117,10,1,0
BRDA:142,11,0,0
BRDA:142,11,1,0
BRDA:153,12,0,0
BRDA:153,12,1,0
BRDA:162,13,0,0
BRDA:162,13,1,0
BRDA:166,14,0,0
BRDA:166,14,1,0
BRDA:185,15,0,0
BRDA:185,15,1,0
BRDA:186,16,0,0
BRDA:186,16,1,0
BRF:34
BRH:0
end_of_record
TN:
SF:src/pages/MediaPlayersPage.tsx
FN:34,MediaPlayersPage
FN:56,(anonymous_1)
FN:60,(anonymous_2)
FN:61,(anonymous_3)
FN:66,(anonymous_4)
FN:71,(anonymous_5)
FN:71,(anonymous_6)
FN:72,(anonymous_7)
FN:73,(anonymous_8)
FN:78,(anonymous_9)
FN:91,(anonymous_10)
FN:96,(anonymous_11)
FN:100,(anonymous_12)
FN:102,(anonymous_13)
FN:108,(anonymous_14)
FN:113,(anonymous_15)
FN:116,(anonymous_16)
FN:120,(anonymous_17)
FN:122,(anonymous_18)
FN:138,(anonymous_19)
FN:146,(anonymous_20)
FN:152,(anonymous_21)
FN:158,(anonymous_22)
FN:167,(anonymous_23)
FN:168,(anonymous_24)
FN:171,(anonymous_25)
FN:177,(anonymous_26)
FN:178,(anonymous_27)
FN:191,(anonymous_28)
FN:199,(anonymous_29)
FN:208,(anonymous_30)
FN:216,(anonymous_31)
FN:228,(anonymous_32)
FN:229,(anonymous_33)
FN:230,(anonymous_34)
FN:239,(anonymous_35)
FN:247,(anonymous_36)
FN:250,(anonymous_37)
FN:269,(anonymous_38)
FN:277,(anonymous_39)
FN:284,(anonymous_40)
FN:291,(anonymous_41)
FN:317,(anonymous_42)
FN:321,(anonymous_43)
FN:322,(anonymous_44)
FN:337,(anonymous_45)
FN:338,(anonymous_46)
FN:348,(anonymous_47)
FN:353,Stat
FNF:49
FNH:0
FNDA:0,MediaPlayersPage
FNDA:0,(anonymous_1)
FNDA:0,(anonymous_2)
FNDA:0,(anonymous_3)
FNDA:0,(anonymous_4)
FNDA:0,(anonymous_5)
FNDA:0,(anonymous_6)
FNDA:0,(anonymous_7)
FNDA:0,(anonymous_8)
FNDA:0,(anonymous_9)
FNDA:0,(anonymous_10)
FNDA:0,(anonymous_11)
FNDA:0,(anonymous_12)
FNDA:0,(anonymous_13)
FNDA:0,(anonymous_14)
FNDA:0,(anonymous_15)
FNDA:0,(anonymous_16)
FNDA:0,(anonymous_17)
FNDA:0,(anonymous_18)
FNDA:0,(anonymous_19)
FNDA:0,(anonymous_20)
FNDA:0,(anonymous_21)
FNDA:0,(anonymous_22)
FNDA:0,(anonymous_23)
FNDA:0,(anonymous_24)
FNDA:0,(anonymous_25)
FNDA:0,(anonymous_26)
FNDA:0,(anonymous_27)
FNDA:0,(anonymous_28)
FNDA:0,(anonymous_29)
FNDA:0,(anonymous_30)
FNDA:0,(anonymous_31)
FNDA:0,(anonymous_32)
FNDA:0,(anonymous_33)
FNDA:0,(anonymous_34)
FNDA:0,(anonymous_35)
FNDA:0,(anonymous_36)
FNDA:0,(anonymous_37)
FNDA:0,(anonymous_38)
FNDA:0,(anonymous_39)
FNDA:0,(anonymous_40)
FNDA:0,(anonymous_41)
FNDA:0,(anonymous_42)
FNDA:0,(anonymous_43)
FNDA:0,(anonymous_44)
FNDA:0,(anonymous_45)
FNDA:0,(anonymous_46)
FNDA:0,(anonymous_47)
FNDA:0,Stat
DA:27,0
DA:35,0
DA:36,0
DA:37,0
DA:39,0
DA:40,0
DA:41,0
DA:42,0
DA:43,0
DA:44,0
DA:45,0
DA:46,0
DA:47,0
DA:48,0
DA:49,0
DA:51,0
DA:52,0
DA:54,0
DA:56,0
DA:59,0
DA:60,0
DA:61,0
DA:64,0
DA:66,0
DA:69,0
DA:71,0
DA:73,0
DA:74,0
DA:78,0
DA:79,0
DA:80,0
DA:81,0
DA:82,0
DA:83,0
DA:84,0
DA:86,0
DA:89,0
DA:92,0
DA:93,0
DA:94,0
DA:96,0
DA:99,0
DA:100,0
DA:103,0
DA:104,0
DA:105,0
DA:106,0
DA:108,0
DA:111,0
DA:113,0
DA:116,0
DA:117,0
DA:120,0
DA:121,0
DA:122,0
DA:123,0
DA:126,0
DA:131,0
DA:136,0
DA:139,0
DA:140,0
DA:144,0
DA:147,0
DA:148,0
DA:152,0
DA:153,0
DA:154,0
DA:155,0
DA:158,0
DA:159,0
DA:160,0
DA:161,0
DA:163,0
DA:166,0
DA:167,0
DA:168,0
DA:169,0
DA:171,0
DA:172,0
DA:173,0
DA:174,0
DA:176,0
DA:177,0
DA:178,0
DA:179,0
DA:181,0
DA:191,0
DA:199,0
DA:208,0
DA:216,0
DA:228,0
DA:229,0
DA:230,0
DA:239,0
DA:248,0
DA:250,0
DA:269,0
DA:277,0
DA:284,0
DA:291,0
DA:318,0
DA:321,0
DA:322,0
DA:337,0
DA:339,0
DA:340,0
DA:341,0
DA:343,0
DA:348,0
DA:368,0
LF:110
LH:0
BRDA:36,0,0,0
BRDA:36,0,1,0
BRDA:51,1,0,0
BRDA:51,1,1,0
BRDA:56,2,0,0
BRDA:56,2,1,0
BRDA:79,3,0,0
BRDA:79,3,1,0
BRDA:79,4,0,0
BRDA:79,4,1,0
BRDA:79,4,2,0
BRDA:82,5,0,0
BRDA:82,5,1,0
BRDA:83,6,0,0
BRDA:83,6,1,0
BRDA:84,7,0,0
BRDA:84,7,1,0
BRDA:117,8,0,0
BRDA:117,8,1,0
BRDA:154,9,0,0
BRDA:154,9,1,0
BRDA:160,10,0,0
BRDA:160,10,1,0
BRDA:160,11,0,0
BRDA:160,11,1,0
BRDA:166,12,0,0
BRDA:166,12,1,0
BRDA:168,13,0,0
BRDA:168,13,1,0
BRDA:168,14,0,0
BRDA:168,14,1,0
BRDA:172,15,0,0
BRDA:172,15,1,0
BRDA:173,16,0,0
BRDA:173,16,1,0
BRDA:179,17,0,0
BRDA:179,17,1,0
BRDA:179,17,2,0
BRDA:179,17,3,0
BRDA:195,18,0,0
BRDA:195,18,1,0
BRDA:196,19,0,0
BRDA:196,19,1,0
BRDA:204,20,0,0
BRDA:204,20,1,0
BRDA:205,21,0,0
BRDA:205,21,1,0
BRDA:214,22,0,0
BRDA:214,22,1,0
BRDA:252,23,0,0
BRDA:252,23,1,0
BRDA:264,24,0,0
BRDA:264,24,1,0
BRDA:273,25,0,0
BRDA:273,25,1,0
BRDA:295,26,0,0
BRDA:295,26,1,0
BRDA:299,27,0,0
BRDA:299,27,1,0
BRDA:306,28,0,0
BRDA:306,28,1,0
BRDA:310,29,0,0
BRDA:310,29,1,0
BRDA:324,30,0,0
BRDA:324,30,1,0
BRDA:332,31,0,0
BRDA:332,31,1,0
BRDA:335,32,0,0
BRDA:335,32,1,0
BRDA:340,33,0,0
BRDA:340,33,1,0
BRDA:348,34,0,0
BRDA:348,34,1,0
BRDA:372,35,0,0
BRDA:372,35,1,0
BRF:75
BRH:0
end_of_record
TN:
SF:src/pages/ServiceFlowMapPage.tsx
FN:45,formatRate
FN:50,statusClass
FN:57,edgeColor
FN:65,TimelineChart
FN:70,(anonymous_4)
FN:73,(anonymous_5)
FN:89,ServiceFlowMapPage
FN:99,(anonymous_7)
FN:111,(anonymous_8)
FN:121,(anonymous_9)
FN:123,(anonymous_10)
FN:133,(anonymous_11)
FN:133,(anonymous_12)
FN:135,(anonymous_13)
FN:137,(anonymous_14)
FN:144,(anonymous_15)
FN:148,(anonymous_16)
FN:153,(anonymous_17)
FN:154,(anonymous_18)
FN:174,(anonymous_19)
FN:175,(anonymous_20)
FN:190,(anonymous_21)
FN:191,(anonymous_22)
FN:195,(anonymous_23)
FN:196,(anonymous_24)
FN:208,(anonymous_25)
FN:208,(anonymous_26)
FN:217,(anonymous_27)
FN:223,(anonymous_28)
FN:234,(anonymous_29)
FN:243,(anonymous_30)
FN:282,(anonymous_31)
FN:310,(anonymous_32)
FNF:33
FNH:0
FNDA:0,formatRate
FNDA:0,statusClass
FNDA:0,edgeColor
FNDA:0,TimelineChart
FNDA:0,(anonymous_4)
FNDA:0,(anonymous_5)
FNDA:0,ServiceFlowMapPage
FNDA:0,(anonymous_7)
FNDA:0,(anonymous_8)
FNDA:0,(anonymous_9)
FNDA:0,(anonymous_10)
FNDA:0,(anonymous_11)
FNDA:0,(anonymous_12)
FNDA:0,(anonymous_13)
FNDA:0,(anonymous_14)
FNDA:0,(anonymous_15)
FNDA:0,(anonymous_16)
FNDA:0,(anonymous_17)
FNDA:0,(anonymous_18)
FNDA:0,(anonymous_19)
FNDA:0,(anonymous_20)
FNDA:0,(anonymous_21)
FNDA:0,(anonymous_22)
FNDA:0,(anonymous_23)
FNDA:0,(anonymous_24)
FNDA:0,(anonymous_25)
FNDA:0,(anonymous_26)
FNDA:0,(anonymous_27)
FNDA:0,(anonymous_28)
FNDA:0,(anonymous_29)
FNDA:0,(anonymous_30)
FNDA:0,(anonymous_31)
FNDA:0,(anonymous_32)
DA:24,0
DA:28,0
DA:46,0
DA:47,0
DA:51,0
DA:52,0
DA:53,0
DA:54,0
DA:58,0
DA:59,0
DA:60,0
DA:61,0
DA:62,0
DA:70,0
DA:71,0
DA:72,0
DA:74,0
DA:75,0
DA:76,0
DA:79,0
DA:90,0
DA:91,0
DA:92,0
DA:93,0
DA:94,0
DA:95,0
DA:97,0
DA:99,0
DA:103,0
DA:111,0
DA:121,0
DA:122,0
DA:123,0
DA:124,0
DA:126,0
DA:129,0
DA:133,0
DA:135,0
DA:136,0
DA:137,0
DA:138,0
DA:139,0
DA:140,0
DA:144,0
DA:145,0
DA:146,0
DA:147,0
DA:148,0
DA:152,0
DA:154,0
DA:155,0
DA:156,0
DA:173,0
DA:175,0
DA:190,0
DA:191,0
DA:192,0
DA:195,0
DA:196,0
DA:197,0
DA:200,0
DA:208,0
DA:217,0
DA:223,0
DA:234,0
DA:243,0
DA:283,0
DA:311,0
LF:68
LH:0
BRDA:46,0,0,0
BRDA:46,0,1,0
BRDA:46,1,0,0
BRDA:46,1,1,0
BRDA:51,2,0,0
BRDA:51,2,1,0
BRDA:52,3,0,0
BRDA:52,3,1,0
BRDA:53,4,0,0
BRDA:53,4,1,0
BRDA:58,5,0,0
BRDA:58,5,1,0
BRDA:59,6,0,0
BRDA:59,6,1,0
BRDA:60,7,0,0
BRDA:60,7,1,0
BRDA:61,8,0,0
BRDA:61,8,1,0
BRDA:70,9,0,0
BRDA:70,9,1,0
BRDA:75,10,0,0
BRDA:75,10,1,0
BRDA:100,11,0,0
BRDA:100,11,1,0
BRDA:107,12,0,0
BRDA:107,12,1,0
BRDA:108,13,0,0
BRDA:108,13,1,0
BRDA:109,14,0,0
BRDA:109,14,1,0
BRDA:113,15,0,0
BRDA:113,15,1,0
BRDA:115,16,0,0
BRDA:115,16,1,0
BRDA:118,17,0,0
BRDA:118,17,1,0
BRDA:122,18,0,0
BRDA:122,18,1,0
BRDA:124,19,0,0
BRDA:124,19,1,0
BRDA:126,20,0,0
BRDA:126,20,1,0
BRDA:126,20,2,0
BRDA:129,21,0,0
BRDA:129,21,1,0
BRDA:136,22,0,0
BRDA:136,22,1,0
BRDA:138,23,0,0
BRDA:138,23,1,0
BRDA:139,24,0,0
BRDA:139,24,1,0
BRDA:140,25,0,0
BRDA:140,25,1,0
BRDA:145,26,0,0
BRDA:145,26,1,0
BRDA:146,27,0,0
BRDA:146,27,1,0
BRDA:148,28,0,0
BRDA:148,28,1,0
BRDA:155,29,0,0
BRDA:155,29,1,0
BRDA:184,30,0,0
BRDA:184,30,1,0
BRDA:192,31,0,0
BRDA:192,31,1,0
BRDA:197,32,0,0
BRDA:197,32,1,0
BRDA:209,33,0,0
BRDA:209,33,1,0
BRDA:252,34,0,0
BRDA:252,34,1,0
BRDA:273,35,0,0
BRDA:273,35,1,0
BRDA:274,36,0,0
BRDA:274,36,1,0
BRDA:280,37,0,0
BRDA:280,37,1,0
BRDA:290,38,0,0
BRDA:290,38,1,0
BRDA:300,39,0,0
BRDA:300,39,1,0
BRDA:305,40,0,0
BRDA:305,40,1,0
BRDA:318,41,0,0
BRDA:318,41,1,0
BRDA:321,42,0,0
BRDA:321,42,1,0
BRF:87
BRH:0
end_of_record
TN:
SF:src/pages/SwitchesPage.tsx
FN:14,SwitchesPage
FN:29,(anonymous_1)
FN:34,(anonymous_2)
FN:35,(anonymous_3)
FN:36,(anonymous_4)
FN:39,(anonymous_5)
FN:40,(anonymous_6)
FN:47,(anonymous_7)
FN:48,(anonymous_8)
FN:49,(anonymous_9)
FN:56,(anonymous_10)
FN:60,(anonymous_11)
FN:61,(anonymous_12)
FN:64,(anonymous_13)
FN:75,(anonymous_14)
FN:94,(anonymous_15)
FN:102,(anonymous_16)
FN:110,(anonymous_17)
FN:122,(anonymous_18)
FN:123,(anonymous_19)
FN:124,(anonymous_20)
FN:132,(anonymous_21)
FN:145,(anonymous_22)
FN:149,(anonymous_23)
FN:150,(anonymous_24)
FN:152,(anonymous_25)
FN:164,(anonymous_26)
FN:178,(anonymous_27)
FN:185,(anonymous_28)
FN:188,(anonymous_29)
FN:193,Stat
FNF:31
FNH:0
FNDA:0,SwitchesPage
FNDA:0,(anonymous_1)
FNDA:0,(anonymous_2)
FNDA:0,(anonymous_3)
FNDA:0,(anonymous_4)
FNDA:0,(anonymous_5)
FNDA:0,(anonymous_6)
FNDA:0,(anonymous_7)
FNDA:0,(anonymous_8)
FNDA:0,(anonymous_9)
FNDA:0,(anonymous_10)
FNDA:0,(anonymous_11)
FNDA:0,(anonymous_12)
FNDA:0,(anonymous_13)
FNDA:0,(anonymous_14)
FNDA:0,(anonymous_15)
FNDA:0,(anonymous_16)
FNDA:0,(anonymous_17)
FNDA:0,(anonymous_18)
FNDA:0,(anonymous_19)
FNDA:0,(anonymous_20)
FNDA:0,(anonymous_21)
FNDA:0,(anonymous_22)
FNDA:0,(anonymous_23)
FNDA:0,(anonymous_24)
FNDA:0,(anonymous_25)
FNDA:0,(anonymous_26)
FNDA:0,(anonymous_27)
FNDA:0,(anonymous_28)
FNDA:0,(anonymous_29)
FNDA:0,Stat
DA:15,0
DA:16,0
DA:17,0
DA:19,0
DA:20,0
DA:21,0
DA:22,0
DA:23,0
DA:24,0
DA:25,0
DA:27,0
DA:29,0
DA:33,0
DA:34,0
DA:35,0
DA:36,0
DA:37,0
DA:39,0
DA:40,0
DA:41,0
DA:42,0
DA:43,0
DA:46,0
DA:47,0
DA:48,0
DA:50,0
DA:51,0
DA:54,0
DA:56,0
DA:59,0
DA:60,0
DA:61,0
DA:64,0
DA:65,0
DA:66,0
DA:68,0
DA:70,0
DA:71,0
DA:72,0
DA:75,0
DA:76,0
DA:79,0
DA:94,0
DA:102,0
DA:110,0
DA:122,0
DA:123,0
DA:124,0
DA:132,0
DA:146,0
DA:149,0
DA:150,0
DA:152,0
DA:164,0
DA:178,0
DA:185,0
DA:188,0
DA:208,0
LF:58
LH:0
BRDA:16,0,0,0
BRDA:16,0,1,0
BRDA:29,1,0,0
BRDA:29,1,1,0
BRDA:33,2,0,0
BRDA:33,2,1,0
BRDA:36,3,0,0
BRDA:36,3,1,0
BRDA:36,4,0,0
BRDA:36,4,1,0
BRDA:41,5,0,0
BRDA:41,5,1,0
BRDA:42,6,0,0
BRDA:42,6,1,0
BRDA:65,7,0,0
BRDA:65,7,1,0
BRDA:76,8,0,0
BRDA:76,8,1,0
BRDA:98,9,0,0
BRDA:98,9,1,0
BRDA:99,10,0,0
BRDA:99,10,1,0
BRDA:108,11,0,0
BRDA:108,11,1,0
BRDA:139,12,0,0
BRDA:139,12,1,0
BRDA:143,13,0,0
BRDA:143,13,1,0
BRDA:162,14,0,0
BRDA:162,14,1,0
BRDA:174,15,0,0
BRDA:174,15,1,0
BRDA:176,16,0,0
BRDA:176,16,1,0
BRDA:181,17,0,0
BRDA:181,17,1,0
BRDA:188,18,0,0
BRDA:188,18,1,0
BRDA:212,19,0,0
BRDA:212,19,1,0
BRF:40
BRH:0
end_of_record
TN:
SF:src/pages/Users.tsx
FN:14,UsersPage
FN:27,(anonymous_1)
FN:39,(anonymous_2)
FN:44,(anonymous_3)
FN:48,(anonymous_4)
FN:50,(anonymous_5)
FN:56,(anonymous_6)
FN:61,(anonymous_7)
FN:64,(anonymous_8)
FN:73,(anonymous_9)
FN:77,(anonymous_10)
FN:90,(anonymous_11)
FN:104,(anonymous_12)
FN:108,(anonymous_13)
FN:135,(anonymous_14)
FN:189,(anonymous_15)
FN:197,(anonymous_16)
FN:218,(anonymous_17)
FN:219,(anonymous_18)
FNF:19
FNH:0
FNDA:0,UsersPage
FNDA:0,(anonymous_1)
FNDA:0,(anonymous_2)
FNDA:0,(anonymous_3)
FNDA:0,(anonymous_4)
FNDA:0,(anonymous_5)
FNDA:0,(anonymous_6)
FNDA:0,(anonymous_7)
FNDA:0,(anonymous_8)
FNDA:0,(anonymous_9)
FNDA:0,(anonymous_10)
FNDA:0,(anonymous_11)
FNDA:0,(anonymous_12)
FNDA:0,(anonymous_13)
FNDA:0,(anonymous_14)
FNDA:0,(anonymous_15)
FNDA:0,(anonymous_16)
FNDA:0,(anonymous_17)
FNDA:0,(anonymous_18)
DA:15,0
DA:16,0
DA:18,0
DA:19,0
DA:20,0
DA:22,0
DA:27,0
DA:28,0
DA:29,0
DA:30,0
DA:31,0
DA:32,0
DA:34,0
DA:37,0
DA:40,0
DA:41,0
DA:42,0
DA:44,0
DA:47,0
DA:48,0
DA:51,0
DA:52,0
DA:53,0
DA:54,0
DA:56,0
DA:59,0
DA:61,0
DA:64,0
DA:65,0
DA:66,0
DA:67,0
DA:71,0
DA:72,0
DA:73,0
DA:74,0
DA:75,0
DA:77,0
DA:78,0
DA:79,0
DA:82,0
DA:90,0
DA:104,0
DA:108,0
DA:136,0
DA:189,0
DA:197,0
DA:218,0
DA:220,0
DA:221,0
DA:222,0
DA:224,0
LF:51
LH:0
BRDA:28,0,0,0
BRDA:28,0,1,0
BRDA:28,1,0,0
BRDA:28,1,1,0
BRDA:28,1,2,0
BRDA:31,2,0,0
BRDA:31,2,1,0
BRDA:32,3,0,0
BRDA:32,3,1,0
BRDA:65,4,0,0
BRDA:65,4,1,0
BRDA:66,5,0,0
BRDA:66,5,1,0
BRDA:71,6,0,0
BRDA:71,6,1,0
BRDA:74,7,0,0
BRDA:74,7,1,0
BRDA:78,8,0,0
BRDA:78,8,1,0
BRDA:113,9,0,0
BRDA:113,9,1,0
BRDA:117,10,0,0
BRDA:117,10,1,0
BRDA:139,11,0,0
BRDA:139,11,1,0
BRDA:140,12,0,0
BRDA:140,12,1,0
BRDA:147,13,0,0
BRDA:147,13,1,0
BRDA:155,14,0,0
BRDA:155,14,1,0
BRDA:160,15,0,0
BRDA:160,15,1,0
BRDA:166,16,0,0
BRDA:166,16,1,0
BRDA:171,17,0,0
BRDA:171,17,1,0
BRDA:175,18,0,0
BRDA:175,18,1,0
BRDA:195,19,0,0
BRDA:195,19,1,0
BRDA:213,20,0,0
BRDA:213,20,1,0
BRDA:216,21,0,0
BRDA:216,21,1,0
BRDA:221,22,0,0
BRDA:221,22,1,0
BRF:47
BRH:0
end_of_record
TN:
SF:src/test/server.ts
FNF:0
FNH:0
DA:3,5
LF:1
LH:1
BRF:0
BRH:0
end_of_record
