TN:
SF:src/App.tsx
FN:10,(anonymous_0)
FN:11,(anonymous_1)
FN:12,(anonymous_2)
FN:13,(anonymous_3)
FN:14,(anonymous_4)
FN:15,(anonymous_5)
FN:16,(anonymous_6)
FN:17,(anonymous_7)
FN:18,(anonymous_8)
FN:19,(anonymous_9)
FN:20,(anonymous_10)
FN:24,ProtectedRoute
FN:28,(anonymous_12)
FN:30,(anonymous_13)
FN:38,(anonymous_14)
FN:46,(anonymous_15)
FN:60,AdminRoute
FN:66,RouteLoader
FN:74,AnimatedRoutes
FN:114,App
FNF:20
FNH:8
FNDA:1,(anonymous_0)
FNDA:0,(anonymous_1)
FNDA:0,(anonymous_2)
FNDA:0,(anonymous_3)
FNDA:0,(anonymous_4)
FNDA:0,(anonymous_5)
FNDA:0,(anonymous_6)
FNDA:0,(anonymous_7)
FNDA:0,(anonymous_8)
FNDA:0,(anonymous_9)
FNDA:1,(anonymous_10)
FNDA:3,ProtectedRoute
FNDA:3,(anonymous_12)
FNDA:0,(anonymous_13)
FNDA:0,(anonymous_14)
FNDA:2,(anonymous_15)
FNDA:0,AdminRoute
FNDA:2,RouteLoader
FNDA:2,AnimatedRoutes
FNDA:3,App
DA:10,1
DA:11,1
DA:12,1
DA:13,1
DA:14,1
DA:15,1
DA:16,1
DA:17,1
DA:18,1
DA:19,1
DA:20,1
DA:22,1
DA:25,3
DA:26,3
DA:28,3
DA:29,3
DA:30,2
DA:31,0
DA:39,0
DA:40,0
DA:41,0
DA:42,0
DA:43,0
DA:46,2
DA:49,3
DA:50,0
DA:56,3
DA:57,2
DA:61,0
DA:62,0
DA:63,0
DA:67,2
DA:75,2
DA:76,2
DA:115,3
LF:35
LH:25
BRDA:29,0,0,1
BRDA:29,0,1,2
BRDA:49,1,0,0
BRDA:49,1,1,3
BRDA:56,2,0,1
BRDA:56,2,1,2
BRDA:62,3,0,0
BRDA:62,3,1,0
BRF:8
BRH:5
end_of_record
TN:
SF:src/auth.tsx
FN:26,AuthProvider
FN:30,(anonymous_1)
FN:35,(anonymous_2)
FN:36,(anonymous_3)
FN:42,(anonymous_4)
FN:49,(anonymous_5)
FN:62,useAuth
FNF:7
FNH:5
FNDA:6,AuthProvider
FNDA:2,(anonymous_1)
FNDA:0,(anonymous_2)
FNDA:0,(anonymous_3)
FNDA:1,(anonymous_4)
FNDA:1,(anonymous_5)
FNDA:5,useAuth
DA:24,1
DA:27,6
DA:28,6
DA:30,6
DA:31,2
DA:32,2
DA:33,0
DA:35,0
DA:36,0
DA:38,2
DA:42,6
DA:43,1
DA:44,1
DA:45,1
DA:46,1
DA:49,6
DA:50,1
DA:51,1
DA:52,1
DA:55,6
DA:63,5
DA:64,5
DA:65,5
LF:23
LH:20
BRDA:32,0,0,0
BRDA:32,0,1,2
BRDA:64,1,0,0
BRDA:64,1,1,5
BRF:4
BRH:2
end_of_record
TN:
SF:src/autoRefresh.ts
FN:9,readAutoRefreshEnabled
FN:16,writeAutoRefreshEnabled
FN:21,readAutoRefreshIntervalMinutes
FN:31,writeAutoRefreshIntervalMinutes
FNF:4
FNH:0
FNDA:0,readAutoRefreshEnabled
FNDA:0,writeAutoRefreshEnabled
FNDA:0,readAutoRefreshIntervalMinutes
FNDA:0,writeAutoRefreshIntervalMinutes
DA:1,0
DA:2,0
DA:3,0
DA:6,0
DA:7,0
DA:10,0
DA:11,0
DA:12,0
DA:13,0
DA:17,0
DA:18,0
DA:22,0
DA:23,0
DA:24,0
DA:25,0
DA:26,0
DA:28,0
DA:32,0
DA:33,0
LF:19
LH:0
BRDA:10,0,0,0
BRDA:10,0,1,0
BRDA:12,1,0,0
BRDA:12,1,1,0
BRDA:17,2,0,0
BRDA:17,2,1,0
BRDA:22,3,0,0
BRDA:22,3,1,0
BRDA:25,4,0,0
BRDA:25,4,1,0
BRDA:32,5,0,0
BRDA:32,5,1,0
BRF:12
BRH:0
end_of_record
TN:
SF:src/client.ts
FN:8,(anonymous_0)
FN:17,(anonymous_1)
FN:18,(anonymous_2)
FN:31,login
FN:41,logout
FN:49,getMe
FN:71,getUsers
FN:76,createUser
FN:86,updateUser
FN:94,deleteUser
FN:120,getEventLogs
FN:146,getGeneralSettings
FN:151,updateGeneralSettings
FN:176,runOneCExchangeByBarcode
FN:190,exportQrGenerator
FN:213,getComputers
FN:220,createComputer
FN:229,updateComputer
FN:234,deleteComputer
FN:238,pollComputer
FN:243,pollAllComputers
FN:288,getTonerPredictions
FN:295,getOfflineRiskPredictions
FN:304,getMLModelStatus
FN:309,runMLCycle
FN:341,getCashRegisters
FN:348,createCashRegister
FN:366,updateCashRegister
FN:371,deleteCashRegister
FN:375,pollCashRegister
FN:380,pollAllCashRegisters
FN:385,getCashRegistersExportUrl
FN:424,getPrinters
FN:431,createPrinter
FN:448,updatePrinter
FN:453,deletePrinter
FN:457,pollPrinter
FN:462,pollAllPrinters
FN:529,startScan
FN:534,getScanStatus
FN:539,getScanResults
FN:544,getScannerSettings
FN:557,smartSearchComputersInNetwork
FN:567,smartSearchCashRegistersInNetwork
FN:577,addDiscoveredPrinter
FN:588,updatePrinterIp
FN:595,startIconbitDiscoveryScan
FN:600,getIconbitDiscoveryResults
FN:605,addDiscoveredIconbit
FN:615,updateDiscoveredIconbitIp
FN:622,startSwitchDiscoveryScan
FN:627,getSwitchDiscoveryResults
FN:632,addDiscoveredSwitch
FN:642,updateDiscoveredSwitchIp
FN:674,getMediaPlayers
FN:682,createMediaPlayer
FN:694,updateMediaPlayer
FN:699,deleteMediaPlayer
FN:703,pollMediaPlayer
FN:708,rediscoverMediaPlayers
FN:713,pollAllMediaPlayers
FN:732,getIconbitStatus
FN:737,iconbitPlay
FN:742,iconbitStop
FN:747,iconbitPlayFile
FN:752,iconbitDeleteFile
FN:757,iconbitUpload
FN:766,iconbitBulkPlay
FN:771,iconbitBulkStop
FN:776,iconbitBulkUpload
FN:785,iconbitBulkDeleteFile
FN:790,iconbitBulkPlayFile
FN:795,iconbitBulkReplace
FN:872,getSwitches
FN:879,createSwitch
FN:897,updateSwitch
FN:902,deleteSwitch
FN:906,pollSwitch
FN:911,pollAllSwitches
FN:915,getSwitchAPs
FN:920,rebootAP
FN:925,getSwitchPorts
FN:932,setSwitchPortAdminState
FN:938,setSwitchPortDescription
FN:944,setSwitchPortVlan
FN:950,setSwitchPortPoe
FN:956,setSwitchPortMode
FNF:87
FNH:2
FNDA:1,(anonymous_0)
FNDA:0,(anonymous_1)
FNDA:1,(anonymous_2)
FNDA:0,login
FNDA:0,logout
FNDA:0,getMe
FNDA:0,getUsers
FNDA:0,createUser
FNDA:0,updateUser
FNDA:0,deleteUser
FNDA:0,getEventLogs
FNDA:0,getGeneralSettings
FNDA:0,updateGeneralSettings
FNDA:0,runOneCExchangeByBarcode
FNDA:0,exportQrGenerator
FNDA:0,getComputers
FNDA:0,createComputer
FNDA:0,updateComputer
FNDA:0,deleteComputer
FNDA:0,pollComputer
FNDA:0,pollAllComputers
FNDA:0,getTonerPredictions
FNDA:0,getOfflineRiskPredictions
FNDA:0,getMLModelStatus
FNDA:0,runMLCycle
FNDA:0,getCashRegisters
FNDA:0,createCashRegister
FNDA:0,updateCashRegister
FNDA:0,deleteCashRegister
FNDA:0,pollCashRegister
FNDA:0,pollAllCashRegisters
FNDA:0,getCashRegistersExportUrl
FNDA:0,getPrinters
FNDA:0,createPrinter
FNDA:0,updatePrinter
FNDA:0,deletePrinter
FNDA:0,pollPrinter
FNDA:0,pollAllPrinters
FNDA:0,startScan
FNDA:0,getScanStatus
FNDA:0,getScanResults
FNDA:0,getScannerSettings
FNDA:0,smartSearchComputersInNetwork
FNDA:0,smartSearchCashRegistersInNetwork
FNDA:0,addDiscoveredPrinter
FNDA:0,updatePrinterIp
FNDA:0,startIconbitDiscoveryScan
FNDA:0,getIconbitDiscoveryResults
FNDA:0,addDiscoveredIconbit
FNDA:0,updateDiscoveredIconbitIp
FNDA:0,startSwitchDiscoveryScan
FNDA:0,getSwitchDiscoveryResults
FNDA:0,addDiscoveredSwitch
FNDA:0,updateDiscoveredSwitchIp
FNDA:0,getMediaPlayers
FNDA:0,createMediaPlayer
FNDA:0,updateMediaPlayer
FNDA:0,deleteMediaPlayer
FNDA:0,pollMediaPlayer
FNDA:0,rediscoverMediaPlayers
FNDA:0,pollAllMediaPlayers
FNDA:0,getIconbitStatus
FNDA:0,iconbitPlay
FNDA:0,iconbitStop
FNDA:0,iconbitPlayFile
FNDA:0,iconbitDeleteFile
FNDA:0,iconbitUpload
FNDA:0,iconbitBulkPlay
FNDA:0,iconbitBulkStop
FNDA:0,iconbitBulkUpload
FNDA:0,iconbitBulkDeleteFile
FNDA:0,iconbitBulkPlayFile
FNDA:0,iconbitBulkReplace
FNDA:0,getSwitches
FNDA:0,createSwitch
FNDA:0,updateSwitch
FNDA:0,deleteSwitch
FNDA:0,pollSwitch
FNDA:0,pollAllSwitches
FNDA:0,getSwitchAPs
FNDA:0,rebootAP
FNDA:0,getSwitchPorts
FNDA:0,setSwitchPortAdminState
FNDA:0,setSwitchPortDescription
FNDA:0,setSwitchPortVlan
FNDA:0,setSwitchPortPoe
FNDA:0,setSwitchPortMode
DA:3,2
DA:8,2
DA:9,1
DA:10,1
DA:11,1
DA:13,1
DA:16,2
DA:17,0
DA:19,1
DA:20,1
DA:21,1
DA:23,1
DA:32,0
DA:33,0
DA:34,0
DA:35,0
DA:38,0
DA:42,0
DA:43,0
DA:50,0
DA:51,0
DA:72,0
DA:73,0
DA:82,0
DA:83,0
DA:90,0
DA:91,0
DA:95,0
DA:127,0
DA:131,0
DA:132,0
DA:133,0
DA:134,0
DA:135,0
DA:147,0
DA:148,0
DA:152,0
DA:153,0
DA:177,0
DA:178,0
DA:191,0
DA:192,0
DA:214,0
DA:215,0
DA:216,0
DA:217,0
DA:225,0
DA:226,0
DA:230,0
DA:231,0
DA:235,0
DA:239,0
DA:240,0
DA:244,0
DA:245,0
DA:289,0
DA:290,0
DA:291,0
DA:292,0
DA:296,0
DA:297,0
DA:298,0
DA:301,0
DA:305,0
DA:306,0
DA:310,0
DA:311,0
DA:342,0
DA:343,0
DA:344,0
DA:345,0
DA:362,0
DA:363,0
DA:367,0
DA:368,0
DA:372,0
DA:376,0
DA:377,0
DA:381,0
DA:382,0
DA:386,0
DA:387,0
DA:425,0
DA:426,0
DA:427,0
DA:428,0
DA:444,0
DA:445,0
DA:449,0
DA:450,0
DA:454,0
DA:458,0
DA:459,0
DA:463,0
DA:466,0
DA:530,0
DA:531,0
DA:535,0
DA:536,0
DA:540,0
DA:541,0
DA:545,0
DA:554,0
DA:563,0
DA:564,0
DA:573,0
DA:574,0
DA:584,0
DA:585,0
DA:589,0
DA:590,0
DA:591,0
DA:592,0
DA:596,0
DA:597,0
DA:601,0
DA:602,0
DA:611,0
DA:612,0
DA:616,0
DA:617,0
DA:618,0
DA:619,0
DA:623,0
DA:624,0
DA:628,0
DA:629,0
DA:638,0
DA:639,0
DA:643,0
DA:646,0
DA:675,0
DA:676,0
DA:677,0
DA:678,0
DA:679,0
DA:690,0
DA:691,0
DA:695,0
DA:696,0
DA:700,0
DA:704,0
DA:705,0
DA:709,0
DA:710,0
DA:714,0
DA:715,0
DA:716,0
DA:717,0
DA:733,0
DA:734,0
DA:738,0
DA:739,0
DA:743,0
DA:744,0
DA:748,0
DA:749,0
DA:753,0
DA:754,0
DA:758,0
DA:759,0
DA:760,0
DA:763,0
DA:767,0
DA:768,0
DA:772,0
DA:773,0
DA:777,0
DA:778,0
DA:779,0
DA:782,0
DA:786,0
DA:787,0
DA:791,0
DA:792,0
DA:796,0
DA:797,0
DA:798,0
DA:802,0
DA:873,0
DA:874,0
DA:875,0
DA:876,0
DA:893,0
DA:894,0
DA:898,0
DA:899,0
DA:903,0
DA:907,0
DA:908,0
DA:912,0
DA:916,0
DA:917,0
DA:921,0
DA:922,0
DA:926,0
DA:927,0
DA:928,0
DA:929,0
DA:933,0
DA:934,0
DA:935,0
DA:939,0
DA:940,0
DA:941,0
DA:945,0
DA:946,0
DA:947,0
DA:951,0
DA:952,0
DA:953,0
DA:966,0
DA:967,0
DA:968,0
LF:214
LH:11
BRDA:10,0,0,1
BRDA:10,0,1,0
BRDA:19,1,0,1
BRDA:19,1,1,0
BRDA:19,2,0,1
BRDA:19,2,1,0
BRDA:128,3,0,0
BRDA:128,3,1,0
BRDA:129,4,0,0
BRDA:129,4,1,0
BRDA:131,5,0,0
BRDA:131,5,1,0
BRDA:131,6,0,0
BRDA:131,6,1,0
BRDA:132,7,0,0
BRDA:132,7,1,0
BRDA:132,8,0,0
BRDA:132,8,1,0
BRDA:133,9,0,0
BRDA:133,9,1,0
BRDA:215,10,0,0
BRDA:215,10,1,0
BRDA:290,11,0,0
BRDA:290,11,1,0
BRDA:297,12,0,0
BRDA:297,12,1,0
BRDA:343,13,0,0
BRDA:343,13,1,0
BRDA:386,14,0,0
BRDA:386,14,1,0
BRDA:424,15,0,0
BRDA:426,16,0,0
BRDA:426,16,1,0
BRDA:462,17,0,0
BRDA:529,18,0,0
BRDA:563,19,0,0
BRDA:563,19,1,0
BRDA:573,20,0,0
BRDA:573,20,1,0
BRDA:590,21,0,0
BRDA:590,21,1,0
BRDA:595,22,0,0
BRDA:617,23,0,0
BRDA:617,23,1,0
BRDA:622,24,0,0
BRDA:676,25,0,0
BRDA:676,25,1,0
BRDA:677,26,0,0
BRDA:677,26,1,0
BRDA:715,27,0,0
BRDA:715,27,1,0
BRDA:874,28,0,0
BRDA:874,28,1,0
BRDA:920,29,0,0
BRDA:925,30,0,0
BRDA:925,31,0,0
BRDA:927,32,0,0
BRDA:927,32,1,0
BRF:58
BRH:3
end_of_record
TN:
SF:src/main.tsx
FNF:0
FNH:0
DA:10,0
DA:11,0
DA:13,0
DA:28,0
LF:4
LH:0
BRF:0
BRH:0
end_of_record
TN:
SF:src/theme.ts
FN:6,detectPreferredTheme
FN:11,readThemeMode
FN:18,applyThemeMode
FN:23,setThemeMode
FN:30,initThemeMode
FN:36,readDensityMode
FN:40,applyDensityMode
FN:45,setDensityMode
FN:49,initDensityMode
FNF:9
FNH:0
FNDA:0,detectPreferredTheme
FNDA:0,readThemeMode
FNDA:0,applyThemeMode
FNDA:0,setThemeMode
FNDA:0,initThemeMode
FNDA:0,readDensityMode
FNDA:0,applyDensityMode
FNDA:0,setDensityMode
FNDA:0,initDensityMode
DA:4,0
DA:7,0
DA:8,0
DA:12,0
DA:13,0
DA:14,0
DA:15,0
DA:19,0
DA:20,0
DA:24,0
DA:25,0
DA:27,0
DA:31,0
DA:32,0
DA:33,0
DA:37,0
DA:41,0
DA:42,0
DA:46,0
DA:50,0
DA:51,0
DA:52,0
LF:22
LH:0
BRDA:7,0,0,0
BRDA:7,0,1,0
BRDA:8,1,0,0
BRDA:8,1,1,0
BRDA:12,2,0,0
BRDA:12,2,1,0
BRDA:14,3,0,0
BRDA:14,3,1,0
BRDA:14,4,0,0
BRDA:14,4,1,0
BRDA:19,5,0,0
BRDA:19,5,1,0
BRDA:24,6,0,0
BRDA:24,6,1,0
BRDA:41,7,0,0
BRDA:41,7,1,0
BRF:16
BRH:0
end_of_record
TN:
SF:src/components/Layout.tsx
FN:27,Layout
FN:37,(anonymous_1)
FN:39,(anonymous_2)
FN:40,(anonymous_3)
FN:63,(anonymous_4)
FN:64,(anonymous_5)
FN:68,(anonymous_6)
FN:74,(anonymous_7)
FN:75,(anonymous_8)
FN:111,(anonymous_9)
FN:111,(anonymous_10)
FN:123,(anonymous_11)
FN:128,(anonymous_12)
FN:141,(anonymous_13)
FN:142,(anonymous_14)
FN:147,(anonymous_15)
FN:258,(anonymous_16)
FN:258,(anonymous_17)
FN:268,(anonymous_18)
FN:269,(anonymous_19)
FN:274,(anonymous_20)
FN:289,(anonymous_21)
FN:294,(anonymous_22)
FNF:23
FNH:0
FNDA:0,Layout
FNDA:0,(anonymous_1)
FNDA:0,(anonymous_2)
FNDA:0,(anonymous_3)
FNDA:0,(anonymous_4)
FNDA:0,(anonymous_5)
FNDA:0,(anonymous_6)
FNDA:0,(anonymous_7)
FNDA:0,(anonymous_8)
FNDA:0,(anonymous_9)
FNDA:0,(anonymous_10)
FNDA:0,(anonymous_11)
FNDA:0,(anonymous_12)
FNDA:0,(anonymous_13)
FNDA:0,(anonymous_14)
FNDA:0,(anonymous_15)
FNDA:0,(anonymous_16)
FNDA:0,(anonymous_17)
FNDA:0,(anonymous_18)
FNDA:0,(anonymous_19)
FNDA:0,(anonymous_20)
FNDA:0,(anonymous_21)
FNDA:0,(anonymous_22)
DA:28,0
DA:29,0
DA:30,0
DA:31,0
DA:32,0
DA:33,0
DA:37,0
DA:39,0
DA:40,0
DA:41,0
DA:42,0
DA:44,0
DA:48,0
DA:49,0
DA:57,0
DA:63,0
DA:64,0
DA:65,0
DA:68,0
DA:69,0
DA:70,0
DA:71,0
DA:74,0
DA:75,0
DA:76,0
DA:77,0
DA:78,0
DA:82,0
DA:86,0
DA:111,0
DA:124,0
DA:129,0
DA:141,0
DA:143,0
DA:148,0
DA:258,0
DA:268,0
DA:270,0
DA:275,0
DA:290,0
DA:295,0
LF:41
LH:0
BRDA:30,0,0,0
BRDA:30,0,1,0
BRDA:31,1,0,0
BRDA:31,1,1,0
BRDA:31,1,2,0
BRDA:33,2,0,0
BRDA:33,2,1,0
BRDA:37,3,0,0
BRDA:37,3,1,0
BRDA:65,4,0,0
BRDA:65,4,1,0
BRDA:69,5,0,0
BRDA:69,5,1,0
BRDA:78,6,0,0
BRDA:78,6,1,0
BRDA:88,7,0,0
BRDA:88,7,1,0
BRDA:113,8,0,0
BRDA:113,8,1,0
BRDA:120,9,0,0
BRDA:120,9,1,0
BRDA:122,10,0,0
BRDA:122,10,1,0
BRDA:130,11,0,0
BRDA:130,11,1,0
BRDA:149,12,0,0
BRDA:149,12,1,0
BRDA:170,13,0,0
BRDA:170,13,1,0
BRDA:176,14,0,0
BRDA:176,14,1,0
BRDA:183,15,0,0
BRDA:183,15,1,0
BRDA:184,16,0,0
BRDA:184,16,1,0
BRDA:185,17,0,0
BRDA:185,17,1,0
BRDA:193,18,0,0
BRDA:193,18,1,0
BRDA:195,19,0,0
BRDA:195,19,1,0
BRDA:211,20,0,0
BRDA:211,20,1,0
BRDA:245,21,0,0
BRDA:245,21,1,0
BRDA:260,22,0,0
BRDA:260,22,1,0
BRDA:265,23,0,0
BRDA:265,23,1,0
BRDA:276,24,0,0
BRDA:276,24,1,0
BRDA:287,25,0,0
BRDA:287,25,1,0
BRDA:296,26,0,0
BRDA:296,26,1,0
BRF:55
BRH:0
end_of_record
TN:
SF:src/components/MediaPlayerCard.tsx
FN:34,statusBadge
FN:44,webPanelUrl
FN:49,IconbitControls
FN:56,(anonymous_3)
FN:61,(anonymous_4)
FN:61,(anonymous_5)
FN:69,(anonymous_6)
FN:70,(anonymous_7)
FN:73,(anonymous_8)
FN:74,(anonymous_9)
FN:78,(anonymous_10)
FN:79,(anonymous_11)
FN:83,(anonymous_12)
FN:84,(anonymous_13)
FN:87,(anonymous_14)
FN:95,(anonymous_15)
FN:160,(anonymous_16)
FN:168,(anonymous_17)
FN:176,(anonymous_18)
FN:192,(anonymous_19)
FN:198,(anonymous_20)
FN:203,(anonymous_21)
FN:217,MediaPlayerCard
FN:232,(anonymous_23)
FN:312,(anonymous_24)
FN:330,(anonymous_25)
FN:360,(anonymous_26)
FN:360,(anonymous_27)
FN:369,(anonymous_28)
FN:376,(anonymous_29)
FNF:30
FNH:0
FNDA:0,statusBadge
FNDA:0,webPanelUrl
FNDA:0,IconbitControls
FNDA:0,(anonymous_3)
FNDA:0,(anonymous_4)
FNDA:0,(anonymous_5)
FNDA:0,(anonymous_6)
FNDA:0,(anonymous_7)
FNDA:0,(anonymous_8)
FNDA:0,(anonymous_9)
FNDA:0,(anonymous_10)
FNDA:0,(anonymous_11)
FNDA:0,(anonymous_12)
FNDA:0,(anonymous_13)
FNDA:0,(anonymous_14)
FNDA:0,(anonymous_15)
FNDA:0,(anonymous_16)
FNDA:0,(anonymous_17)
FNDA:0,(anonymous_18)
FNDA:0,(anonymous_19)
FNDA:0,(anonymous_20)
FNDA:0,(anonymous_21)
FNDA:0,MediaPlayerCard
FNDA:0,(anonymous_23)
FNDA:0,(anonymous_24)
FNDA:0,(anonymous_25)
FNDA:0,(anonymous_26)
FNDA:0,(anonymous_27)
FNDA:0,(anonymous_28)
FNDA:0,(anonymous_29)
DA:22,0
DA:28,0
DA:35,0
DA:36,0
DA:38,0
DA:39,0
DA:41,0
DA:45,0
DA:46,0
DA:50,0
DA:51,0
DA:52,0
DA:54,0
DA:56,0
DA:61,0
DA:62,0
DA:63,0
DA:64,0
DA:65,0
DA:69,0
DA:70,0
DA:72,0
DA:73,0
DA:74,0
DA:77,0
DA:78,0
DA:79,0
DA:82,0
DA:83,0
DA:84,0
DA:87,0
DA:88,0
DA:89,0
DA:90,0
DA:93,0
DA:95,0
DA:96,0
DA:97,0
DA:98,0
DA:99,0
DA:100,0
DA:105,0
DA:106,0
DA:107,0
DA:108,0
DA:112,0
DA:113,0
DA:115,0
DA:160,0
DA:168,0
DA:176,0
DA:193,0
DA:198,0
DA:203,0
DA:218,0
DA:219,0
DA:220,0
DA:221,0
DA:222,0
DA:223,0
DA:225,0
DA:229,0
DA:230,0
DA:232,0
DA:233,0
DA:234,0
DA:235,0
DA:241,0
DA:313,0
DA:330,0
DA:360,0
DA:369,0
DA:376,0
LF:73
LH:0
BRDA:35,0,0,0
BRDA:35,0,1,0
BRDA:38,1,0,0
BRDA:38,1,1,0
BRDA:45,2,0,0
BRDA:45,2,1,0
BRDA:89,3,0,0
BRDA:89,3,1,0
BRDA:93,4,0,0
BRDA:93,4,1,0
BRDA:96,5,0,0
BRDA:96,5,1,0
BRDA:96,6,0,0
BRDA:96,6,1,0
BRDA:100,7,0,0
BRDA:100,7,1,0
BRDA:107,8,0,0
BRDA:107,8,1,0
BRDA:107,8,2,0
BRDA:108,9,0,0
BRDA:108,9,1,0
BRDA:109,10,0,0
BRDA:109,10,1,0
BRDA:109,11,0,0
BRDA:109,11,1,0
BRDA:112,12,0,0
BRDA:112,12,1,0
BRDA:113,13,0,0
BRDA:113,13,1,0
BRDA:120,14,0,0
BRDA:120,14,1,0
BRDA:129,15,0,0
BRDA:129,15,1,0
BRDA:131,16,0,0
BRDA:131,16,1,0
BRDA:136,17,0,0
BRDA:136,17,1,0
BRDA:139,18,0,0
BRDA:139,18,1,0
BRDA:142,19,0,0
BRDA:142,19,1,0
BRDA:148,20,0,0
BRDA:148,20,1,0
BRDA:148,21,0,0
BRDA:148,21,1,0
BRDA:177,22,0,0
BRDA:177,22,1,0
BRDA:181,23,0,0
BRDA:181,23,1,0
BRDA:184,24,0,0
BRDA:184,24,1,0
BRDA:190,25,0,0
BRDA:190,25,1,0
BRDA:203,26,0,0
BRDA:203,26,1,0
BRDA:219,27,0,0
BRDA:219,27,1,0
BRDA:221,28,0,0
BRDA:221,28,1,0
BRDA:225,29,0,0
BRDA:225,29,1,0
BRDA:229,30,0,0
BRDA:229,30,1,0
BRDA:230,31,0,0
BRDA:230,31,1,0
BRDA:233,32,0,0
BRDA:233,32,1,0
BRDA:233,33,0,0
BRDA:233,33,1,0
BRDA:270,34,0,0
BRDA:270,34,1,0
BRDA:277,35,0,0
BRDA:277,35,1,0
BRDA:281,36,0,0
BRDA:281,36,1,0
BRDA:281,36,2,0
BRDA:293,37,0,0
BRDA:293,37,1,0
BRDA:297,38,0,0
BRDA:297,38,1,0
BRDA:302,39,0,0
BRDA:302,39,1,0
BRDA:309,40,0,0
BRDA:309,40,1,0
BRDA:320,41,0,0
BRDA:320,41,1,0
BRDA:320,41,2,0
BRDA:326,42,0,0
BRDA:326,42,1,0
BRDA:335,43,0,0
BRDA:335,43,1,0
BRDA:337,44,0,0
BRDA:337,44,1,0
BRDA:342,45,0,0
BRDA:342,45,1,0
BRDA:357,46,0,0
BRDA:357,46,1,0
BRDA:366,47,0,0
BRDA:366,47,1,0
BRF:99
BRH:0
end_of_record
TN:
SF:src/components/MediaPlayerForm.tsx
FN:26,MediaPlayerForm
FN:36,(anonymous_1)
FN:72,(anonymous_2)
FN:76,(anonymous_3)
FN:94,(anonymous_4)
FN:106,(anonymous_5)
FN:120,(anonymous_6)
FN:131,(anonymous_7)
FN:143,(anonymous_8)
FNF:9
FNH:0
FNDA:0,MediaPlayerForm
FNDA:0,(anonymous_1)
FNDA:0,(anonymous_2)
FNDA:0,(anonymous_3)
FNDA:0,(anonymous_4)
FNDA:0,(anonymous_5)
FNDA:0,(anonymous_6)
FNDA:0,(anonymous_7)
FNDA:0,(anonymous_8)
DA:20,0
DA:27,0
DA:28,0
DA:29,0
DA:30,0
DA:31,0
DA:32,0
DA:34,0
DA:36,0
DA:37,0
DA:38,0
DA:48,0
DA:50,0
DA:73,0
DA:76,0
DA:94,0
DA:106,0
DA:120,0
DA:131,0
DA:143,0
LF:20
LH:0
BRDA:27,0,0,0
BRDA:27,0,1,0
BRDA:28,1,0,0
BRDA:28,1,1,0
BRDA:29,2,0,0
BRDA:29,2,1,0
BRDA:30,3,0,0
BRDA:30,3,1,0
BRDA:31,4,0,0
BRDA:31,4,1,0
BRDA:32,5,0,0
BRDA:32,5,1,0
BRDA:41,6,0,0
BRDA:41,6,1,0
BRDA:43,7,0,0
BRDA:43,7,1,0
BRDA:44,8,0,0
BRDA:44,8,1,0
BRDA:48,9,0,0
BRDA:48,9,1,0
BRDA:60,10,0,0
BRDA:60,10,1,0
BRDA:68,11,0,0
BRDA:68,11,1,0
BRDA:78,12,0,0
BRDA:78,12,1,0
BRDA:100,13,0,0
BRDA:100,13,1,0
BRDA:108,14,0,0
BRDA:108,14,1,0
BRDA:122,15,0,0
BRDA:122,15,1,0
BRDA:126,16,0,0
BRDA:126,16,1,0
BRDA:162,17,0,0
BRDA:162,17,1,0
BRF:36
BRH:0
end_of_record
TN:
SF:src/components/NetworkDiscoveryModal.tsx
FN:24,NetworkDiscoveryModal
FN:35,(anonymous_1)
FN:52,(anonymous_2)
FN:58,(anonymous_3)
FN:62,(anonymous_4)
FN:69,(anonymous_5)
FN:87,(anonymous_6)
FN:94,(anonymous_7)
FN:103,(anonymous_8)
FN:127,(anonymous_9)
FN:133,(anonymous_10)
FN:138,(anonymous_11)
FN:179,(anonymous_12)
FN:203,(anonymous_13)
FN:211,(anonymous_14)
FNF:15
FNH:0
FNDA:0,NetworkDiscoveryModal
FNDA:0,(anonymous_1)
FNDA:0,(anonymous_2)
FNDA:0,(anonymous_3)
FNDA:0,(anonymous_4)
FNDA:0,(anonymous_5)
FNDA:0,(anonymous_6)
FNDA:0,(anonymous_7)
FNDA:0,(anonymous_8)
FNDA:0,(anonymous_9)
FNDA:0,(anonymous_10)
FNDA:0,(anonymous_11)
FNDA:0,(anonymous_12)
FNDA:0,(anonymous_13)
FNDA:0,(anonymous_14)
DA:25,0
DA:26,0
DA:27,0
DA:28,0
DA:30,0
DA:35,0
DA:36,0
DA:39,0
DA:40,0
DA:41,0
DA:43,0
DA:49,0
DA:50,0
DA:52,0
DA:53,0
DA:54,0
DA:57,0
DA:59,0
DA:60,0
DA:63,0
DA:64,0
DA:68,0
DA:70,0
DA:71,0
DA:77,0
DA:79,0
DA:85,0
DA:88,0
DA:89,0
DA:93,0
DA:95,0
DA:96,0
DA:97,0
DA:98,0
DA:100,0
DA:101,0
DA:104,0
DA:105,0
DA:109,0
DA:110,0
DA:111,0
DA:113,0
DA:127,0
DA:133,0
DA:138,0
DA:180,0
DA:203,0
DA:211,0
LF:48
LH:0
BRDA:27,0,0,0
BRDA:27,0,1,0
BRDA:36,1,0,0
BRDA:36,1,1,0
BRDA:40,2,0,0
BRDA:40,2,1,0
BRDA:41,3,0,0
BRDA:41,3,1,0
BRDA:46,4,0,0
BRDA:46,4,1,0
BRDA:49,5,0,0
BRDA:49,5,1,0
BRDA:50,6,0,0
BRDA:50,6,1,0
BRDA:53,7,0,0
BRDA:53,7,1,0
BRDA:53,8,0,0
BRDA:53,8,1,0
BRDA:54,9,0,0
BRDA:54,9,1,0
BRDA:54,10,0,0
BRDA:54,10,1,0
BRDA:59,11,0,0
BRDA:59,11,1,0
BRDA:70,12,0,0
BRDA:70,12,1,0
BRDA:73,13,0,0
BRDA:73,13,1,0
BRDA:74,14,0,0
BRDA:74,14,1,0
BRDA:75,15,0,0
BRDA:75,15,1,0
BRDA:81,16,0,0
BRDA:81,16,1,0
BRDA:82,17,0,0
BRDA:82,17,1,0
BRDA:83,18,0,0
BRDA:83,18,1,0
BRDA:88,19,0,0
BRDA:88,19,1,0
BRDA:95,20,0,0
BRDA:95,20,1,0
BRDA:96,21,0,0
BRDA:96,21,1,0
BRDA:97,22,0,0
BRDA:97,22,1,0
BRDA:104,23,0,0
BRDA:104,23,1,0
BRDA:109,24,0,0
BRDA:109,24,1,0
BRDA:110,25,0,0
BRDA:110,25,1,0
BRDA:111,26,0,0
BRDA:111,26,1,0
BRDA:134,27,0,0
BRDA:134,27,1,0
BRDA:139,28,0,0
BRDA:139,28,1,0
BRDA:142,29,0,0
BRDA:142,29,1,0
BRDA:143,30,0,0
BRDA:143,30,1,0
BRDA:145,31,0,0
BRDA:145,31,1,0
BRDA:145,31,2,0
BRDA:149,32,0,0
BRDA:149,32,1,0
BRDA:153,33,0,0
BRDA:153,33,1,0
BRDA:157,34,0,0
BRDA:157,34,1,0
BRDA:157,34,2,0
BRDA:182,35,0,0
BRDA:182,35,1,0
BRDA:184,36,0,0
BRDA:184,36,1,0
BRDA:185,37,0,0
BRDA:185,37,1,0
BRDA:186,38,0,0
BRDA:186,38,1,0
BRDA:188,39,0,0
BRDA:188,39,1,0
BRDA:192,40,0,0
BRDA:192,40,1,0
BRDA:201,41,0,0
BRDA:201,41,1,0
BRDA:201,42,0,0
BRDA:201,42,1,0
BRDA:209,43,0,0
BRDA:209,43,1,0
BRDA:225,44,0,0
BRDA:225,44,1,0
BRDA:225,44,2,0
BRF:93
BRH:0
end_of_record
TN:
SF:src/components/NetworkScanner.tsx
FN:25,NetworkScanner
FN:39,(anonymous_1)
FN:62,(anonymous_2)
FN:72,(anonymous_3)
FN:73,(anonymous_4)
FN:81,(anonymous_5)
FN:88,(anonymous_6)
FN:90,(anonymous_7)
FN:99,(anonymous_8)
FN:127,(anonymous_9)
FN:137,(anonymous_10)
FN:144,(anonymous_11)
FN:219,(anonymous_12)
FN:224,(anonymous_13)
FN:232,(anonymous_14)
FN:272,DeviceRow
FN:287,(anonymous_16)
FN:334,(anonymous_17)
FN:344,(anonymous_18)
FNF:19
FNH:0
FNDA:0,NetworkScanner
FNDA:0,(anonymous_1)
FNDA:0,(anonymous_2)
FNDA:0,(anonymous_3)
FNDA:0,(anonymous_4)
FNDA:0,(anonymous_5)
FNDA:0,(anonymous_6)
FNDA:0,(anonymous_7)
FNDA:0,(anonymous_8)
FNDA:0,(anonymous_9)
FNDA:0,(anonymous_10)
FNDA:0,(anonymous_11)
FNDA:0,(anonymous_12)
FNDA:0,(anonymous_13)
FNDA:0,(anonymous_14)
FNDA:0,DeviceRow
FNDA:0,(anonymous_16)
FNDA:0,(anonymous_17)
FNDA:0,(anonymous_18)
DA:26,0
DA:27,0
DA:28,0
DA:30,0
DA:31,0
DA:32,0
DA:34,0
DA:39,0
DA:40,0
DA:41,0
DA:42,0
DA:46,0
DA:52,0
DA:59,0
DA:62,0
DA:63,0
DA:64,0
DA:66,0
DA:67,0
DA:71,0
DA:72,0
DA:74,0
DA:75,0
DA:79,0
DA:82,0
DA:83,0
DA:87,0
DA:88,0
DA:91,0
DA:92,0
DA:96,0
DA:97,0
DA:99,0
DA:100,0
DA:101,0
DA:103,0
DA:104,0
DA:106,0
DA:107,0
DA:109,0
DA:112,0
DA:127,0
DA:137,0
DA:144,0
DA:220,0
DA:225,0
DA:233,0
DA:234,0
DA:287,0
DA:288,0
DA:289,0
DA:296,0
DA:297,0
DA:304,0
DA:311,0
DA:334,0
DA:344,0
LF:57
LH:0
BRDA:27,0,0,0
BRDA:27,0,1,0
BRDA:40,1,0,0
BRDA:40,1,1,0
BRDA:41,2,0,0
BRDA:41,2,1,0
BRDA:42,3,0,0
BRDA:42,3,1,0
BRDA:49,4,0,0
BRDA:49,4,1,0
BRDA:52,5,0,0
BRDA:52,5,1,0
BRDA:59,6,0,0
BRDA:59,6,1,0
BRDA:63,7,0,0
BRDA:63,7,1,0
BRDA:63,8,0,0
BRDA:63,8,1,0
BRDA:66,9,0,0
BRDA:66,9,1,0
BRDA:66,10,0,0
BRDA:66,10,1,0
BRDA:66,10,2,0
BRDA:67,11,0,0
BRDA:67,11,1,0
BRDA:89,12,0,0
BRDA:89,12,1,0
BRDA:96,13,0,0
BRDA:96,13,1,0
BRDA:97,14,0,0
BRDA:97,14,1,0
BRDA:100,15,0,0
BRDA:100,15,1,0
BRDA:103,16,0,0
BRDA:103,16,1,0
BRDA:106,17,0,0
BRDA:106,17,1,0
BRDA:106,18,0,0
BRDA:106,18,1,0
BRDA:145,19,0,0
BRDA:145,19,1,0
BRDA:148,20,0,0
BRDA:148,20,1,0
BRDA:153,21,0,0
BRDA:153,21,1,0
BRDA:156,22,0,0
BRDA:156,22,1,0
BRDA:156,22,2,0
BRDA:168,23,0,0
BRDA:168,23,1,0
BRDA:176,24,0,0
BRDA:176,24,1,0
BRDA:176,24,2,0
BRDA:185,25,0,0
BRDA:185,25,1,0
BRDA:211,26,0,0
BRDA:211,26,1,0
BRDA:227,27,0,0
BRDA:227,27,1,0
BRDA:229,28,0,0
BRDA:229,28,1,0
BRDA:233,29,0,0
BRDA:233,29,1,0
BRDA:237,30,0,0
BRDA:237,30,1,0
BRDA:251,31,0,0
BRDA:251,31,1,0
BRDA:251,31,2,0
BRDA:259,32,0,0
BRDA:259,32,1,0
BRDA:288,33,0,0
BRDA:288,33,1,0
BRDA:296,34,0,0
BRDA:296,34,1,0
BRDA:314,35,0,0
BRDA:314,35,1,0
BRDA:319,36,0,0
BRDA:319,36,1,0
BRDA:321,37,0,0
BRDA:321,37,1,0
BRDA:330,38,0,0
BRDA:330,38,1,0
BRDA:332,39,0,0
BRDA:332,39,1,0
BRDA:332,39,2,0
BRDA:342,40,0,0
BRDA:342,40,1,0
BRDA:342,40,2,0
BRF:88
BRH:0
end_of_record
TN:
SF:src/components/OneCQrPanel.tsx
FN:22,OneCQrPanel
FN:29,(anonymous_1)
FN:40,(anonymous_2)
FN:47,(anonymous_3)
FN:66,(anonymous_4)
FN:66,(anonymous_5)
FN:84,(anonymous_6)
FN:84,(anonymous_7)
FN:93,(anonymous_8)
FN:93,(anonymous_9)
FN:104,(anonymous_10)
FN:104,(anonymous_11)
FN:120,(anonymous_12)
FNF:13
FNH:0
FNDA:0,OneCQrPanel
FNDA:0,(anonymous_1)
FNDA:0,(anonymous_2)
FNDA:0,(anonymous_3)
FNDA:0,(anonymous_4)
FNDA:0,(anonymous_5)
FNDA:0,(anonymous_6)
FNDA:0,(anonymous_7)
FNDA:0,(anonymous_8)
FNDA:0,(anonymous_9)
FNDA:0,(anonymous_10)
FNDA:0,(anonymous_11)
FNDA:0,(anonymous_12)
DA:15,0
DA:23,0
DA:24,0
DA:25,0
DA:27,0
DA:30,0
DA:31,0
DA:32,0
DA:33,0
DA:34,0
DA:35,0
DA:36,0
DA:37,0
DA:38,0
DA:41,0
DA:42,0
DA:43,0
DA:47,0
DA:48,0
DA:49,0
DA:50,0
DA:58,0
DA:66,0
DA:84,0
DA:93,0
DA:104,0
DA:121,0
DA:122,0
DA:123,0
LF:29
LH:0
BRDA:43,0,0,0
BRDA:43,0,1,0
BRDA:53,1,0,0
BRDA:53,1,1,0
BRDA:116,2,0,0
BRDA:116,2,1,0
BRDA:117,3,0,0
BRDA:117,3,1,0
BRDA:132,4,0,0
BRDA:132,4,1,0
BRDA:133,5,0,0
BRDA:133,5,1,0
BRF:12
BRH:0
end_of_record
TN:
SF:src/components/PrinterCard.tsx
FN:18,statusBadge
FN:28,macCornerMeta
FN:40,PrinterCard
FN:62,(anonymous_3)
FN:68,(anonymous_4)
FN:70,(anonymous_5)
FN:134,(anonymous_6)
FN:134,(anonymous_7)
FN:142,(anonymous_8)
FN:155,(anonymous_9)
FN:155,(anonymous_10)
FN:180,(anonymous_11)
FN:200,(anonymous_12)
FN:221,(anonymous_13)
FN:242,(anonymous_14)
FN:242,(anonymous_15)
FN:251,(anonymous_16)
FN:258,(anonymous_17)
FNF:18
FNH:0
FNDA:0,statusBadge
FNDA:0,macCornerMeta
FNDA:0,PrinterCard
FNDA:0,(anonymous_3)
FNDA:0,(anonymous_4)
FNDA:0,(anonymous_5)
FNDA:0,(anonymous_6)
FNDA:0,(anonymous_7)
FNDA:0,(anonymous_8)
FNDA:0,(anonymous_9)
FNDA:0,(anonymous_10)
FNDA:0,(anonymous_11)
FNDA:0,(anonymous_12)
FNDA:0,(anonymous_13)
FNDA:0,(anonymous_14)
FNDA:0,(anonymous_15)
FNDA:0,(anonymous_16)
FNDA:0,(anonymous_17)
DA:19,0
DA:20,0
DA:22,0
DA:23,0
DA:25,0
DA:29,0
DA:30,0
DA:31,0
DA:32,0
DA:34,0
DA:35,0
DA:37,0
DA:51,0
DA:52,0
DA:53,0
DA:54,0
DA:57,0
DA:62,0
DA:63,0
DA:68,0
DA:69,0
DA:71,0
DA:72,0
DA:73,0
DA:74,0
DA:76,0
DA:81,0
DA:84,0
DA:85,0
DA:87,0
DA:134,0
DA:143,0
DA:155,0
DA:181,0
DA:201,0
DA:221,0
DA:242,0
DA:251,0
DA:258,0
LF:39
LH:0
BRDA:19,0,0,0
BRDA:19,0,1,0
BRDA:22,1,0,0
BRDA:22,1,1,0
BRDA:29,2,0,0
BRDA:29,2,1,0
BRDA:29,3,0,0
BRDA:29,3,1,0
BRDA:30,4,0,0
BRDA:30,4,1,0
BRDA:31,5,0,0
BRDA:31,5,1,0
BRDA:34,6,0,0
BRDA:34,6,1,0
BRDA:47,7,0,0
BRDA:54,8,0,0
BRDA:54,8,1,0
BRDA:62,9,0,0
BRDA:62,9,1,0
BRDA:72,10,0,0
BRDA:72,10,1,0
BRDA:76,11,0,0
BRDA:76,11,1,0
BRDA:78,12,0,0
BRDA:78,12,1,0
BRDA:85,13,0,0
BRDA:85,13,1,0
BRDA:89,14,0,0
BRDA:89,14,1,0
BRDA:114,15,0,0
BRDA:114,15,1,0
BRDA:117,16,0,0
BRDA:117,16,1,0
BRDA:130,17,0,0
BRDA:130,17,1,0
BRDA:138,18,0,0
BRDA:138,18,1,0
BRDA:140,19,0,0
BRDA:140,19,1,0
BRDA:151,20,0,0
BRDA:151,20,1,0
BRDA:161,21,0,0
BRDA:161,21,1,0
BRDA:163,22,0,0
BRDA:163,22,1,0
BRDA:165,23,0,0
BRDA:165,23,1,0
BRDA:168,24,0,0
BRDA:168,24,1,0
BRDA:170,25,0,0
BRDA:170,25,1,0
BRDA:178,26,0,0
BRDA:178,26,1,0
BRDA:196,27,0,0
BRDA:196,27,1,0
BRDA:196,27,2,0
BRDA:202,28,0,0
BRDA:202,28,1,0
BRDA:203,29,0,0
BRDA:203,29,1,0
BRDA:203,30,0,0
BRDA:203,30,1,0
BRDA:203,31,0,0
BRDA:203,31,1,0
BRDA:203,32,0,0
BRDA:203,32,1,0
BRDA:205,33,0,0
BRDA:205,33,1,0
BRDA:205,34,0,0
BRDA:205,34,1,0
BRDA:205,35,0,0
BRDA:205,35,1,0
BRDA:205,36,0,0
BRDA:205,36,1,0
BRDA:217,37,0,0
BRDA:217,37,1,0
BRDA:226,38,0,0
BRDA:226,38,1,0
BRDA:228,39,0,0
BRDA:228,39,1,0
BRDA:239,40,0,0
BRDA:239,40,1,0
BRDA:248,41,0,0
BRDA:248,41,1,0
BRF:84
BRH:0
end_of_record
TN:
SF:src/components/PrinterForm.tsx
FN:25,PrinterForm
FN:40,(anonymous_1)
FN:93,(anonymous_2)
FN:103,(anonymous_3)
FN:120,(anonymous_4)
FN:131,(anonymous_5)
FN:147,(anonymous_6)
FN:160,(anonymous_7)
FN:171,(anonymous_8)
FN:184,(anonymous_9)
FN:190,(anonymous_10)
FN:196,(anonymous_11)
FN:202,(anonymous_12)
FNF:13
FNH:0
FNDA:0,PrinterForm
FNDA:0,(anonymous_1)
FNDA:0,(anonymous_2)
FNDA:0,(anonymous_3)
FNDA:0,(anonymous_4)
FNDA:0,(anonymous_5)
FNDA:0,(anonymous_6)
FNDA:0,(anonymous_7)
FNDA:0,(anonymous_8)
FNDA:0,(anonymous_9)
FNDA:0,(anonymous_10)
FNDA:0,(anonymous_11)
FNDA:0,(anonymous_12)
DA:26,0
DA:27,0
DA:28,0
DA:29,0
DA:30,0
DA:31,0
DA:32,0
DA:33,0
DA:34,0
DA:35,0
DA:36,0
DA:38,0
DA:40,0
DA:41,0
DA:42,0
DA:47,0
DA:48,0
DA:50,0
DA:51,0
DA:53,0
DA:54,0
DA:56,0
DA:57,0
DA:58,0
DA:59,0
DA:60,0
DA:62,0
DA:65,0
DA:69,0
DA:93,0
DA:103,0
DA:120,0
DA:131,0
DA:147,0
DA:160,0
DA:171,0
DA:184,0
DA:190,0
DA:196,0
DA:202,0
LF:40
LH:0
BRDA:27,0,0,0
BRDA:27,0,1,0
BRDA:28,1,0,0
BRDA:28,1,1,0
BRDA:29,2,0,0
BRDA:29,2,1,0
BRDA:29,3,0,0
BRDA:29,3,1,0
BRDA:30,4,0,0
BRDA:30,4,1,0
BRDA:32,5,0,0
BRDA:32,5,1,0
BRDA:33,6,0,0
BRDA:33,6,1,0
BRDA:34,7,0,0
BRDA:34,7,1,0
BRDA:35,8,0,0
BRDA:35,8,1,0
BRDA:36,9,0,0
BRDA:36,9,1,0
BRDA:38,10,0,0
BRDA:38,10,1,0
BRDA:47,11,0,0
BRDA:47,11,1,0
BRDA:50,12,0,0
BRDA:50,12,1,0
BRDA:51,13,0,0
BRDA:51,13,1,0
BRDA:54,14,0,0
BRDA:54,14,1,0
BRDA:56,15,0,0
BRDA:56,15,1,0
BRDA:57,16,0,0
BRDA:57,16,1,0
BRDA:58,17,0,0
BRDA:58,17,1,0
BRDA:59,18,0,0
BRDA:59,18,1,0
BRDA:60,19,0,0
BRDA:60,19,1,0
BRDA:65,20,0,0
BRDA:65,20,1,0
BRDA:66,21,0,0
BRDA:66,21,1,0
BRDA:67,22,0,0
BRDA:67,22,1,0
BRDA:79,23,0,0
BRDA:79,23,1,0
BRDA:87,24,0,0
BRDA:87,24,1,0
BRDA:95,25,0,0
BRDA:95,25,1,0
BRDA:105,26,0,0
BRDA:105,26,1,0
BRDA:133,27,0,0
BRDA:133,27,1,0
BRDA:137,28,0,0
BRDA:137,28,1,0
BRDA:157,29,0,0
BRDA:157,29,1,0
BRDA:166,30,0,0
BRDA:166,30,1,0
BRDA:178,31,0,0
BRDA:178,31,1,0
BRDA:223,32,0,0
BRDA:223,32,1,0
BRF:66
BRH:0
end_of_record
TN:
SF:src/components/ServiceNode.tsx
FN:4,ServiceNode
FN:8,(anonymous_1)
FN:14,(anonymous_2)
FNF:3
FNH:0
FNDA:0,ServiceNode
FNDA:0,(anonymous_1)
FNDA:0,(anonymous_2)
DA:5,0
DA:6,0
DA:8,0
DA:9,0
DA:10,0
DA:11,0
DA:14,0
DA:15,0
DA:16,0
DA:17,0
DA:20,0
LF:11
LH:0
BRDA:9,0,0,0
BRDA:9,0,1,0
BRDA:10,1,0,0
BRDA:10,1,1,0
BRDA:15,2,0,0
BRDA:15,2,1,0
BRDA:16,3,0,0
BRDA:16,3,1,0
BRDA:30,4,0,0
BRDA:30,4,1,0
BRDA:30,4,2,0
BRF:11
BRH:0
end_of_record
TN:
SF:src/components/SwitchCard.tsx
FN:20,statusBadge
FN:30,APRow
FN:35,(anonymous_2)
FN:36,(anonymous_3)
FN:42,(anonymous_4)
FN:86,SwitchCard
FN:92,(anonymous_6)
FN:154,(anonymous_7)
FN:163,(anonymous_8)
FN:180,(anonymous_9)
FN:199,(anonymous_10)
FN:209,(anonymous_11)
FN:209,(anonymous_12)
FN:218,(anonymous_13)
FN:225,(anonymous_14)
FNF:15
FNH:0
FNDA:0,statusBadge
FNDA:0,APRow
FNDA:0,(anonymous_2)
FNDA:0,(anonymous_3)
FNDA:0,(anonymous_4)
FNDA:0,SwitchCard
FNDA:0,(anonymous_6)
FNDA:0,(anonymous_7)
FNDA:0,(anonymous_8)
FNDA:0,(anonymous_9)
FNDA:0,(anonymous_10)
FNDA:0,(anonymous_11)
FNDA:0,(anonymous_12)
FNDA:0,(anonymous_13)
FNDA:0,(anonymous_14)
DA:21,0
DA:22,0
DA:24,0
DA:25,0
DA:27,0
DA:31,0
DA:32,0
DA:34,0
DA:35,0
DA:37,0
DA:38,0
DA:42,0
DA:43,0
DA:44,0
DA:45,0
DA:49,0
DA:87,0
DA:88,0
DA:90,0
DA:92,0
DA:97,0
DA:101,0
DA:154,0
DA:163,0
DA:181,0
DA:199,0
DA:209,0
DA:218,0
DA:225,0
LF:29
LH:0
BRDA:21,0,0,0
BRDA:21,0,1,0
BRDA:24,1,0,0
BRDA:24,1,1,0
BRDA:43,2,0,0
BRDA:43,2,1,0
BRDA:55,3,0,0
BRDA:55,3,1,0
BRDA:57,4,0,0
BRDA:57,4,1,0
BRDA:63,5,0,0
BRDA:63,5,1,0
BRDA:65,6,0,0
BRDA:65,6,1,0
BRDA:65,6,2,0
BRDA:72,7,0,0
BRDA:72,7,1,0
BRDA:79,8,0,0
BRDA:79,8,1,0
BRDA:97,9,0,0
BRDA:97,9,1,0
BRDA:112,10,0,0
BRDA:112,10,1,0
BRDA:130,11,0,0
BRDA:130,11,1,0
BRDA:137,12,0,0
BRDA:137,12,1,0
BRDA:144,13,0,0
BRDA:144,13,1,0
BRDA:159,14,0,0
BRDA:159,14,1,0
BRDA:160,15,0,0
BRDA:160,15,1,0
BRDA:171,16,0,0
BRDA:171,16,1,0
BRDA:173,17,0,0
BRDA:173,17,1,0
BRDA:178,18,0,0
BRDA:178,18,1,0
BRDA:178,19,0,0
BRDA:178,19,1,0
BRDA:195,20,0,0
BRDA:195,20,1,0
BRDA:204,21,0,0
BRDA:204,21,1,0
BRDA:206,22,0,0
BRDA:206,22,1,0
BRDA:215,23,0,0
BRDA:215,23,1,0
BRF:49
BRH:0
end_of_record
TN:
SF:src/components/SwitchForm.tsx
FN:10,SwitchForm
FN:30,(anonymous_1)
FN:64,(anonymous_2)
FN:76,(anonymous_3)
FN:87,(anonymous_4)
FN:100,(anonymous_5)
FN:112,(anonymous_6)
FN:127,(anonymous_7)
FN:137,(anonymous_8)
FN:150,(anonymous_9)
FN:160,(anonymous_10)
FN:168,(anonymous_11)
FN:182,(anonymous_12)
FN:195,(anonymous_13)
FNF:14
FNH:0
FNDA:0,SwitchForm
FNDA:0,(anonymous_1)
FNDA:0,(anonymous_2)
FNDA:0,(anonymous_3)
FNDA:0,(anonymous_4)
FNDA:0,(anonymous_5)
FNDA:0,(anonymous_6)
FNDA:0,(anonymous_7)
FNDA:0,(anonymous_8)
FNDA:0,(anonymous_9)
FNDA:0,(anonymous_10)
FNDA:0,(anonymous_11)
FNDA:0,(anonymous_12)
FNDA:0,(anonymous_13)
DA:11,0
DA:12,0
DA:13,0
DA:14,0
DA:15,0
DA:16,0
DA:17,0
DA:18,0
DA:21,0
DA:24,0
DA:27,0
DA:28,0
DA:30,0
DA:31,0
DA:32,0
DA:43,0
DA:44,0
DA:45,0
DA:46,0
DA:47,0
DA:48,0
DA:50,0
DA:53,0
DA:64,0
DA:76,0
DA:87,0
DA:100,0
DA:112,0
DA:127,0
DA:137,0
DA:150,0
DA:160,0
DA:168,0
DA:182,0
DA:195,0
LF:35
LH:0
BRDA:11,0,0,0
BRDA:11,0,1,0
BRDA:12,1,0,0
BRDA:12,1,1,0
BRDA:13,2,0,0
BRDA:13,2,1,0
BRDA:16,3,0,0
BRDA:16,3,1,0
BRDA:17,4,0,0
BRDA:17,4,1,0
BRDA:19,5,0,0
BRDA:19,5,1,0
BRDA:22,6,0,0
BRDA:22,6,1,0
BRDA:25,7,0,0
BRDA:25,7,1,0
BRDA:27,8,0,0
BRDA:27,8,1,0
BRDA:28,9,0,0
BRDA:28,9,1,0
BRDA:43,10,0,0
BRDA:43,10,1,0
BRDA:44,11,0,0
BRDA:44,11,1,0
BRDA:45,12,0,0
BRDA:45,12,1,0
BRDA:46,13,0,0
BRDA:46,13,1,0
BRDA:57,14,0,0
BRDA:57,14,1,0
BRDA:177,15,0,0
BRDA:177,15,1,0
BRDA:190,16,0,0
BRDA:190,16,1,0
BRDA:212,17,0,0
BRDA:212,17,1,0
BRF:36
BRH:0
end_of_record
TN:
SF:src/components/SwitchPortsTable.tsx
FN:19,formatStatus
FN:26,SwitchPortsTable
FN:38,(anonymous_2)
FN:41,(anonymous_3)
FN:43,(anonymous_4)
FN:44,(anonymous_5)
FN:46,(anonymous_6)
FN:48,(anonymous_7)
FN:53,(anonymous_8)
FN:58,(anonymous_9)
FN:63,(anonymous_10)
FN:67,(anonymous_11)
FN:72,(anonymous_12)
FN:82,(anonymous_13)
FN:86,(anonymous_14)
FN:91,(anonymous_15)
FN:117,(anonymous_16)
FN:129,(anonymous_17)
FN:135,(anonymous_18)
FN:173,(anonymous_19)
FN:235,(anonymous_20)
FN:236,(anonymous_21)
FN:245,(anonymous_22)
FN:245,(anonymous_23)
FN:251,(anonymous_24)
FN:251,(anonymous_25)
FN:257,(anonymous_26)
FN:257,(anonymous_27)
FN:261,(anonymous_28)
FN:264,(anonymous_29)
FN:280,(anonymous_30)
FN:280,(anonymous_31)
FN:285,(anonymous_32)
FN:297,(anonymous_33)
FN:303,(anonymous_34)
FN:309,(anonymous_35)
FN:315,(anonymous_36)
FN:321,(anonymous_37)
FNF:38
FNH:10
FNDA:5,formatStatus
FNDA:4,SwitchPortsTable
FNDA:2,(anonymous_2)
FNDA:2,(anonymous_3)
FNDA:0,(anonymous_4)
FNDA:0,(anonymous_5)
FNDA:1,(anonymous_6)
FNDA:1,(anonymous_7)
FNDA:1,(anonymous_8)
FNDA:0,(anonymous_9)
FNDA:0,(anonymous_10)
FNDA:0,(anonymous_11)
FNDA:0,(anonymous_12)
FNDA:0,(anonymous_13)
FNDA:0,(anonymous_14)
FNDA:0,(anonymous_15)
FNDA:0,(anonymous_16)
FNDA:0,(anonymous_17)
FNDA:1,(anonymous_18)
FNDA:3,(anonymous_19)
FNDA:0,(anonymous_20)
FNDA:0,(anonymous_21)
FNDA:0,(anonymous_22)
FNDA:0,(anonymous_23)
FNDA:0,(anonymous_24)
FNDA:0,(anonymous_25)
FNDA:0,(anonymous_26)
FNDA:0,(anonymous_27)
FNDA:0,(anonymous_28)
FNDA:0,(anonymous_29)
FNDA:0,(anonymous_30)
FNDA:0,(anonymous_31)
FNDA:0,(anonymous_32)
FNDA:0,(anonymous_33)
FNDA:1,(anonymous_34)
FNDA:0,(anonymous_35)
FNDA:0,(anonymous_36)
FNDA:0,(anonymous_37)
DA:20,5
DA:21,5
DA:22,0
DA:23,0
DA:27,4
DA:28,4
DA:29,4
DA:30,4
DA:31,4
DA:32,4
DA:33,4
DA:34,4
DA:36,4
DA:38,2
DA:41,4
DA:42,2
DA:43,2
DA:44,2
DA:46,4
DA:48,4
DA:49,1
DA:52,4
DA:53,1
DA:57,4
DA:58,0
DA:62,4
DA:63,0
DA:66,4
DA:67,0
DA:71,4
DA:72,0
DA:82,4
DA:83,0
DA:84,0
DA:86,4
DA:87,0
DA:88,0
DA:89,0
DA:91,4
DA:92,0
DA:93,0
DA:94,0
DA:95,0
DA:96,0
DA:97,0
DA:99,0
DA:100,0
DA:101,0
DA:102,0
DA:103,0
DA:106,4
DA:117,0
DA:129,0
DA:135,1
DA:175,3
DA:186,3
DA:194,3
DA:195,3
DA:196,3
DA:198,3
DA:199,1
DA:217,2
DA:236,0
DA:245,0
DA:251,0
DA:257,0
DA:261,0
DA:264,0
DA:280,0
DA:285,0
DA:297,0
DA:303,1
DA:309,0
DA:315,0
DA:321,0
LF:75
LH:39
BRDA:20,0,0,0
BRDA:20,0,1,5
BRDA:21,1,0,5
BRDA:21,1,1,0
BRDA:22,2,0,0
BRDA:22,2,1,0
BRDA:38,3,0,2
BRDA:38,3,1,2
BRDA:42,4,0,2
BRDA:42,4,1,1
BRDA:43,5,0,0
BRDA:43,5,1,0
BRDA:43,6,0,0
BRDA:43,6,1,0
BRDA:83,7,0,0
BRDA:83,7,1,0
BRDA:83,7,2,0
BRDA:87,8,0,0
BRDA:87,8,1,0
BRDA:87,8,2,0
BRDA:88,9,0,0
BRDA:88,9,1,0
BRDA:88,10,0,0
BRDA:88,10,1,0
BRDA:88,10,2,0
BRDA:92,11,0,0
BRDA:92,11,1,0
BRDA:92,12,0,0
BRDA:92,12,1,0
BRDA:93,13,0,0
BRDA:93,13,1,0
BRDA:94,14,0,0
BRDA:94,14,1,0
BRDA:94,14,2,0
BRDA:94,14,3,0
BRDA:95,15,0,0
BRDA:95,15,1,0
BRDA:95,16,0,0
BRDA:95,16,1,0
BRDA:95,16,2,0
BRDA:99,17,0,0
BRDA:99,17,1,0
BRDA:99,18,0,0
BRDA:99,18,1,0
BRDA:100,19,0,0
BRDA:100,19,1,0
BRDA:101,20,0,0
BRDA:101,20,1,0
BRDA:101,21,0,0
BRDA:101,21,1,0
BRDA:101,21,2,0
BRDA:101,21,3,0
BRDA:102,22,0,0
BRDA:102,22,1,0
BRDA:102,23,0,0
BRDA:102,23,1,0
BRDA:102,23,2,0
BRDA:130,24,0,2
BRDA:130,24,1,2
BRDA:136,25,0,2
BRDA:136,25,1,2
BRDA:143,26,0,1
BRDA:143,26,1,3
BRDA:148,27,0,1
BRDA:148,27,1,2
BRDA:175,28,0,3
BRDA:175,28,1,0
BRDA:176,29,0,0
BRDA:176,29,1,0
BRDA:178,30,0,0
BRDA:178,30,1,0
BRDA:178,31,0,0
BRDA:178,31,1,0
BRDA:180,32,0,0
BRDA:180,32,1,0
BRDA:182,33,0,0
BRDA:182,33,1,0
BRDA:186,34,0,3
BRDA:186,34,1,3
BRDA:187,35,0,3
BRDA:187,35,1,0
BRDA:189,36,0,0
BRDA:189,36,1,0
BRDA:191,37,0,0
BRDA:191,37,1,0
BRDA:191,38,0,0
BRDA:191,38,1,0
BRDA:194,39,0,3
BRDA:194,39,1,3
BRDA:194,39,2,3
BRDA:195,40,0,3
BRDA:195,40,1,3
BRDA:195,41,0,3
BRDA:195,41,1,0
BRDA:196,42,0,3
BRDA:196,42,1,3
BRDA:198,43,0,1
BRDA:198,43,1,2
BRDA:202,44,0,1
BRDA:202,44,1,0
BRDA:203,45,0,1
BRDA:203,45,1,1
BRDA:210,46,0,0
BRDA:210,46,1,1
BRDA:210,47,0,1
BRDA:210,47,1,0
BRDA:211,48,0,1
BRDA:211,48,1,0
BRDA:224,49,0,2
BRDA:224,49,1,0
BRDA:225,50,0,2
BRDA:225,50,1,0
BRDA:225,51,0,3
BRDA:225,51,1,2
BRDA:225,51,2,0
BRDA:225,52,0,2
BRDA:225,52,1,0
BRDA:226,53,0,0
BRDA:226,53,1,2
BRDA:226,54,0,3
BRDA:226,54,1,0
BRDA:228,55,0,3
BRDA:228,55,1,0
BRDA:228,55,2,0
BRDA:231,56,0,3
BRDA:231,56,1,2
BRDA:234,57,0,2
BRDA:234,57,1,2
BRDA:234,58,0,0
BRDA:234,58,1,2
BRDA:244,59,0,2
BRDA:244,59,1,2
BRDA:244,60,0,2
BRDA:244,60,1,0
BRDA:244,60,2,0
BRDA:250,61,0,2
BRDA:250,61,1,2
BRDA:250,62,0,2
BRDA:250,62,1,2
BRDA:256,63,0,2
BRDA:256,63,1,2
BRDA:256,63,2,2
BRDA:273,64,0,0
BRDA:273,64,1,2
BRDA:273,65,0,2
BRDA:273,65,1,0
BRDA:274,66,0,3
BRDA:274,66,1,0
BRDA:279,67,0,3
BRDA:279,67,1,2
BRDA:279,67,2,0
BRDA:283,68,0,3
BRDA:283,68,1,2
BRDA:294,69,0,2
BRDA:294,69,1,0
BRF:155
BRH:65
end_of_record
TN:
SF:src/components/TonerBar.tsx
FN:8,TonerBar
FNF:1
FNH:0
FNDA:0,TonerBar
DA:9,0
DA:10,0
DA:11,0
DA:12,0
DA:13,0
DA:15,0
LF:6
LH:0
BRDA:12,0,0,0
BRDA:12,0,1,0
BRDA:12,0,2,0
BRDA:13,1,0,0
BRDA:13,1,1,0
BRDA:19,2,0,0
BRDA:19,2,1,0
BRDA:25,3,0,0
BRDA:25,3,1,0
BRDA:26,4,0,0
BRDA:26,4,1,0
BRDA:26,4,2,0
BRDA:34,5,0,0
BRDA:34,5,1,0
BRDA:34,6,0,0
BRDA:34,6,1,0
BRDA:35,7,0,0
BRDA:35,7,1,0
BRDA:35,8,0,0
BRDA:35,8,1,0
BRDA:35,9,0,0
BRDA:35,9,1,0
BRF:22
BRH:0
end_of_record
TN:
SF:src/components/UserForm.tsx
FN:18,UserForm
FN:24,(anonymous_1)
FN:38,(anonymous_2)
FN:77,(anonymous_3)
FN:87,(anonymous_4)
FN:101,(anonymous_5)
FN:111,(anonymous_6)
FNF:7
FNH:0
FNDA:0,UserForm
FNDA:0,(anonymous_1)
FNDA:0,(anonymous_2)
FNDA:0,(anonymous_3)
FNDA:0,(anonymous_4)
FNDA:0,(anonymous_5)
FNDA:0,(anonymous_6)
DA:19,0
DA:20,0
DA:21,0
DA:22,0
DA:24,0
DA:25,0
DA:26,0
DA:27,0
DA:28,0
DA:29,0
DA:31,0
DA:32,0
DA:33,0
DA:34,0
DA:38,0
DA:39,0
DA:40,0
DA:45,0
DA:46,0
DA:49,0
DA:77,0
DA:87,0
DA:101,0
DA:111,0
LF:24
LH:0
BRDA:25,0,0,0
BRDA:25,0,1,0
BRDA:27,1,0,0
BRDA:27,1,1,0
BRDA:45,2,0,0
BRDA:45,2,1,0
BRDA:57,3,0,0
BRDA:57,3,1,0
BRDA:64,4,0,0
BRDA:64,4,1,0
BRDA:94,5,0,0
BRDA:94,5,1,0
BRDA:132,6,0,0
BRDA:132,6,1,0
BRF:14
BRH:0
end_of_record
TN:
SF:src/components/ZebraCard.tsx
FN:13,statusBadge
FN:31,macCornerMeta
FN:43,ZebraCard
FN:105,(anonymous_3)
FN:128,(anonymous_4)
FN:135,(anonymous_5)
FNF:6
FNH:0
FNDA:0,statusBadge
FNDA:0,macCornerMeta
FNDA:0,ZebraCard
FNDA:0,(anonymous_3)
FNDA:0,(anonymous_4)
FNDA:0,(anonymous_5)
DA:14,0
DA:15,0
DA:22,0
DA:23,0
DA:25,0
DA:26,0
DA:28,0
DA:32,0
DA:33,0
DA:34,0
DA:35,0
DA:37,0
DA:38,0
DA:40,0
DA:44,0
DA:45,0
DA:47,0
DA:51,0
DA:105,0
DA:128,0
DA:135,0
LF:21
LH:0
BRDA:14,0,0,0
BRDA:14,0,1,0
BRDA:22,1,0,0
BRDA:22,1,1,0
BRDA:25,2,0,0
BRDA:25,2,1,0
BRDA:32,3,0,0
BRDA:32,3,1,0
BRDA:32,4,0,0
BRDA:32,4,1,0
BRDA:33,5,0,0
BRDA:33,5,1,0
BRDA:34,6,0,0
BRDA:34,6,1,0
BRDA:37,7,0,0
BRDA:37,7,1,0
BRDA:45,8,0,0
BRDA:45,8,1,0
BRDA:47,9,0,0
BRDA:47,9,1,0
BRDA:53,10,0,0
BRDA:53,10,1,0
BRDA:64,11,0,0
BRDA:64,11,1,0
BRDA:65,12,0,0
BRDA:65,12,1,0
BRDA:76,13,0,0
BRDA:76,13,1,0
BRDA:77,14,0,0
BRDA:77,14,1,0
BRDA:85,15,0,0
BRDA:85,15,1,0
BRDA:96,16,0,0
BRDA:96,16,1,0
BRDA:98,17,0,0
BRDA:98,17,1,0
BRDA:102,18,0,0
BRDA:102,18,1,0
BRDA:110,19,0,0
BRDA:110,19,1,0
BRDA:112,20,0,0
BRDA:112,20,1,0
BRDA:125,21,0,0
BRDA:125,21,1,0
BRF:44
BRH:0
end_of_record
TN:
SF:src/components/ui/Button.tsx
FN:11,(anonymous_0)
FNF:1
FNH:0
FNDA:0,(anonymous_0)
DA:10,0
DA:12,0
DA:14,0
DA:21,0
DA:27,0
DA:44,0
LF:6
LH:0
BRDA:11,0,0,0
BRDA:11,1,0,0
BRDA:11,2,0,0
BRDA:32,3,0,0
BRDA:32,3,1,0
BRDA:35,4,0,0
BRDA:35,4,1,0
BRF:7
BRH:0
end_of_record
TN:
SF:src/components/ui/Card.tsx
FN:10,(anonymous_0)
FN:25,CardHeader
FN:33,CardTitle
FN:41,CardContent
FNF:4
FNH:0
FNDA:0,(anonymous_0)
FNDA:0,CardHeader
FNDA:0,CardTitle
FNDA:0,CardContent
DA:9,0
DA:11,0
DA:23,0
DA:26,0
DA:34,0
DA:42,0
LF:6
LH:0
BRDA:10,0,0,0
BRDA:10,1,0,0
BRDA:10,2,0,0
BRDA:14,3,0,0
BRDA:14,3,1,0
BRDA:15,4,0,0
BRDA:15,4,1,0
BRDA:25,5,0,0
BRDA:33,6,0,0
BRDA:41,7,0,0
BRF:10
BRH:0
end_of_record
TN:
SF:src/components/ui/Input.tsx
FN:10,(anonymous_0)
FNF:1
FNH:0
FNDA:0,(anonymous_0)
DA:9,0
DA:11,0
DA:32,0
LF:3
LH:0
BRDA:10,0,0,0
BRDA:13,1,0,0
BRDA:13,1,1,0
BRDA:21,2,0,0
BRDA:21,2,1,0
BRDA:22,3,0,0
BRDA:22,3,1,0
BRF:7
BRH:0
end_of_record
TN:
SF:src/hooks/useDebouncedValue.ts
FN:3,useDebouncedValue
FN:6,(anonymous_1)
FN:7,(anonymous_2)
FN:8,(anonymous_3)
FNF:4
FNH:0
FNDA:0,useDebouncedValue
FNDA:0,(anonymous_1)
FNDA:0,(anonymous_2)
FNDA:0,(anonymous_3)
DA:4,0
DA:6,0
DA:7,0
DA:8,0
DA:11,0
LF:5
LH:0
BRDA:3,0,0,0
BRF:1
BRH:0
end_of_record
TN:
SF:src/pages/CashRegistersPage.tsx
FN:48,CashRegistersPage
FN:61,(anonymous_1)
FN:67,(anonymous_2)
FN:67,(anonymous_3)
FN:70,(anonymous_4)
FN:71,(anonymous_5)
FN:72,(anonymous_6)
FN:75,(anonymous_7)
FN:76,(anonymous_8)
FN:78,(anonymous_9)
FN:84,(anonymous_10)
FN:91,(anonymous_11)
FN:92,(anonymous_12)
FN:111,(anonymous_13)
FN:117,(anonymous_14)
FN:136,(anonymous_15)
FN:145,(anonymous_16)
FN:163,(anonymous_17)
FN:177,(anonymous_18)
FN:195,(anonymous_19)
FN:200,(anonymous_20)
FN:206,(anonymous_21)
FN:216,(anonymous_22)
FN:246,(anonymous_23)
FN:279,(anonymous_24)
FN:288,(anonymous_25)
FN:297,(anonymous_26)
FN:302,(anonymous_27)
FN:322,(anonymous_28)
FN:322,(anonymous_29)
FN:326,(anonymous_30)
FN:326,(anonymous_31)
FN:331,(anonymous_32)
FN:331,(anonymous_33)
FN:336,(anonymous_34)
FN:336,(anonymous_35)
FN:341,(anonymous_36)
FN:341,(anonymous_37)
FN:346,(anonymous_38)
FN:346,(anonymous_39)
FN:351,(anonymous_40)
FN:351,(anonymous_41)
FN:356,(anonymous_42)
FN:356,(anonymous_43)
FN:361,(anonymous_44)
FN:361,(anonymous_45)
FN:366,(anonymous_46)
FN:366,(anonymous_47)
FN:373,(anonymous_48)
FN:373,(anonymous_49)
FN:385,(anonymous_50)
FN:385,(anonymous_51)
FN:389,(anonymous_52)
FN:407,Input
FN:411,(anonymous_54)
FN:416,Stat
FNF:56
FNH:0
FNDA:0,CashRegistersPage
FNDA:0,(anonymous_1)
FNDA:0,(anonymous_2)
FNDA:0,(anonymous_3)
FNDA:0,(anonymous_4)
FNDA:0,(anonymous_5)
FNDA:0,(anonymous_6)
FNDA:0,(anonymous_7)
FNDA:0,(anonymous_8)
FNDA:0,(anonymous_9)
FNDA:0,(anonymous_10)
FNDA:0,(anonymous_11)
FNDA:0,(anonymous_12)
FNDA:0,(anonymous_13)
FNDA:0,(anonymous_14)
FNDA:0,(anonymous_15)
FNDA:0,(anonymous_16)
FNDA:0,(anonymous_17)
FNDA:0,(anonymous_18)
FNDA:0,(anonymous_19)
FNDA:0,(anonymous_20)
FNDA:0,(anonymous_21)
FNDA:0,(anonymous_22)
FNDA:0,(anonymous_23)
FNDA:0,(anonymous_24)
FNDA:0,(anonymous_25)
FNDA:0,(anonymous_26)
FNDA:0,(anonymous_27)
FNDA:0,(anonymous_28)
FNDA:0,(anonymous_29)
FNDA:0,(anonymous_30)
FNDA:0,(anonymous_31)
FNDA:0,(anonymous_32)
FNDA:0,(anonymous_33)
FNDA:0,(anonymous_34)
FNDA:0,(anonymous_35)
FNDA:0,(anonymous_36)
FNDA:0,(anonymous_37)
FNDA:0,(anonymous_38)
FNDA:0,(anonymous_39)
FNDA:0,(anonymous_40)
FNDA:0,(anonymous_41)
FNDA:0,(anonymous_42)
FNDA:0,(anonymous_43)
FNDA:0,(anonymous_44)
FNDA:0,(anonymous_45)
FNDA:0,(anonymous_46)
FNDA:0,(anonymous_47)
FNDA:0,(anonymous_48)
FNDA:0,(anonymous_49)
FNDA:0,(anonymous_50)
FNDA:0,(anonymous_51)
FNDA:0,(anonymous_52)
FNDA:0,Input
FNDA:0,(anonymous_54)
FNDA:0,Stat
DA:33,0
DA:49,0
DA:50,0
DA:51,0
DA:52,0
DA:53,0
DA:54,0
DA:55,0
DA:56,0
DA:57,0
DA:59,0
DA:61,0
DA:65,0
DA:66,0
DA:67,0
DA:70,0
DA:71,0
DA:72,0
DA:73,0
DA:75,0
DA:76,0
DA:78,0
DA:79,0
DA:82,0
DA:85,0
DA:86,0
DA:87,0
DA:90,0
DA:91,0
DA:93,0
DA:94,0
DA:95,0
DA:96,0
DA:99,0
DA:103,0
DA:107,0
DA:111,0
DA:112,0
DA:113,0
DA:114,0
DA:117,0
DA:118,0
DA:119,0
DA:133,0
DA:136,0
DA:137,0
DA:138,0
DA:139,0
DA:140,0
DA:142,0
DA:145,0
DA:146,0
DA:147,0
DA:148,0
DA:149,0
DA:155,0
DA:163,0
DA:177,0
DA:195,0
DA:200,0
DA:206,0
DA:217,0
DA:246,0
DA:279,0
DA:288,0
DA:297,0
DA:302,0
DA:322,0
DA:326,0
DA:331,0
DA:336,0
DA:341,0
DA:346,0
DA:351,0
DA:356,0
DA:361,0
DA:366,0
DA:373,0
DA:385,0
DA:389,0
DA:408,0
DA:411,0
DA:427,0
LF:83
LH:0
BRDA:61,0,0,0
BRDA:61,0,1,0
BRDA:65,1,0,0
BRDA:65,1,1,0
BRDA:71,2,0,0
BRDA:71,2,1,0
BRDA:72,3,0,0
BRDA:72,3,1,0
BRDA:120,4,0,0
BRDA:120,4,1,0
BRDA:121,5,0,0
BRDA:121,5,1,0
BRDA:122,6,0,0
BRDA:122,6,1,0
BRDA:123,7,0,0
BRDA:123,7,1,0
BRDA:124,8,0,0
BRDA:124,8,1,0
BRDA:125,9,0,0
BRDA:125,9,1,0
BRDA:126,10,0,0
BRDA:126,10,1,0
BRDA:127,11,0,0
BRDA:127,11,1,0
BRDA:129,12,0,0
BRDA:129,12,1,0
BRDA:130,13,0,0
BRDA:130,13,1,0
BRDA:131,14,0,0
BRDA:131,14,1,0
BRDA:137,15,0,0
BRDA:137,15,1,0
BRDA:137,16,0,0
BRDA:137,16,1,0
BRDA:138,17,0,0
BRDA:138,17,1,0
BRDA:146,18,0,0
BRDA:146,18,1,0
BRDA:147,19,0,0
BRDA:147,19,1,0
BRDA:147,20,0,0
BRDA:147,20,1,0
BRDA:170,21,0,0
BRDA:170,21,1,0
BRDA:181,22,0,0
BRDA:181,22,1,0
BRDA:184,23,0,0
BRDA:184,23,1,0
BRDA:211,24,0,0
BRDA:211,24,1,0
BRDA:213,25,0,0
BRDA:213,25,1,0
BRDA:224,26,0,0
BRDA:224,26,1,0
BRDA:226,27,0,0
BRDA:226,27,1,0
BRDA:231,28,0,0
BRDA:231,28,1,0
BRDA:233,29,0,0
BRDA:233,29,1,0
BRDA:238,30,0,0
BRDA:238,30,1,0
BRDA:238,31,0,0
BRDA:238,31,1,0
BRDA:243,32,0,0
BRDA:243,32,1,0
BRDA:244,33,0,0
BRDA:244,33,1,0
BRDA:254,34,0,0
BRDA:254,34,1,0
BRDA:257,35,0,0
BRDA:257,35,1,0
BRDA:259,36,0,0
BRDA:259,36,1,0
BRDA:265,37,0,0
BRDA:265,37,1,0
BRDA:266,38,0,0
BRDA:266,38,1,0
BRDA:267,39,0,0
BRDA:267,39,1,0
BRDA:268,40,0,0
BRDA:268,40,1,0
BRDA:269,41,0,0
BRDA:269,41,1,0
BRDA:270,42,0,0
BRDA:270,42,1,0
BRDA:271,43,0,0
BRDA:271,43,1,0
BRDA:272,44,0,0
BRDA:272,44,1,0
BRDA:273,45,0,0
BRDA:273,45,1,0
BRDA:275,46,0,0
BRDA:275,46,1,0
BRDA:282,47,0,0
BRDA:282,47,1,0
BRDA:295,48,0,0
BRDA:295,48,1,0
BRDA:317,49,0,0
BRDA:317,49,1,0
BRDA:320,50,0,0
BRDA:320,50,1,0
BRDA:397,51,0,0
BRDA:397,51,1,0
BRDA:397,51,2,0
BRDA:397,51,3,0
BRDA:430,52,0,0
BRDA:430,52,1,0
BRF:108
BRH:0
end_of_record
TN:
SF:src/pages/ComputersPage.tsx
FN:28,ComputersPage
FN:40,(anonymous_1)
FN:44,(anonymous_2)
FN:46,(anonymous_3)
FN:50,(anonymous_4)
FN:58,(anonymous_5)
FN:59,(anonymous_6)
FN:78,(anonymous_7)
FN:84,(anonymous_8)
FN:94,(anonymous_9)
FN:103,(anonymous_10)
FN:120,(anonymous_11)
FN:127,(anonymous_12)
FN:150,(anonymous_13)
FN:188,(anonymous_14)
FN:196,(anonymous_15)
FN:206,(anonymous_16)
FN:211,(anonymous_17)
FN:234,(anonymous_18)
FN:234,(anonymous_19)
FN:239,(anonymous_20)
FN:239,(anonymous_21)
FN:247,(anonymous_22)
FN:247,(anonymous_23)
FN:251,(anonymous_24)
FN:265,Input
FN:269,(anonymous_26)
FNF:27
FNH:0
FNDA:0,ComputersPage
FNDA:0,(anonymous_1)
FNDA:0,(anonymous_2)
FNDA:0,(anonymous_3)
FNDA:0,(anonymous_4)
FNDA:0,(anonymous_5)
FNDA:0,(anonymous_6)
FNDA:0,(anonymous_7)
FNDA:0,(anonymous_8)
FNDA:0,(anonymous_9)
FNDA:0,(anonymous_10)
FNDA:0,(anonymous_11)
FNDA:0,(anonymous_12)
FNDA:0,(anonymous_13)
FNDA:0,(anonymous_14)
FNDA:0,(anonymous_15)
FNDA:0,(anonymous_16)
FNDA:0,(anonymous_17)
FNDA:0,(anonymous_18)
FNDA:0,(anonymous_19)
FNDA:0,(anonymous_20)
FNDA:0,(anonymous_21)
FNDA:0,(anonymous_22)
FNDA:0,(anonymous_23)
FNDA:0,(anonymous_24)
FNDA:0,Input
FNDA:0,(anonymous_26)
DA:22,0
DA:29,0
DA:30,0
DA:31,0
DA:32,0
DA:33,0
DA:34,0
DA:35,0
DA:36,0
DA:38,0
DA:40,0
DA:44,0
DA:46,0
DA:48,0
DA:51,0
DA:52,0
DA:53,0
DA:54,0
DA:57,0
DA:58,0
DA:60,0
DA:61,0
DA:62,0
DA:63,0
DA:66,0
DA:70,0
DA:74,0
DA:78,0
DA:79,0
DA:80,0
DA:81,0
DA:84,0
DA:85,0
DA:86,0
DA:91,0
DA:94,0
DA:95,0
DA:96,0
DA:97,0
DA:98,0
DA:100,0
DA:103,0
DA:104,0
DA:105,0
DA:106,0
DA:112,0
DA:120,0
DA:127,0
DA:151,0
DA:188,0
DA:196,0
DA:206,0
DA:211,0
DA:234,0
DA:239,0
DA:247,0
DA:251,0
DA:266,0
DA:269,0
LF:59
LH:0
BRDA:40,0,0,0
BRDA:40,0,1,0
BRDA:44,1,0,0
BRDA:44,1,1,0
BRDA:88,2,0,0
BRDA:88,2,1,0
BRDA:89,3,0,0
BRDA:89,3,1,0
BRDA:95,4,0,0
BRDA:95,4,1,0
BRDA:96,5,0,0
BRDA:96,5,1,0
BRDA:104,6,0,0
BRDA:104,6,1,0
BRDA:104,7,0,0
BRDA:104,7,1,0
BRDA:131,8,0,0
BRDA:131,8,1,0
BRDA:134,9,0,0
BRDA:134,9,1,0
BRDA:145,10,0,0
BRDA:145,10,1,0
BRDA:147,11,0,0
BRDA:147,11,1,0
BRDA:158,12,0,0
BRDA:158,12,1,0
BRDA:160,13,0,0
BRDA:160,13,1,0
BRDA:165,14,0,0
BRDA:165,14,1,0
BRDA:167,15,0,0
BRDA:167,15,1,0
BRDA:172,16,0,0
BRDA:172,16,1,0
BRDA:172,17,0,0
BRDA:172,17,1,0
BRDA:176,18,0,0
BRDA:176,18,1,0
BRDA:179,19,0,0
BRDA:179,19,1,0
BRDA:181,20,0,0
BRDA:181,20,1,0
BRDA:184,21,0,0
BRDA:184,21,1,0
BRDA:201,22,0,0
BRDA:201,22,1,0
BRDA:204,23,0,0
BRDA:204,23,1,0
BRDA:226,24,0,0
BRDA:226,24,1,0
BRDA:229,25,0,0
BRDA:229,25,1,0
BRF:52
BRH:0
end_of_record
TN:
SF:src/pages/Dashboard.tsx
FN:32,Dashboard
FN:49,(anonymous_1)
FN:54,(anonymous_2)
FN:60,(anonymous_3)
FN:65,(anonymous_4)
FN:66,(anonymous_5)
FN:71,(anonymous_6)
FN:71,(anonymous_7)
FN:72,(anonymous_8)
FN:73,(anonymous_9)
FN:78,(anonymous_10)
FN:91,(anonymous_11)
FN:96,(anonymous_12)
FN:100,(anonymous_13)
FN:102,(anonymous_14)
FN:108,(anonymous_15)
FN:113,(anonymous_16)
FN:116,(anonymous_17)
FN:122,(anonymous_18)
FN:126,(anonymous_19)
FN:130,(anonymous_20)
FN:132,(anonymous_21)
FN:148,(anonymous_22)
FN:149,(anonymous_23)
FN:155,(anonymous_24)
FN:156,(anonymous_25)
FN:159,(anonymous_26)
FN:164,(anonymous_27)
FN:166,(anonymous_28)
FN:172,(anonymous_29)
FN:173,(anonymous_30)
FN:175,(anonymous_31)
FN:176,(anonymous_32)
FN:177,(anonymous_33)
FN:190,(anonymous_34)
FN:197,(anonymous_35)
FN:206,(anonymous_36)
FN:219,(anonymous_37)
FN:220,(anonymous_38)
FN:221,(anonymous_39)
FN:229,(anonymous_40)
FN:236,(anonymous_41)
FN:239,(anonymous_42)
FN:269,(anonymous_43)
FN:274,(anonymous_44)
FN:275,(anonymous_45)
FN:287,(anonymous_46)
FN:288,(anonymous_47)
FN:305,(anonymous_48)
FN:306,(anonymous_49)
FN:320,Stat
FNF:51
FNH:0
FNDA:0,Dashboard
FNDA:0,(anonymous_1)
FNDA:0,(anonymous_2)
FNDA:0,(anonymous_3)
FNDA:0,(anonymous_4)
FNDA:0,(anonymous_5)
FNDA:0,(anonymous_6)
FNDA:0,(anonymous_7)
FNDA:0,(anonymous_8)
FNDA:0,(anonymous_9)
FNDA:0,(anonymous_10)
FNDA:0,(anonymous_11)
FNDA:0,(anonymous_12)
FNDA:0,(anonymous_13)
FNDA:0,(anonymous_14)
FNDA:0,(anonymous_15)
FNDA:0,(anonymous_16)
FNDA:0,(anonymous_17)
FNDA:0,(anonymous_18)
FNDA:0,(anonymous_19)
FNDA:0,(anonymous_20)
FNDA:0,(anonymous_21)
FNDA:0,(anonymous_22)
FNDA:0,(anonymous_23)
FNDA:0,(anonymous_24)
FNDA:0,(anonymous_25)
FNDA:0,(anonymous_26)
FNDA:0,(anonymous_27)
FNDA:0,(anonymous_28)
FNDA:0,(anonymous_29)
FNDA:0,(anonymous_30)
FNDA:0,(anonymous_31)
FNDA:0,(anonymous_32)
FNDA:0,(anonymous_33)
FNDA:0,(anonymous_34)
FNDA:0,(anonymous_35)
FNDA:0,(anonymous_36)
FNDA:0,(anonymous_37)
FNDA:0,(anonymous_38)
FNDA:0,(anonymous_39)
FNDA:0,(anonymous_40)
FNDA:0,(anonymous_41)
FNDA:0,(anonymous_42)
FNDA:0,(anonymous_43)
FNDA:0,(anonymous_44)
FNDA:0,(anonymous_45)
FNDA:0,(anonymous_46)
FNDA:0,(anonymous_47)
FNDA:0,(anonymous_48)
FNDA:0,(anonymous_49)
FNDA:0,Stat
DA:27,0
DA:33,0
DA:34,0
DA:35,0
DA:37,0
DA:38,0
DA:39,0
DA:40,0
DA:41,0
DA:42,0
DA:43,0
DA:44,0
DA:45,0
DA:47,0
DA:49,0
DA:52,0
DA:54,0
DA:58,0
DA:60,0
DA:64,0
DA:65,0
DA:66,0
DA:69,0
DA:71,0
DA:73,0
DA:74,0
DA:78,0
DA:79,0
DA:80,0
DA:81,0
DA:82,0
DA:83,0
DA:84,0
DA:86,0
DA:89,0
DA:92,0
DA:93,0
DA:94,0
DA:96,0
DA:99,0
DA:100,0
DA:103,0
DA:104,0
DA:105,0
DA:106,0
DA:108,0
DA:111,0
DA:113,0
DA:116,0
DA:117,0
DA:120,0
DA:121,0
DA:122,0
DA:125,0
DA:126,0
DA:129,0
DA:131,0
DA:133,0
DA:134,0
DA:135,0
DA:136,0
DA:137,0
DA:138,0
DA:141,0
DA:147,0
DA:149,0
DA:150,0
DA:151,0
DA:155,0
DA:156,0
DA:157,0
DA:159,0
DA:160,0
DA:161,0
DA:162,0
DA:163,0
DA:164,0
DA:166,0
DA:168,0
DA:171,0
DA:172,0
DA:173,0
DA:174,0
DA:176,0
DA:177,0
DA:181,0
DA:190,0
DA:197,0
DA:206,0
DA:219,0
DA:220,0
DA:221,0
DA:229,0
DA:237,0
DA:240,0
DA:241,0
DA:242,0
DA:270,0
DA:274,0
DA:275,0
DA:287,0
DA:288,0
DA:305,0
DA:307,0
DA:308,0
DA:309,0
DA:311,0
DA:335,0
DA:336,0
DA:344,0
LF:110
LH:0
BRDA:34,0,0,0
BRDA:34,0,1,0
BRDA:49,1,0,0
BRDA:49,1,1,0
BRDA:79,2,0,0
BRDA:79,2,1,0
BRDA:79,3,0,0
BRDA:79,3,1,0
BRDA:79,3,2,0
BRDA:82,4,0,0
BRDA:82,4,1,0
BRDA:83,5,0,0
BRDA:83,5,1,0
BRDA:84,6,0,0
BRDA:84,6,1,0
BRDA:117,7,0,0
BRDA:117,7,1,0
BRDA:120,8,0,0
BRDA:120,8,1,0
BRDA:122,9,0,0
BRDA:122,9,1,0
BRDA:126,10,0,0
BRDA:126,10,1,0
BRDA:133,11,0,0
BRDA:133,11,1,0
BRDA:133,12,0,0
BRDA:133,12,1,0
BRDA:135,13,0,0
BRDA:135,13,1,0
BRDA:136,14,0,0
BRDA:136,14,1,0
BRDA:136,15,0,0
BRDA:136,15,1,0
BRDA:136,15,2,0
BRDA:136,15,3,0
BRDA:137,16,0,0
BRDA:137,16,1,0
BRDA:150,17,0,0
BRDA:150,17,1,0
BRDA:150,18,0,0
BRDA:150,18,1,0
BRDA:156,19,0,0
BRDA:156,19,1,0
BRDA:156,20,0,0
BRDA:156,20,1,0
BRDA:160,21,0,0
BRDA:160,21,1,0
BRDA:161,22,0,0
BRDA:161,22,1,0
BRDA:162,23,0,0
BRDA:162,23,1,0
BRDA:164,24,0,0
BRDA:164,24,1,0
BRDA:174,25,0,0
BRDA:174,25,1,0
BRDA:176,26,0,0
BRDA:176,26,1,0
BRDA:201,27,0,0
BRDA:201,27,1,0
BRDA:202,28,0,0
BRDA:202,28,1,0
BRDA:204,29,0,0
BRDA:204,29,1,0
BRDA:218,30,0,0
BRDA:218,30,1,0
BRDA:222,31,0,0
BRDA:222,31,1,0
BRDA:241,32,0,0
BRDA:241,32,1,0
BRDA:241,33,0,0
BRDA:241,33,1,0
BRDA:246,34,0,0
BRDA:246,34,1,0
BRDA:258,35,0,0
BRDA:258,35,1,0
BRDA:262,36,0,0
BRDA:262,36,1,0
BRDA:264,37,0,0
BRDA:264,37,1,0
BRDA:265,38,0,0
BRDA:265,38,1,0
BRDA:270,39,0,0
BRDA:270,39,1,0
BRDA:277,40,0,0
BRDA:277,40,1,0
BRDA:290,41,0,0
BRDA:290,41,1,0
BRDA:299,42,0,0
BRDA:299,42,1,0
BRDA:303,43,0,0
BRDA:303,43,1,0
BRDA:308,44,0,0
BRDA:308,44,1,0
BRDA:335,45,0,0
BRDA:335,45,1,0
BRDA:348,46,0,0
BRDA:348,46,1,0
BRF:97
BRH:0
end_of_record
TN:
SF:src/pages/Login.tsx
FN:6,Login
FN:15,(anonymous_1)
FN:58,(anonymous_2)
FN:70,(anonymous_3)
FNF:4
FNH:4
FNDA:5,Login
FNDA:1,(anonymous_1)
FNDA:1,(anonymous_2)
FNDA:1,(anonymous_3)
DA:7,5
DA:8,5
DA:9,5
DA:10,5
DA:11,5
DA:13,5
DA:15,5
DA:16,1
DA:17,1
DA:18,1
DA:19,1
DA:20,1
DA:22,1
DA:24,1
DA:28,5
DA:58,1
DA:70,1
LF:17
LH:17
BRDA:13,0,0,0
BRDA:13,0,1,5
BRDA:46,1,0,5
BRDA:46,1,1,1
BRDA:80,2,0,1
BRDA:80,2,1,4
BRF:6
BRH:5
end_of_record
TN:
SF:src/pages/LogsPage.tsx
FN:22,severityBadge
FN:35,LogsPage
FN:42,(anonymous_2)
FN:47,(anonymous_3)
FN:48,(anonymous_4)
FN:49,(anonymous_5)
FN:50,(anonymous_6)
FN:68,(anonymous_7)
FN:74,(anonymous_8)
FN:83,(anonymous_9)
FN:86,(anonymous_10)
FN:94,(anonymous_11)
FN:97,(anonymous_12)
FN:125,(anonymous_13)
FNF:14
FNH:0
FNDA:0,severityBadge
FNDA:0,LogsPage
FNDA:0,(anonymous_2)
FNDA:0,(anonymous_3)
FNDA:0,(anonymous_4)
FNDA:0,(anonymous_5)
FNDA:0,(anonymous_6)
FNDA:0,(anonymous_7)
FNDA:0,(anonymous_8)
FNDA:0,(anonymous_9)
FNDA:0,(anonymous_10)
FNDA:0,(anonymous_11)
FNDA:0,(anonymous_12)
FNDA:0,(anonymous_13)
DA:6,0
DA:14,0
DA:23,0
DA:24,0
DA:26,0
DA:27,0
DA:29,0
DA:30,0
DA:32,0
DA:36,0
DA:37,0
DA:38,0
DA:40,0
DA:42,0
DA:45,0
DA:46,0
DA:47,0
DA:48,0
DA:49,0
DA:50,0
DA:53,0
DA:68,0
DA:74,0
DA:84,0
DA:86,0
DA:95,0
DA:97,0
DA:126,0
LF:28
LH:0
BRDA:23,0,0,0
BRDA:23,0,1,0
BRDA:26,1,0,0
BRDA:26,1,1,0
BRDA:29,2,0,0
BRDA:29,2,1,0
BRDA:42,3,0,0
BRDA:42,3,1,0
BRDA:45,4,0,0
BRDA:45,4,1,0
BRDA:46,5,0,0
BRDA:46,5,1,0
BRDA:78,6,0,0
BRDA:78,6,1,0
BRDA:87,7,0,0
BRDA:87,7,1,0
BRDA:98,8,0,0
BRDA:98,8,1,0
BRDA:107,9,0,0
BRDA:107,9,1,0
BRDA:111,10,0,0
BRDA:111,10,1,0
BRDA:130,11,0,0
BRDA:130,11,1,0
BRDA:131,12,0,0
BRDA:131,12,1,0
BRF:26
BRH:0
end_of_record
TN:
SF:src/pages/MediaPlayersPage.tsx
FN:33,MediaPlayersPage
FN:55,(anonymous_1)
FN:60,(anonymous_2)
FN:61,(anonymous_3)
FN:66,(anonymous_4)
FN:66,(anonymous_5)
FN:67,(anonymous_6)
FN:68,(anonymous_7)
FN:73,(anonymous_8)
FN:86,(anonymous_9)
FN:91,(anonymous_10)
FN:95,(anonymous_11)
FN:97,(anonymous_12)
FN:103,(anonymous_13)
FN:108,(anonymous_14)
FN:111,(anonymous_15)
FN:115,(anonymous_16)
FN:117,(anonymous_17)
FN:133,(anonymous_18)
FN:141,(anonymous_19)
FN:147,(anonymous_20)
FN:153,(anonymous_21)
FN:162,(anonymous_22)
FN:163,(anonymous_23)
FN:166,(anonymous_24)
FN:172,(anonymous_25)
FN:173,(anonymous_26)
FN:185,(anonymous_27)
FN:192,(anonymous_28)
FN:201,(anonymous_29)
FN:214,(anonymous_30)
FN:215,(anonymous_31)
FN:216,(anonymous_32)
FN:221,(anonymous_33)
FN:224,(anonymous_34)
FN:243,(anonymous_35)
FN:251,(anonymous_36)
FN:258,(anonymous_37)
FN:265,(anonymous_38)
FN:291,(anonymous_39)
FN:295,(anonymous_40)
FN:296,(anonymous_41)
FN:311,(anonymous_42)
FN:312,(anonymous_43)
FN:326,Stat
FNF:45
FNH:0
FNDA:0,MediaPlayersPage
FNDA:0,(anonymous_1)
FNDA:0,(anonymous_2)
FNDA:0,(anonymous_3)
FNDA:0,(anonymous_4)
FNDA:0,(anonymous_5)
FNDA:0,(anonymous_6)
FNDA:0,(anonymous_7)
FNDA:0,(anonymous_8)
FNDA:0,(anonymous_9)
FNDA:0,(anonymous_10)
FNDA:0,(anonymous_11)
FNDA:0,(anonymous_12)
FNDA:0,(anonymous_13)
FNDA:0,(anonymous_14)
FNDA:0,(anonymous_15)
FNDA:0,(anonymous_16)
FNDA:0,(anonymous_17)
FNDA:0,(anonymous_18)
FNDA:0,(anonymous_19)
FNDA:0,(anonymous_20)
FNDA:0,(anonymous_21)
FNDA:0,(anonymous_22)
FNDA:0,(anonymous_23)
FNDA:0,(anonymous_24)
FNDA:0,(anonymous_25)
FNDA:0,(anonymous_26)
FNDA:0,(anonymous_27)
FNDA:0,(anonymous_28)
FNDA:0,(anonymous_29)
FNDA:0,(anonymous_30)
FNDA:0,(anonymous_31)
FNDA:0,(anonymous_32)
FNDA:0,(anonymous_33)
FNDA:0,(anonymous_34)
FNDA:0,(anonymous_35)
FNDA:0,(anonymous_36)
FNDA:0,(anonymous_37)
FNDA:0,(anonymous_38)
FNDA:0,(anonymous_39)
FNDA:0,(anonymous_40)
FNDA:0,(anonymous_41)
FNDA:0,(anonymous_42)
FNDA:0,(anonymous_43)
FNDA:0,Stat
DA:26,0
DA:34,0
DA:35,0
DA:36,0
DA:38,0
DA:39,0
DA:40,0
DA:41,0
DA:42,0
DA:43,0
DA:44,0
DA:45,0
DA:46,0
DA:47,0
DA:48,0
DA:50,0
DA:51,0
DA:53,0
DA:55,0
DA:59,0
DA:60,0
DA:61,0
DA:64,0
DA:66,0
DA:68,0
DA:69,0
DA:73,0
DA:74,0
DA:75,0
DA:76,0
DA:77,0
DA:78,0
DA:79,0
DA:81,0
DA:84,0
DA:87,0
DA:88,0
DA:89,0
DA:91,0
DA:94,0
DA:95,0
DA:98,0
DA:99,0
DA:100,0
DA:101,0
DA:103,0
DA:106,0
DA:108,0
DA:111,0
DA:112,0
DA:115,0
DA:116,0
DA:117,0
DA:118,0
DA:121,0
DA:126,0
DA:131,0
DA:134,0
DA:135,0
DA:139,0
DA:142,0
DA:143,0
DA:147,0
DA:148,0
DA:149,0
DA:150,0
DA:153,0
DA:154,0
DA:155,0
DA:156,0
DA:158,0
DA:161,0
DA:162,0
DA:163,0
DA:164,0
DA:166,0
DA:167,0
DA:168,0
DA:169,0
DA:171,0
DA:172,0
DA:173,0
DA:174,0
DA:176,0
DA:185,0
DA:192,0
DA:201,0
DA:214,0
DA:215,0
DA:216,0
DA:222,0
DA:224,0
DA:243,0
DA:251,0
DA:258,0
DA:265,0
DA:292,0
DA:295,0
DA:296,0
DA:311,0
DA:313,0
DA:314,0
DA:315,0
DA:317,0
DA:341,0
LF:105
LH:0
BRDA:35,0,0,0
BRDA:35,0,1,0
BRDA:50,1,0,0
BRDA:50,1,1,0
BRDA:55,2,0,0
BRDA:55,2,1,0
BRDA:74,3,0,0
BRDA:74,3,1,0
BRDA:74,4,0,0
BRDA:74,4,1,0
BRDA:74,4,2,0
BRDA:77,5,0,0
BRDA:77,5,1,0
BRDA:78,6,0,0
BRDA:78,6,1,0
BRDA:79,7,0,0
BRDA:79,7,1,0
BRDA:112,8,0,0
BRDA:112,8,1,0
BRDA:149,9,0,0
BRDA:149,9,1,0
BRDA:155,10,0,0
BRDA:155,10,1,0
BRDA:155,11,0,0
BRDA:155,11,1,0
BRDA:161,12,0,0
BRDA:161,12,1,0
BRDA:163,13,0,0
BRDA:163,13,1,0
BRDA:163,14,0,0
BRDA:163,14,1,0
BRDA:167,15,0,0
BRDA:167,15,1,0
BRDA:168,16,0,0
BRDA:168,16,1,0
BRDA:174,17,0,0
BRDA:174,17,1,0
BRDA:174,17,2,0
BRDA:174,17,3,0
BRDA:196,18,0,0
BRDA:196,18,1,0
BRDA:197,19,0,0
BRDA:197,19,1,0
BRDA:199,20,0,0
BRDA:199,20,1,0
BRDA:226,21,0,0
BRDA:226,21,1,0
BRDA:238,22,0,0
BRDA:238,22,1,0
BRDA:247,23,0,0
BRDA:247,23,1,0
BRDA:269,24,0,0
BRDA:269,24,1,0
BRDA:273,25,0,0
BRDA:273,25,1,0
BRDA:280,26,0,0
BRDA:280,26,1,0
BRDA:284,27,0,0
BRDA:284,27,1,0
BRDA:298,28,0,0
BRDA:298,28,1,0
BRDA:306,29,0,0
BRDA:306,29,1,0
BRDA:309,30,0,0
BRDA:309,30,1,0
BRDA:314,31,0,0
BRDA:314,31,1,0
BRDA:345,32,0,0
BRDA:345,32,1,0
BRF:69
BRH:0
end_of_record
TN:
SF:src/pages/NetworkSearchPage.tsx
FN:67,normalizeSmartText
FN:70,(anonymous_1)
FN:75,smartIncludes
FN:80,(anonymous_3)
FN:83,(anonymous_4)
FN:86,pollDiscoveryResults
FN:94,(anonymous_6)
FN:100,toRowsFromSmart
FN:101,(anonymous_8)
FN:113,toRowsFromDiscovery
FN:114,(anonymous_10)
FN:126,NetworkSearchPage
FN:139,(anonymous_12)
FN:141,(anonymous_13)
FN:146,(anonymous_14)
FN:151,(anonymous_15)
FN:158,(anonymous_16)
FN:160,(anonymous_17)
FN:163,(anonymous_18)
FN:211,(anonymous_19)
FN:276,(anonymous_20)
FN:295,(anonymous_21)
FN:303,(anonymous_22)
FN:322,(anonymous_23)
FN:358,(anonymous_24)
FN:374,(anonymous_25)
FN:392,Input
FN:409,(anonymous_27)
FNF:28
FNH:0
FNDA:0,normalizeSmartText
FNDA:0,(anonymous_1)
FNDA:0,smartIncludes
FNDA:0,(anonymous_3)
FNDA:0,(anonymous_4)
FNDA:0,pollDiscoveryResults
FNDA:0,(anonymous_6)
FNDA:0,toRowsFromSmart
FNDA:0,(anonymous_8)
FNDA:0,toRowsFromDiscovery
FNDA:0,(anonymous_10)
FNDA:0,NetworkSearchPage
FNDA:0,(anonymous_12)
FNDA:0,(anonymous_13)
FNDA:0,(anonymous_14)
FNDA:0,(anonymous_15)
FNDA:0,(anonymous_16)
FNDA:0,(anonymous_17)
FNDA:0,(anonymous_18)
FNDA:0,(anonymous_19)
FNDA:0,(anonymous_20)
FNDA:0,(anonymous_21)
FNDA:0,(anonymous_22)
FNDA:0,(anonymous_23)
FNDA:0,(anonymous_24)
FNDA:0,(anonymous_25)
FNDA:0,Input
FNDA:0,(anonymous_27)
DA:37,0
DA:45,0
DA:53,0
DA:61,0
DA:68,0
DA:70,0
DA:76,0
DA:77,0
DA:78,0
DA:80,0
DA:83,0
DA:90,0
DA:91,0
DA:92,0
DA:93,0
DA:94,0
DA:96,0
DA:97,0
DA:101,0
DA:114,0
DA:127,0
DA:128,0
DA:129,0
DA:130,0
DA:131,0
DA:132,0
DA:133,0
DA:134,0
DA:135,0
DA:136,0
DA:137,0
DA:139,0
DA:140,0
DA:142,0
DA:143,0
DA:151,0
DA:152,0
DA:153,0
DA:154,0
DA:155,0
DA:158,0
DA:159,0
DA:160,0
DA:163,0
DA:164,0
DA:165,0
DA:166,0
DA:167,0
DA:168,0
DA:169,0
DA:175,0
DA:176,0
DA:178,0
DA:179,0
DA:185,0
DA:186,0
DA:188,0
DA:189,0
DA:190,0
DA:191,0
DA:192,0
DA:194,0
DA:195,0
DA:196,0
DA:197,0
DA:198,0
DA:200,0
DA:201,0
DA:202,0
DA:204,0
DA:205,0
DA:207,0
DA:211,0
DA:212,0
DA:213,0
DA:214,0
DA:215,0
DA:216,0
DA:217,0
DA:222,0
DA:224,0
DA:225,0
DA:226,0
DA:227,0
DA:233,0
DA:235,0
DA:236,0
DA:242,0
DA:244,0
DA:245,0
DA:246,0
DA:252,0
DA:254,0
DA:260,0
DA:261,0
DA:263,0
DA:267,0
DA:276,0
DA:295,0
DA:303,0
DA:323,0
DA:324,0
DA:359,0
DA:360,0
DA:374,0
DA:403,0
DA:409,0
LF:107
LH:0
BRDA:70,0,0,0
BRDA:70,0,1,0
BRDA:76,1,0,0
BRDA:76,1,1,0
BRDA:88,2,0,0
BRDA:92,3,0,0
BRDA:92,3,1,0
BRDA:93,4,0,0
BRDA:93,4,1,0
BRDA:116,5,0,0
BRDA:116,5,1,0
BRDA:117,6,0,0
BRDA:117,6,1,0
BRDA:118,7,0,0
BRDA:118,7,1,0
BRDA:119,8,0,0
BRDA:119,8,1,0
BRDA:119,9,0,0
BRDA:119,9,1,0
BRDA:120,10,0,0
BRDA:120,10,1,0
BRDA:120,11,0,0
BRDA:120,11,1,0
BRDA:121,12,0,0
BRDA:121,12,1,0
BRDA:122,13,0,0
BRDA:122,13,1,0
BRDA:142,14,0,0
BRDA:142,14,1,0
BRDA:143,15,0,0
BRDA:143,15,1,0
BRDA:159,16,0,0
BRDA:159,16,1,0
BRDA:160,17,0,0
BRDA:160,17,1,0
BRDA:168,18,0,0
BRDA:168,18,1,0
BRDA:170,19,0,0
BRDA:170,19,1,0
BRDA:171,20,0,0
BRDA:171,20,1,0
BRDA:172,21,0,0
BRDA:172,21,1,0
BRDA:178,22,0,0
BRDA:178,22,1,0
BRDA:180,23,0,0
BRDA:180,23,1,0
BRDA:181,24,0,0
BRDA:181,24,1,0
BRDA:182,25,0,0
BRDA:182,25,1,0
BRDA:188,26,0,0
BRDA:188,26,1,0
BRDA:194,27,0,0
BRDA:194,27,1,0
BRDA:204,28,0,0
BRDA:204,28,1,0
BRDA:212,29,0,0
BRDA:212,29,1,0
BRDA:216,30,0,0
BRDA:216,30,1,0
BRDA:218,31,0,0
BRDA:218,31,1,0
BRDA:224,32,0,0
BRDA:224,32,1,0
BRDA:225,33,0,0
BRDA:225,33,1,0
BRDA:226,34,0,0
BRDA:226,34,1,0
BRDA:228,35,0,0
BRDA:228,35,1,0
BRDA:235,36,0,0
BRDA:235,36,1,0
BRDA:238,37,0,0
BRDA:238,37,1,0
BRDA:239,38,0,0
BRDA:239,38,1,0
BRDA:240,39,0,0
BRDA:240,39,1,0
BRDA:244,40,0,0
BRDA:244,40,1,0
BRDA:245,41,0,0
BRDA:245,41,1,0
BRDA:248,42,0,0
BRDA:248,42,1,0
BRDA:249,43,0,0
BRDA:249,43,1,0
BRDA:250,44,0,0
BRDA:250,44,1,0
BRDA:250,45,0,0
BRDA:250,45,1,0
BRDA:250,45,2,0
BRDA:256,46,0,0
BRDA:256,46,1,0
BRDA:256,46,2,0
BRDA:260,47,0,0
BRDA:260,47,1,0
BRDA:295,48,0,0
BRDA:295,48,1,0
BRDA:318,49,0,0
BRDA:318,49,1,0
BRDA:319,50,0,0
BRDA:319,50,1,0
BRDA:335,51,0,0
BRDA:335,51,1,0
BRDA:346,52,0,0
BRDA:346,52,1,0
BRDA:354,53,0,0
BRDA:354,53,1,0
BRDA:359,54,0,0
BRDA:359,54,1,0
BRDA:363,55,0,0
BRDA:363,55,1,0
BRDA:365,56,0,0
BRDA:365,56,1,0
BRDA:366,57,0,0
BRDA:366,57,1,0
BRDA:372,58,0,0
BRDA:372,58,1,0
BRDA:379,59,0,0
BRDA:379,59,1,0
BRF:121
BRH:0
end_of_record
TN:
SF:src/pages/NotFoundPage.tsx
FN:4,NotFoundPage
FN:21,(anonymous_1)
FN:29,(anonymous_2)
FNF:3
FNH:1
FNDA:1,NotFoundPage
FNDA:0,(anonymous_1)
FNDA:0,(anonymous_2)
DA:5,1
DA:7,1
DA:21,0
DA:29,0
LF:4
LH:2
BRF:0
BRH:0
end_of_record
TN:
SF:src/pages/OneCPage.tsx
FN:11,OneCPage
FN:22,(anonymous_1)
FN:29,(anonymous_2)
FN:41,(anonymous_3)
FN:49,(anonymous_4)
FN:70,(anonymous_5)
FN:81,(anonymous_6)
FN:90,(anonymous_7)
FN:106,(anonymous_8)
FNF:9
FNH:0
FNDA:0,OneCPage
FNDA:0,(anonymous_1)
FNDA:0,(anonymous_2)
FNDA:0,(anonymous_3)
FNDA:0,(anonymous_4)
FNDA:0,(anonymous_5)
FNDA:0,(anonymous_6)
FNDA:0,(anonymous_7)
FNDA:0,(anonymous_8)
DA:12,0
DA:13,0
DA:14,0
DA:15,0
DA:16,0
DA:18,0
DA:22,0
DA:23,0
DA:29,0
DA:35,0
DA:41,0
DA:49,0
DA:70,0
DA:81,0
DA:90,0
DA:106,0
LF:16
LH:0
BRDA:42,0,0,0
BRDA:42,0,1,0
BRDA:50,1,0,0
BRDA:50,1,1,0
BRDA:58,2,0,0
BRDA:58,2,1,0
BRDA:116,3,0,0
BRDA:116,3,1,0
BRDA:120,4,0,0
BRDA:120,4,1,0
BRDA:124,5,0,0
BRDA:124,5,1,0
BRDA:125,6,0,0
BRDA:125,6,1,0
BRDA:127,7,0,0
BRDA:127,7,1,0
BRF:16
BRH:0
end_of_record
TN:
SF:src/pages/QrGeneratorPage.tsx
FN:3,QrGeneratorPage
FNF:1
FNH:0
FNDA:0,QrGeneratorPage
DA:4,0
LF:1
LH:0
BRF:0
BRH:0
end_of_record
TN:
SF:src/pages/SettingsPage.tsx
FN:18,SettingsPage
FN:31,(anonymous_1)
FN:38,(anonymous_2)
FN:43,(anonymous_3)
FN:62,(anonymous_4)
FN:62,(anonymous_5)
FN:67,(anonymous_6)
FN:67,(anonymous_7)
FN:72,(anonymous_8)
FN:72,(anonymous_9)
FN:109,Input
FN:113,(anonymous_11)
FNF:12
FNH:0
FNDA:0,SettingsPage
FNDA:0,(anonymous_1)
FNDA:0,(anonymous_2)
FNDA:0,(anonymous_3)
FNDA:0,(anonymous_4)
FNDA:0,(anonymous_5)
FNDA:0,(anonymous_6)
FNDA:0,(anonymous_7)
FNDA:0,(anonymous_8)
FNDA:0,(anonymous_9)
FNDA:0,Input
FNDA:0,(anonymous_11)
DA:12,0
DA:19,0
DA:21,0
DA:26,0
DA:31,0
DA:32,0
DA:33,0
DA:36,0
DA:39,0
DA:43,0
DA:44,0
DA:47,0
DA:62,0
DA:67,0
DA:72,0
DA:110,0
DA:113,0
LF:17
LH:0
BRDA:32,0,0,0
BRDA:32,0,1,0
BRDA:54,1,0,0
BRDA:54,1,1,0
BRDA:82,2,0,0
BRDA:82,2,1,0
BRDA:85,3,0,0
BRDA:85,3,1,0
BRDA:94,4,0,0
BRDA:94,4,1,0
BRF:10
BRH:0
end_of_record
TN:
SF:src/pages/SwitchesPage.tsx
FN:14,SwitchesPage
FN:29,(anonymous_1)
FN:35,(anonymous_2)
FN:36,(anonymous_3)
FN:37,(anonymous_4)
FN:40,(anonymous_5)
FN:41,(anonymous_6)
FN:48,(anonymous_7)
FN:49,(anonymous_8)
FN:50,(anonymous_9)
FN:57,(anonymous_10)
FN:61,(anonymous_11)
FN:62,(anonymous_12)
FN:65,(anonymous_13)
FN:76,(anonymous_14)
FN:88,(anonymous_15)
FN:95,(anonymous_16)
FN:104,(anonymous_17)
FN:117,(anonymous_18)
FN:118,(anonymous_19)
FN:119,(anonymous_20)
FN:129,(anonymous_21)
FN:133,(anonymous_22)
FN:134,(anonymous_23)
FN:136,(anonymous_24)
FN:148,(anonymous_25)
FN:162,(anonymous_26)
FN:169,(anonymous_27)
FN:176,Stat
FNF:29
FNH:0
FNDA:0,SwitchesPage
FNDA:0,(anonymous_1)
FNDA:0,(anonymous_2)
FNDA:0,(anonymous_3)
FNDA:0,(anonymous_4)
FNDA:0,(anonymous_5)
FNDA:0,(anonymous_6)
FNDA:0,(anonymous_7)
FNDA:0,(anonymous_8)
FNDA:0,(anonymous_9)
FNDA:0,(anonymous_10)
FNDA:0,(anonymous_11)
FNDA:0,(anonymous_12)
FNDA:0,(anonymous_13)
FNDA:0,(anonymous_14)
FNDA:0,(anonymous_15)
FNDA:0,(anonymous_16)
FNDA:0,(anonymous_17)
FNDA:0,(anonymous_18)
FNDA:0,(anonymous_19)
FNDA:0,(anonymous_20)
FNDA:0,(anonymous_21)
FNDA:0,(anonymous_22)
FNDA:0,(anonymous_23)
FNDA:0,(anonymous_24)
FNDA:0,(anonymous_25)
FNDA:0,(anonymous_26)
FNDA:0,(anonymous_27)
FNDA:0,Stat
DA:15,0
DA:16,0
DA:17,0
DA:19,0
DA:20,0
DA:21,0
DA:22,0
DA:23,0
DA:24,0
DA:25,0
DA:27,0
DA:29,0
DA:34,0
DA:35,0
DA:36,0
DA:37,0
DA:38,0
DA:40,0
DA:41,0
DA:42,0
DA:43,0
DA:44,0
DA:47,0
DA:48,0
DA:49,0
DA:51,0
DA:52,0
DA:55,0
DA:57,0
DA:60,0
DA:61,0
DA:62,0
DA:65,0
DA:66,0
DA:67,0
DA:69,0
DA:71,0
DA:72,0
DA:73,0
DA:76,0
DA:77,0
DA:80,0
DA:88,0
DA:95,0
DA:104,0
DA:117,0
DA:118,0
DA:119,0
DA:130,0
DA:133,0
DA:134,0
DA:136,0
DA:148,0
DA:162,0
DA:169,0
DA:191,0
LF:56
LH:0
BRDA:16,0,0,0
BRDA:16,0,1,0
BRDA:29,1,0,0
BRDA:29,1,1,0
BRDA:34,2,0,0
BRDA:34,2,1,0
BRDA:37,3,0,0
BRDA:37,3,1,0
BRDA:37,4,0,0
BRDA:37,4,1,0
BRDA:42,5,0,0
BRDA:42,5,1,0
BRDA:43,6,0,0
BRDA:43,6,1,0
BRDA:66,7,0,0
BRDA:66,7,1,0
BRDA:77,8,0,0
BRDA:77,8,1,0
BRDA:99,9,0,0
BRDA:99,9,1,0
BRDA:100,10,0,0
BRDA:100,10,1,0
BRDA:102,11,0,0
BRDA:102,11,1,0
BRDA:123,12,0,0
BRDA:123,12,1,0
BRDA:127,13,0,0
BRDA:127,13,1,0
BRDA:146,14,0,0
BRDA:146,14,1,0
BRDA:158,15,0,0
BRDA:158,15,1,0
BRDA:160,16,0,0
BRDA:160,16,1,0
BRDA:165,17,0,0
BRDA:165,17,1,0
BRDA:195,18,0,0
BRDA:195,18,1,0
BRF:38
BRH:0
end_of_record
TN:
SF:src/pages/Users.tsx
FN:14,UsersPage
FN:28,(anonymous_1)
FN:40,(anonymous_2)
FN:45,(anonymous_3)
FN:49,(anonymous_4)
FN:51,(anonymous_5)
FN:57,(anonymous_6)
FN:62,(anonymous_7)
FN:65,(anonymous_8)
FN:74,(anonymous_9)
FN:79,(anonymous_10)
FN:86,(anonymous_11)
FN:99,(anonymous_12)
FN:105,(anonymous_13)
FN:120,(anonymous_14)
FN:124,(anonymous_15)
FN:148,(anonymous_16)
FN:186,(anonymous_17)
FN:194,(anonymous_18)
FN:215,(anonymous_19)
FN:216,(anonymous_20)
FNF:21
FNH:0
FNDA:0,UsersPage
FNDA:0,(anonymous_1)
FNDA:0,(anonymous_2)
FNDA:0,(anonymous_3)
FNDA:0,(anonymous_4)
FNDA:0,(anonymous_5)
FNDA:0,(anonymous_6)
FNDA:0,(anonymous_7)
FNDA:0,(anonymous_8)
FNDA:0,(anonymous_9)
FNDA:0,(anonymous_10)
FNDA:0,(anonymous_11)
FNDA:0,(anonymous_12)
FNDA:0,(anonymous_13)
FNDA:0,(anonymous_14)
FNDA:0,(anonymous_15)
FNDA:0,(anonymous_16)
FNDA:0,(anonymous_17)
FNDA:0,(anonymous_18)
FNDA:0,(anonymous_19)
FNDA:0,(anonymous_20)
DA:15,0
DA:16,0
DA:18,0
DA:19,0
DA:20,0
DA:21,0
DA:23,0
DA:28,0
DA:29,0
DA:30,0
DA:31,0
DA:32,0
DA:33,0
DA:35,0
DA:38,0
DA:41,0
DA:42,0
DA:43,0
DA:45,0
DA:48,0
DA:49,0
DA:52,0
DA:53,0
DA:54,0
DA:55,0
DA:57,0
DA:60,0
DA:62,0
DA:65,0
DA:66,0
DA:67,0
DA:68,0
DA:72,0
DA:73,0
DA:74,0
DA:76,0
DA:77,0
DA:79,0
DA:80,0
DA:81,0
DA:82,0
DA:83,0
DA:84,0
DA:86,0
DA:87,0
DA:88,0
DA:91,0
DA:99,0
DA:105,0
DA:120,0
DA:124,0
DA:149,0
DA:186,0
DA:194,0
DA:215,0
DA:217,0
DA:218,0
DA:219,0
DA:221,0
LF:59
LH:0
BRDA:29,0,0,0
BRDA:29,0,1,0
BRDA:29,1,0,0
BRDA:29,1,1,0
BRDA:29,1,2,0
BRDA:32,2,0,0
BRDA:32,2,1,0
BRDA:33,3,0,0
BRDA:33,3,1,0
BRDA:66,4,0,0
BRDA:66,4,1,0
BRDA:67,5,0,0
BRDA:67,5,1,0
BRDA:72,6,0,0
BRDA:72,6,1,0
BRDA:77,7,0,0
BRDA:77,7,1,0
BRDA:80,8,0,0
BRDA:80,8,1,0
BRDA:83,9,0,0
BRDA:83,9,1,0
BRDA:87,10,0,0
BRDA:87,10,1,0
BRDA:129,11,0,0
BRDA:129,11,1,0
BRDA:133,12,0,0
BRDA:133,12,1,0
BRDA:152,13,0,0
BRDA:152,13,1,0
BRDA:153,14,0,0
BRDA:153,14,1,0
BRDA:161,15,0,0
BRDA:161,15,1,0
BRDA:162,16,0,0
BRDA:162,16,1,0
BRDA:173,17,0,0
BRDA:173,17,1,0
BRDA:173,18,0,0
BRDA:173,18,1,0
BRDA:192,19,0,0
BRDA:192,19,1,0
BRDA:210,20,0,0
BRDA:210,20,1,0
BRDA:213,21,0,0
BRDA:213,21,1,0
BRDA:218,22,0,0
BRDA:218,22,1,0
BRF:47
BRH:0
end_of_record
TN:
SF:src/test/server.ts
FNF:0
FNH:0
DA:3,5
LF:1
LH:1
BRF:0
BRH:0
end_of_record
